FIT:    data read from '1636-54_DNu_Nu1.dat' using 1:2:($3-$4)/2.0
        format = x:z:s
        x range restricted to [600.000 : 1100.00]
        #datapoints = 11
function used for fitting: f(x)
	f(x)=y0+A*sqrt(2/pi)/w*exp(-2*((x-xc)/w)**2)
fitted parameters initialized with current variable values

iter      chisq       delta/lim  lambda   y0            A             xc            w            
   0 9.0881535378e+00   0.00e+00  2.67e+01    2.462171e+02   1.626936e+04   6.803744e+02   1.433975e+02
   5 8.5437070418e+00  -1.12e-01  2.67e-04    2.442426e+02   1.743132e+04   6.797840e+02   1.522909e+02

After 5 iterations the fit converged.
final sum of squares of residuals : 8.54371
rel. change during last iteration : -1.11872e-06

degrees of freedom    (FIT_NDF)                        : 7
rms of residuals      (FIT_STDFIT) = sqrt(WSSR/ndf)    : 1.10478
variance of residuals (reduced chisquare) = WSSR/ndf   : 1.22053
p-value of the Chisq distribution (FIT_P)              : 0.287096

Final set of parameters            Asymptotic Standard Error
=======================            ==========================
y0              = 244.243          +/- 3.273        (1.34%)
A               = 17431.3          +/- 3090         (17.73%)
xc              = 679.784          +/- 10.09        (1.484%)
w               = 152.291          +/- 29.28        (19.23%)

correlation matrix of the fit parameters:
                y0     A      xc     w      
y0              1.000 
A              -0.809  1.000 
xc              0.181 -0.369  1.000 
w              -0.723  0.926 -0.518  1.000 
