

*******************************************************************************
Thu Dec  8 11:40:35 2016


FIT:    data read from '1608-52_DNu_Nu1.dat' using 1:2:($3-$4)/2.0 yerrors
        format = x:z:s
        x range restricted to [400.000 : 1000.00]
        #datapoints = 13
function used for fitting: f(x)
	f(x)=y0+sqrt(2/pi)*A1/w1*exp(-2*(x-xc1)**2/w1**2)+sqrt(2/pi)*A2/w2*exp(-2*(x-xc2)**2/w2**2)
fitted parameters initialized with current variable values

iter      chisq       delta/lim  lambda   y0            A1            w1            xc1           A2            w2            xc2          
   0 2.0209620642e+00   0.00e+00  2.04e+01    1.178635e+02   2.159946e+05   8.152595e+02   3.954953e+02   3.906015e+03   6.392655e+01   7.174730e+02
   1 2.0209595895e+00  -1.22e-01  2.04e+00    1.178629e+02   2.159931e+05   8.152629e+02   3.954938e+02   3.906011e+03   6.392650e+01   7.174730e+02

After 1 iterations the fit converged.
final sum of squares of residuals : 2.02096
rel. change during last iteration : -1.2245e-06

degrees of freedom    (FIT_NDF)                        : 6
rms of residuals      (FIT_STDFIT) = sqrt(WSSR/ndf)    : 0.580368
variance of residuals (reduced chisquare) = WSSR/ndf   : 0.336827
p-value of the Chisq distribution (FIT_P)              : 0.917761

Final set of parameters            Asymptotic Standard Error
=======================            ==========================
y0              = 117.863          +/- 319.1        (270.7%)
A1              = 215993           +/- 6.168e+05    (285.6%)
w1              = 815.263          +/- 1064         (130.5%)
xc1             = 395.494          +/- 139.2        (35.2%)
A2              = 3906.01          +/- 1123         (28.76%)
w2              = 63.9265          +/- 12.61        (19.73%)
xc2             = 717.473          +/- 4.277        (0.5961%)

correlation matrix of the fit parameters:
                y0     A1     w1     xc1    A2     w2     xc2    
y0              1.000 
A1             -0.999  1.000 
w1             -0.997  0.999  1.000 
xc1             0.958 -0.968 -0.975  1.000 
A2              0.844 -0.847 -0.851  0.804  1.000 
w2              0.715 -0.720 -0.725  0.690  0.834  1.000 
xc2             0.328 -0.341 -0.352  0.388  0.318  0.342  1.000 


*******************************************************************************
Thu Dec  8 11:40:36 2016


FIT:    data read from '1608-52_DNu_Nu1.dat' using 1:2:($3-$4)/2.0
        format = x:z:s
        x range restricted to [400.000 : 1000.00]
        #datapoints = 13
function used for fitting: f(x)
	f(x)=y0+2*A1/pi*w1/(4*(x-xc1)**2+w1**2)+2*A2/pi*w2/(4*(x-xc2)**2+w2**2)
fitted parameters initialized with current variable values

iter      chisq       delta/lim  lambda   y0            A1            w1            xc1           A2            w2            xc2          
   0 2.0701775010e+00   0.00e+00  2.10e+01    1.827339e+02   1.149738e+04   1.013243e+02   7.170428e+02   9.933704e+04   4.526120e+02   4.794394e+02
   1 2.0701735014e+00  -1.93e-01  2.10e+00    1.827312e+02   1.149734e+04   1.013245e+02   7.170466e+02   9.933651e+04   4.526132e+02   4.794404e+02

After 1 iterations the fit converged.
final sum of squares of residuals : 2.07017
rel. change during last iteration : -1.932e-06

degrees of freedom    (FIT_NDF)                        : 6
rms of residuals      (FIT_STDFIT) = sqrt(WSSR/ndf)    : 0.587392
variance of residuals (reduced chisquare) = WSSR/ndf   : 0.345029
p-value of the Chisq distribution (FIT_P)              : 0.913133

Final set of parameters            Asymptotic Standard Error
=======================            ==========================
y0              = 182.731          +/- 24.8         (13.57%)
A1              = 11497.3          +/- 4241         (36.88%)
w1              = 101.325          +/- 25.05        (24.72%)
xc1             = 717.047          +/- 4.529        (0.6317%)
A2              = 99336.5          +/- 5.813e+04    (58.52%)
w2              = 452.613          +/- 188.3        (41.61%)
xc2             = 479.44           +/- 23.78        (4.959%)

correlation matrix of the fit parameters:
                y0     A1     w1     xc1    A2     w2     xc2    
y0              1.000 
A1              0.520  1.000 
w1              0.376  0.926  1.000 
xc1            -0.571 -0.224 -0.122  1.000 
A2             -0.947 -0.749 -0.601  0.484  1.000 
w2             -0.901 -0.812 -0.664  0.435  0.992  1.000 
xc2             0.843  0.712  0.551 -0.323 -0.940 -0.949  1.000 


*******************************************************************************
Tue Dec 20 16:05:15 2016


FIT:    data read from '1608-52_DNu_Nu1.dat' using 1:2:($3-$4)/2.0 yerrors
        format = x:z:s
        x range restricted to [400.000 : 1000.00]
        #datapoints = 13
function used for fitting: f(x)
	f(x)=y0+A*sqrt(2/pi)/w*exp(-2*((x-xc)/w)**2)
fitted parameters initialized with current variable values

iter      chisq       delta/lim  lambda   y0            A             w             xc           
   0 2.2772446982e+01   0.00e+00  1.31e+03   -9.540238e+03   8.491886e+07   6.867833e+03   4.040102e+02
   2 2.2766372813e+01  -9.21e-03  1.31e+01   -9.540285e+03   8.491848e+07   6.867867e+03   4.040102e+02

After 2 iterations the fit converged.
final sum of squares of residuals : 22.7664
rel. change during last iteration : -9.21355e-08

degrees of freedom    (FIT_NDF)                        : 9
rms of residuals      (FIT_STDFIT) = sqrt(WSSR/ndf)    : 1.59047
variance of residuals (reduced chisquare) = WSSR/ndf   : 2.5296
p-value of the Chisq distribution (FIT_P)              : 0.00674288

Final set of parameters            Asymptotic Standard Error
=======================            ==========================
y0              = -9540.29         +/- 2.405e+06    (2.521e+04%)
A               = 8.49185e+07      +/- 3.115e+10    (3.669e+04%)
w               = 6867.87          +/- 8.459e+05    (1.232e+04%)
xc              = 404.01           +/- 276.9        (68.55%)

correlation matrix of the fit parameters:
                y0     A      w      xc     
y0              1.000 
A              -1.000  1.000 
w              -1.000  1.000  1.000 
xc              0.886 -0.886 -0.887  1.000 


*******************************************************************************
Tue Dec 20 16:05:17 2016


FIT:    data read from '1608-52_DNu_Nu1.dat' using 1:2:($3-$4)/2.0
        format = x:z:s
        x range restricted to [400.000 : 1000.00]
        #datapoints = 13
function used for fitting: f(x)
	f(x)=y0+2*A1/pi*w1/(4*(x-xc1)**2+w1**2)+2*A2/pi*w2/(4*(x-xc2)**2+w2**2)
fitted parameters initialized with current variable values

iter      chisq       delta/lim  lambda   y0            A1            w1            xc1           A2            w2            xc2          
   0 2.0701775010e+00   0.00e+00  2.10e+01    1.827339e+02   1.149738e+04   1.013243e+02   7.170428e+02   9.933704e+04   4.526120e+02   4.794394e+02
   1 2.0701735014e+00  -1.93e-01  2.10e+00    1.827312e+02   1.149734e+04   1.013245e+02   7.170466e+02   9.933651e+04   4.526132e+02   4.794404e+02

After 1 iterations the fit converged.
final sum of squares of residuals : 2.07017
rel. change during last iteration : -1.932e-06

degrees of freedom    (FIT_NDF)                        : 6
rms of residuals      (FIT_STDFIT) = sqrt(WSSR/ndf)    : 0.587392
variance of residuals (reduced chisquare) = WSSR/ndf   : 0.345029
p-value of the Chisq distribution (FIT_P)              : 0.913133

Final set of parameters            Asymptotic Standard Error
=======================            ==========================
y0              = 182.731          +/- 24.8         (13.57%)
A1              = 11497.3          +/- 4241         (36.88%)
w1              = 101.325          +/- 25.05        (24.72%)
xc1             = 717.047          +/- 4.529        (0.6317%)
A2              = 99336.5          +/- 5.813e+04    (58.52%)
w2              = 452.613          +/- 188.3        (41.61%)
xc2             = 479.44           +/- 23.78        (4.959%)

correlation matrix of the fit parameters:
                y0     A1     w1     xc1    A2     w2     xc2    
y0              1.000 
A1              0.520  1.000 
w1              0.376  0.926  1.000 
xc1            -0.571 -0.224 -0.122  1.000 
A2             -0.947 -0.749 -0.601  0.484  1.000 
w2             -0.901 -0.812 -0.664  0.435  0.992  1.000 
xc2             0.843  0.712  0.551 -0.323 -0.940 -0.949  1.000 


*******************************************************************************
Tue Dec 20 16:05:20 2016


FIT:    data read from '1608-52_DNu_Nu1.dat' using 1:2:($3-$4)/2.0 yerrors
        format = x:z:s
        x range restricted to [400.000 : 1000.00]
        #datapoints = 13
function used for fitting: f(x)
	f(x)=y0+sqrt(2/pi)*A1/w1*exp(-2*(x-xc1)**2/w1**2)+sqrt(2/pi)*A2/w2*exp(-2*(x-xc2)**2/w2**2)
fitted parameters initialized with current variable values

iter      chisq       delta/lim  lambda   y0            A1            w1            xc1           A2            w2            xc2          
   0 2.0209620642e+00   0.00e+00  2.04e+01    1.178635e+02   2.159946e+05   8.152595e+02   3.954953e+02   3.906015e+03   6.392655e+01   7.174730e+02
   1 2.0209595895e+00  -1.22e-01  2.04e+00    1.178629e+02   2.159931e+05   8.152629e+02   3.954938e+02   3.906011e+03   6.392650e+01   7.174730e+02

After 1 iterations the fit converged.
final sum of squares of residuals : 2.02096
rel. change during last iteration : -1.2245e-06

degrees of freedom    (FIT_NDF)                        : 6
rms of residuals      (FIT_STDFIT) = sqrt(WSSR/ndf)    : 0.580368
variance of residuals (reduced chisquare) = WSSR/ndf   : 0.336827
p-value of the Chisq distribution (FIT_P)              : 0.917761

Final set of parameters            Asymptotic Standard Error
=======================            ==========================
y0              = 117.863          +/- 319.1        (270.7%)
A1              = 215993           +/- 6.168e+05    (285.6%)
w1              = 815.263          +/- 1064         (130.5%)
xc1             = 395.494          +/- 139.2        (35.2%)
A2              = 3906.01          +/- 1123         (28.76%)
w2              = 63.9265          +/- 12.61        (19.73%)
xc2             = 717.473          +/- 4.277        (0.5961%)

correlation matrix of the fit parameters:
                y0     A1     w1     xc1    A2     w2     xc2    
y0              1.000 
A1             -0.999  1.000 
w1             -0.997  0.999  1.000 
xc1             0.958 -0.968 -0.975  1.000 
A2              0.844 -0.847 -0.851  0.804  1.000 
w2              0.715 -0.720 -0.725  0.690  0.834  1.000 
xc2             0.328 -0.341 -0.352  0.388  0.318  0.342  1.000 


*******************************************************************************
Tue Dec 20 16:05:23 2016


FIT:    data read from '1608-52_DNu_Nu1.dat' using 1:2:($3-$4)/2.0
        format = x:z:s
        x range restricted to [400.000 : 1000.00]
        #datapoints = 13
function used for fitting: f(x)
	f(x)=y0+2*A1/pi*w1/(4*(x-xc1)**2+w1**2)+2*A2/pi*w2/(4*(x-xc2)**2+w2**2)
fitted parameters initialized with current variable values

iter      chisq       delta/lim  lambda   y0            A1            w1            xc1           A2            w2            xc2          
   0 2.0701775010e+00   0.00e+00  2.10e+01    1.827339e+02   1.149738e+04   1.013243e+02   7.170428e+02   9.933704e+04   4.526120e+02   4.794394e+02
   1 2.0701735014e+00  -1.93e-01  2.10e+00    1.827312e+02   1.149734e+04   1.013245e+02   7.170466e+02   9.933651e+04   4.526132e+02   4.794404e+02

After 1 iterations the fit converged.
final sum of squares of residuals : 2.07017
rel. change during last iteration : -1.932e-06

degrees of freedom    (FIT_NDF)                        : 6
rms of residuals      (FIT_STDFIT) = sqrt(WSSR/ndf)    : 0.587392
variance of residuals (reduced chisquare) = WSSR/ndf   : 0.345029
p-value of the Chisq distribution (FIT_P)              : 0.913133

Final set of parameters            Asymptotic Standard Error
=======================            ==========================
y0              = 182.731          +/- 24.8         (13.57%)
A1              = 11497.3          +/- 4241         (36.88%)
w1              = 101.325          +/- 25.05        (24.72%)
xc1             = 717.047          +/- 4.529        (0.6317%)
A2              = 99336.5          +/- 5.813e+04    (58.52%)
w2              = 452.613          +/- 188.3        (41.61%)
xc2             = 479.44           +/- 23.78        (4.959%)

correlation matrix of the fit parameters:
                y0     A1     w1     xc1    A2     w2     xc2    
y0              1.000 
A1              0.520  1.000 
w1              0.376  0.926  1.000 
xc1            -0.571 -0.224 -0.122  1.000 
A2             -0.947 -0.749 -0.601  0.484  1.000 
w2             -0.901 -0.812 -0.664  0.435  0.992  1.000 
xc2             0.843  0.712  0.551 -0.323 -0.940 -0.949  1.000 


*******************************************************************************
Tue Dec 20 16:11:57 2016


FIT:    data read from '1608-52_DNu_Nu1.dat' using 1:2:($3-$4)/2.0 yerrors
        format = x:z:s
        x range restricted to [400.000 : 1000.00]
        #datapoints = 13
function used for fitting: f(x)
	f(x)=y0+A*sqrt(2/pi)/w*exp(-2*((x-xc)/w)**2)
fitted parameters initialized with current variable values

iter      chisq       delta/lim  lambda   y0            A             w             xc           
   0 2.2772446982e+01   0.00e+00  1.31e+03   -9.540238e+03   8.491886e+07   6.867833e+03   4.040102e+02
   2 2.2766372813e+01  -9.21e-03  1.31e+01   -9.540285e+03   8.491848e+07   6.867867e+03   4.040102e+02

After 2 iterations the fit converged.
final sum of squares of residuals : 22.7664
rel. change during last iteration : -9.21355e-08

degrees of freedom    (FIT_NDF)                        : 9
rms of residuals      (FIT_STDFIT) = sqrt(WSSR/ndf)    : 1.59047
variance of residuals (reduced chisquare) = WSSR/ndf   : 2.5296
p-value of the Chisq distribution (FIT_P)              : 0.00674288

Final set of parameters            Asymptotic Standard Error
=======================            ==========================
y0              = -9540.29         +/- 2.405e+06    (2.521e+04%)
A               = 8.49185e+07      +/- 3.115e+10    (3.669e+04%)
w               = 6867.87          +/- 8.459e+05    (1.232e+04%)
xc              = 404.01           +/- 276.9        (68.55%)

correlation matrix of the fit parameters:
                y0     A      w      xc     
y0              1.000 
A              -1.000  1.000 
w              -1.000  1.000  1.000 
xc              0.886 -0.886 -0.887  1.000 


*******************************************************************************
Tue Dec 20 16:11:59 2016


FIT:    data read from '1608-52_DNu_Nu1.dat' using 1:2:($3-$4)/2.0
        format = x:z:s
        x range restricted to [400.000 : 1000.00]
        #datapoints = 13
function used for fitting: f(x)
	f(x)=y0+2*A/pi*w/(4*(x-xc)**2+w**2)
fitted parameters initialized with current variable values

iter      chisq       delta/lim  lambda   y0            A             w             xc           
   0 2.2826049204e+01   0.00e+00  1.63e+03   -1.190616e+04   2.073892e+08   1.079408e+04   4.044249e+02
   2 2.2786950512e+01  -5.91e-02  1.63e+01   -1.190627e+04   2.073873e+08   1.079419e+04   4.044249e+02

After 2 iterations the fit converged.
final sum of squares of residuals : 22.787
rel. change during last iteration : -5.90813e-07

degrees of freedom    (FIT_NDF)                        : 9
rms of residuals      (FIT_STDFIT) = sqrt(WSSR/ndf)    : 1.59119
variance of residuals (reduced chisquare) = WSSR/ndf   : 2.53188
p-value of the Chisq distribution (FIT_P)              : 0.00669294

Final set of parameters            Asymptotic Standard Error
=======================            ==========================
y0              = -11906.3         +/- 1.856e+06    (1.558e+04%)
A               = 2.07387e+08      +/- 4.741e+10    (2.286e+04%)
w               = 10794.2          +/- 8.311e+05    (7699%)
xc              = 404.425          +/- 276          (68.25%)

correlation matrix of the fit parameters:
                y0     A      w      xc     
y0              1.000 
A              -1.000  1.000 
w              -1.000  1.000  1.000 
xc              0.886 -0.886 -0.888  1.000 


*******************************************************************************
Tue Dec 20 16:12:01 2016


FIT:    data read from '1608-52_DNu_Nu1.dat' using 1:2:($3-$4)/2.0 yerrors
        format = x:z:s
        x range restricted to [400.000 : 1000.00]
        #datapoints = 13
function used for fitting: f(x)
	f(x)=y0+sqrt(2/pi)*A1/w1*exp(-2*(x-xc1)**2/w1**2)+sqrt(2/pi)*A2/w2*exp(-2*(x-xc2)**2/w2**2)
fitted parameters initialized with current variable values

iter      chisq       delta/lim  lambda   y0            A1            w1            xc1           A2            w2            xc2          
   0 2.0209620642e+00   0.00e+00  2.04e+01    1.178635e+02   2.159946e+05   8.152595e+02   3.954953e+02   3.906015e+03   6.392655e+01   7.174730e+02
   1 2.0209595895e+00  -1.22e-01  2.04e+00    1.178629e+02   2.159931e+05   8.152629e+02   3.954938e+02   3.906011e+03   6.392650e+01   7.174730e+02

After 1 iterations the fit converged.
final sum of squares of residuals : 2.02096
rel. change during last iteration : -1.2245e-06

degrees of freedom    (FIT_NDF)                        : 6
rms of residuals      (FIT_STDFIT) = sqrt(WSSR/ndf)    : 0.580368
variance of residuals (reduced chisquare) = WSSR/ndf   : 0.336827
p-value of the Chisq distribution (FIT_P)              : 0.917761

Final set of parameters            Asymptotic Standard Error
=======================            ==========================
y0              = 117.863          +/- 319.1        (270.7%)
A1              = 215993           +/- 6.168e+05    (285.6%)
w1              = 815.263          +/- 1064         (130.5%)
xc1             = 395.494          +/- 139.2        (35.2%)
A2              = 3906.01          +/- 1123         (28.76%)
w2              = 63.9265          +/- 12.61        (19.73%)
xc2             = 717.473          +/- 4.277        (0.5961%)

correlation matrix of the fit parameters:
                y0     A1     w1     xc1    A2     w2     xc2    
y0              1.000 
A1             -0.999  1.000 
w1             -0.997  0.999  1.000 
xc1             0.958 -0.968 -0.975  1.000 
A2              0.844 -0.847 -0.851  0.804  1.000 
w2              0.715 -0.720 -0.725  0.690  0.834  1.000 
xc2             0.328 -0.341 -0.352  0.388  0.318  0.342  1.000 


*******************************************************************************
Tue Dec 20 16:12:04 2016


FIT:    data read from '1608-52_DNu_Nu1.dat' using 1:2:($3-$4)/2.0
        format = x:z:s
        x range restricted to [400.000 : 1000.00]
        #datapoints = 13
function used for fitting: f(x)
	f(x)=y0+2*A1/pi*w1/(4*(x-xc1)**2+w1**2)+2*A2/pi*w2/(4*(x-xc2)**2+w2**2)
fitted parameters initialized with current variable values

iter      chisq       delta/lim  lambda   y0            A1            w1            xc1           A2            w2            xc2          
   0 2.0701775010e+00   0.00e+00  2.10e+01    1.827339e+02   1.149738e+04   1.013243e+02   7.170428e+02   9.933704e+04   4.526120e+02   4.794394e+02
   1 2.0701735014e+00  -1.93e-01  2.10e+00    1.827312e+02   1.149734e+04   1.013245e+02   7.170466e+02   9.933651e+04   4.526132e+02   4.794404e+02

After 1 iterations the fit converged.
final sum of squares of residuals : 2.07017
rel. change during last iteration : -1.932e-06

degrees of freedom    (FIT_NDF)                        : 6
rms of residuals      (FIT_STDFIT) = sqrt(WSSR/ndf)    : 0.587392
variance of residuals (reduced chisquare) = WSSR/ndf   : 0.345029
p-value of the Chisq distribution (FIT_P)              : 0.913133

Final set of parameters            Asymptotic Standard Error
=======================            ==========================
y0              = 182.731          +/- 24.8         (13.57%)
A1              = 11497.3          +/- 4241         (36.88%)
w1              = 101.325          +/- 25.05        (24.72%)
xc1             = 717.047          +/- 4.529        (0.6317%)
A2              = 99336.5          +/- 5.813e+04    (58.52%)
w2              = 452.613          +/- 188.3        (41.61%)
xc2             = 479.44           +/- 23.78        (4.959%)

correlation matrix of the fit parameters:
                y0     A1     w1     xc1    A2     w2     xc2    
y0              1.000 
A1              0.520  1.000 
w1              0.376  0.926  1.000 
xc1            -0.571 -0.224 -0.122  1.000 
A2             -0.947 -0.749 -0.601  0.484  1.000 
w2             -0.901 -0.812 -0.664  0.435  0.992  1.000 
xc2             0.843  0.712  0.551 -0.323 -0.940 -0.949  1.000 


*******************************************************************************
Tue Dec 20 16:15:56 2016


FIT:    data read from '1608-52_DNu_Nu1.dat' using 1:2:($3-$4)/2.0 yerrors
        format = x:z:s
        x range restricted to [400.000 : 1000.00]
        #datapoints = 13
function used for fitting: f(x)
	f(x)=y0+A*sqrt(2/pi)/w*exp(-2*((x-xc)/w)**2)
fitted parameters initialized with current variable values

iter      chisq       delta/lim  lambda   y0            A             w             xc           
   0 2.2772446982e+01   0.00e+00  1.31e+03   -9.540238e+03   8.491886e+07   6.867833e+03   4.040102e+02
   2 2.2766372813e+01  -9.21e-03  1.31e+01   -9.540285e+03   8.491848e+07   6.867867e+03   4.040102e+02

After 2 iterations the fit converged.
final sum of squares of residuals : 22.7664
rel. change during last iteration : -9.21355e-08

degrees of freedom    (FIT_NDF)                        : 9
rms of residuals      (FIT_STDFIT) = sqrt(WSSR/ndf)    : 1.59047
variance of residuals (reduced chisquare) = WSSR/ndf   : 2.5296
p-value of the Chisq distribution (FIT_P)              : 0.00674288

Final set of parameters            Asymptotic Standard Error
=======================            ==========================
y0              = -9540.29         +/- 2.405e+06    (2.521e+04%)
A               = 8.49185e+07      +/- 3.115e+10    (3.669e+04%)
w               = 6867.87          +/- 8.459e+05    (1.232e+04%)
xc              = 404.01           +/- 276.9        (68.55%)

correlation matrix of the fit parameters:
                y0     A      w      xc     
y0              1.000 
A              -1.000  1.000 
w              -1.000  1.000  1.000 
xc              0.886 -0.886 -0.887  1.000 


*******************************************************************************
Tue Dec 20 16:15:58 2016


FIT:    data read from '1608-52_DNu_Nu1.dat' using 1:2:($3-$4)/2.0
        format = x:z:s
        x range restricted to [400.000 : 1000.00]
        #datapoints = 13
function used for fitting: f(x)
	f(x)=y0+2*A/pi*w/(4*(x-xc)**2+w**2)
fitted parameters initialized with current variable values

iter      chisq       delta/lim  lambda   y0            A             w             xc           
   0 2.2826049204e+01   0.00e+00  1.63e+03   -1.190616e+04   2.073892e+08   1.079408e+04   4.044249e+02
   2 2.2786950512e+01  -5.91e-02  1.63e+01   -1.190627e+04   2.073873e+08   1.079419e+04   4.044249e+02

After 2 iterations the fit converged.
final sum of squares of residuals : 22.787
rel. change during last iteration : -5.90813e-07

degrees of freedom    (FIT_NDF)                        : 9
rms of residuals      (FIT_STDFIT) = sqrt(WSSR/ndf)    : 1.59119
variance of residuals (reduced chisquare) = WSSR/ndf   : 2.53188
p-value of the Chisq distribution (FIT_P)              : 0.00669294

Final set of parameters            Asymptotic Standard Error
=======================            ==========================
y0              = -11906.3         +/- 1.856e+06    (1.558e+04%)
A               = 2.07387e+08      +/- 4.741e+10    (2.286e+04%)
w               = 10794.2          +/- 8.311e+05    (7699%)
xc              = 404.425          +/- 276          (68.25%)

correlation matrix of the fit parameters:
                y0     A      w      xc     
y0              1.000 
A              -1.000  1.000 
w              -1.000  1.000  1.000 
xc              0.886 -0.886 -0.888  1.000 


*******************************************************************************
Tue Dec 20 16:16:00 2016


FIT:    data read from '1608-52_DNu_Nu1.dat' using 1:2:($3-$4)/2.0 yerrors
        format = x:z:s
        x range restricted to [400.000 : 1000.00]
        #datapoints = 13
function used for fitting: f(x)
	f(x)=y0+sqrt(2/pi)*A1/w1*exp(-2*(x-xc1)**2/w1**2)+sqrt(2/pi)*A2/w2*exp(-2*(x-xc2)**2/w2**2)
fitted parameters initialized with current variable values

iter      chisq       delta/lim  lambda   y0            A1            w1            xc1           A2            w2            xc2          
   0 2.0209620642e+00   0.00e+00  2.04e+01    1.178635e+02   2.159946e+05   8.152595e+02   3.954953e+02   3.906015e+03   6.392655e+01   7.174730e+02
   1 2.0209595895e+00  -1.22e-01  2.04e+00    1.178629e+02   2.159931e+05   8.152629e+02   3.954938e+02   3.906011e+03   6.392650e+01   7.174730e+02

After 1 iterations the fit converged.
final sum of squares of residuals : 2.02096
rel. change during last iteration : -1.2245e-06

degrees of freedom    (FIT_NDF)                        : 6
rms of residuals      (FIT_STDFIT) = sqrt(WSSR/ndf)    : 0.580368
variance of residuals (reduced chisquare) = WSSR/ndf   : 0.336827
p-value of the Chisq distribution (FIT_P)              : 0.917761

Final set of parameters            Asymptotic Standard Error
=======================            ==========================
y0              = 117.863          +/- 319.1        (270.7%)
A1              = 215993           +/- 6.168e+05    (285.6%)
w1              = 815.263          +/- 1064         (130.5%)
xc1             = 395.494          +/- 139.2        (35.2%)
A2              = 3906.01          +/- 1123         (28.76%)
w2              = 63.9265          +/- 12.61        (19.73%)
xc2             = 717.473          +/- 4.277        (0.5961%)

correlation matrix of the fit parameters:
                y0     A1     w1     xc1    A2     w2     xc2    
y0              1.000 
A1             -0.999  1.000 
w1             -0.997  0.999  1.000 
xc1             0.958 -0.968 -0.975  1.000 
A2              0.844 -0.847 -0.851  0.804  1.000 
w2              0.715 -0.720 -0.725  0.690  0.834  1.000 
xc2             0.328 -0.341 -0.352  0.388  0.318  0.342  1.000 


*******************************************************************************
Tue Dec 20 16:16:03 2016


FIT:    data read from '1608-52_DNu_Nu1.dat' using 1:2:($3-$4)/2.0
        format = x:z:s
        x range restricted to [400.000 : 1000.00]
        #datapoints = 13
function used for fitting: f(x)
	f(x)=y0+2*A1/pi*w1/(4*(x-xc1)**2+w1**2)+2*A2/pi*w2/(4*(x-xc2)**2+w2**2)
fitted parameters initialized with current variable values

iter      chisq       delta/lim  lambda   y0            A1            w1            xc1           A2            w2            xc2          
   0 2.0701775010e+00   0.00e+00  2.10e+01    1.827337e+02   1.149727e+04   1.013236e+02   7.170428e+02   9.933802e+04   4.526155e+02   4.794390e+02
   1 2.0701735013e+00  -1.93e-01  2.10e+00    1.827309e+02   1.149722e+04   1.013238e+02   7.170466e+02   9.933749e+04   4.526167e+02   4.794400e+02

After 1 iterations the fit converged.
final sum of squares of residuals : 2.07017
rel. change during last iteration : -1.93208e-06

degrees of freedom    (FIT_NDF)                        : 6
rms of residuals      (FIT_STDFIT) = sqrt(WSSR/ndf)    : 0.587392
variance of residuals (reduced chisquare) = WSSR/ndf   : 0.345029
p-value of the Chisq distribution (FIT_P)              : 0.913133

Final set of parameters            Asymptotic Standard Error
=======================            ==========================
y0              = 182.731          +/- 24.8         (13.57%)
A1              = 11497.2          +/- 4241         (36.88%)
w1              = 101.324          +/- 25.05        (24.72%)
xc1             = 717.047          +/- 4.529        (0.6317%)
A2              = 99337.5          +/- 5.813e+04    (58.52%)
w2              = 452.617          +/- 188.3        (41.61%)
xc2             = 479.44           +/- 23.78        (4.959%)

correlation matrix of the fit parameters:
                y0     A1     w1     xc1    A2     w2     xc2    
y0              1.000 
A1              0.520  1.000 
w1              0.376  0.926  1.000 
xc1            -0.571 -0.224 -0.122  1.000 
A2             -0.947 -0.749 -0.601  0.484  1.000 
w2             -0.901 -0.812 -0.664  0.435  0.992  1.000 
xc2             0.843  0.712  0.551 -0.323 -0.940 -0.949  1.000 


*******************************************************************************
Tue Dec 20 16:30:07 2016


FIT:    data read from '1608-52_DNu_Nu1.dat' using 1:2:($3-$4)/2.0 yerrors
        format = x:z:s
        x range restricted to [400.000 : 1000.00]
        #datapoints = 13
function used for fitting: f(x)
	f(x)=y0+A*sqrt(2/pi)/w*exp(-2*((x-xc)/w)**2)
fitted parameters initialized with current variable values

iter      chisq       delta/lim  lambda   y0            A             w             xc           
   0 2.2772446982e+01   0.00e+00  1.31e+03   -9.540238e+03   8.491886e+07   6.867833e+03   4.040102e+02
   2 2.2766372813e+01  -9.21e-03  1.31e+01   -9.540285e+03   8.491848e+07   6.867867e+03   4.040102e+02

After 2 iterations the fit converged.
final sum of squares of residuals : 22.7664
rel. change during last iteration : -9.21355e-08

degrees of freedom    (FIT_NDF)                        : 9
rms of residuals      (FIT_STDFIT) = sqrt(WSSR/ndf)    : 1.59047
variance of residuals (reduced chisquare) = WSSR/ndf   : 2.5296
p-value of the Chisq distribution (FIT_P)              : 0.00674288

Final set of parameters            Asymptotic Standard Error
=======================            ==========================
y0              = -9540.29         +/- 2.405e+06    (2.521e+04%)
A               = 8.49185e+07      +/- 3.115e+10    (3.669e+04%)
w               = 6867.87          +/- 8.459e+05    (1.232e+04%)
xc              = 404.01           +/- 276.9        (68.55%)

correlation matrix of the fit parameters:
                y0     A      w      xc     
y0              1.000 
A              -1.000  1.000 
w              -1.000  1.000  1.000 
xc              0.886 -0.886 -0.887  1.000 


*******************************************************************************
Tue Dec 20 16:30:09 2016


FIT:    data read from '1608-52_DNu_Nu1.dat' using 1:2:($3-$4)/2.0
        format = x:z:s
        x range restricted to [400.000 : 1000.00]
        #datapoints = 13
function used for fitting: f(x)
	f(x)=y0+2*A/pi*w/(4*(x-xc)**2+w**2)
fitted parameters initialized with current variable values

iter      chisq       delta/lim  lambda   y0            A             w             xc           
   0 2.2826049204e+01   0.00e+00  1.63e+03   -1.190616e+04   2.073892e+08   1.079408e+04   4.044249e+02
   2 2.2786950512e+01  -5.91e-02  1.63e+01   -1.190627e+04   2.073873e+08   1.079419e+04   4.044249e+02

After 2 iterations the fit converged.
final sum of squares of residuals : 22.787
rel. change during last iteration : -5.90813e-07

degrees of freedom    (FIT_NDF)                        : 9
rms of residuals      (FIT_STDFIT) = sqrt(WSSR/ndf)    : 1.59119
variance of residuals (reduced chisquare) = WSSR/ndf   : 2.53188
p-value of the Chisq distribution (FIT_P)              : 0.00669294

Final set of parameters            Asymptotic Standard Error
=======================            ==========================
y0              = -11906.3         +/- 1.856e+06    (1.558e+04%)
A               = 2.07387e+08      +/- 4.741e+10    (2.286e+04%)
w               = 10794.2          +/- 8.311e+05    (7699%)
xc              = 404.425          +/- 276          (68.25%)

correlation matrix of the fit parameters:
                y0     A      w      xc     
y0              1.000 
A              -1.000  1.000 
w              -1.000  1.000  1.000 
xc              0.886 -0.886 -0.888  1.000 


*******************************************************************************
Tue Dec 20 16:30:11 2016


FIT:    data read from '1608-52_DNu_Nu1.dat' using 1:2:($3-$4)/2.0 yerrors
        format = x:z:s
        x range restricted to [400.000 : 1000.00]
        #datapoints = 13
function used for fitting: f(x)
	f(x)=y0+sqrt(2/pi)*A1/w1*exp(-2*(x-xc1)**2/w1**2)+sqrt(2/pi)*A2/w2*exp(-2*(x-xc2)**2/w2**2)
fitted parameters initialized with current variable values

iter      chisq       delta/lim  lambda   y0            A1            w1            xc1           A2            w2            xc2          
   0 2.0209620642e+00   0.00e+00  2.04e+01    1.178635e+02   2.159946e+05   8.152595e+02   3.954953e+02   3.906015e+03   6.392655e+01   7.174730e+02
   1 2.0209595895e+00  -1.22e-01  2.04e+00    1.178629e+02   2.159931e+05   8.152629e+02   3.954938e+02   3.906011e+03   6.392650e+01   7.174730e+02

After 1 iterations the fit converged.
final sum of squares of residuals : 2.02096
rel. change during last iteration : -1.2245e-06

degrees of freedom    (FIT_NDF)                        : 6
rms of residuals      (FIT_STDFIT) = sqrt(WSSR/ndf)    : 0.580368
variance of residuals (reduced chisquare) = WSSR/ndf   : 0.336827
p-value of the Chisq distribution (FIT_P)              : 0.917761

Final set of parameters            Asymptotic Standard Error
=======================            ==========================
y0              = 117.863          +/- 319.1        (270.7%)
A1              = 215993           +/- 6.168e+05    (285.6%)
w1              = 815.263          +/- 1064         (130.5%)
xc1             = 395.494          +/- 139.2        (35.2%)
A2              = 3906.01          +/- 1123         (28.76%)
w2              = 63.9265          +/- 12.61        (19.73%)
xc2             = 717.473          +/- 4.277        (0.5961%)

correlation matrix of the fit parameters:
                y0     A1     w1     xc1    A2     w2     xc2    
y0              1.000 
A1             -0.999  1.000 
w1             -0.997  0.999  1.000 
xc1             0.958 -0.968 -0.975  1.000 
A2              0.844 -0.847 -0.851  0.804  1.000 
w2              0.715 -0.720 -0.725  0.690  0.834  1.000 
xc2             0.328 -0.341 -0.352  0.388  0.318  0.342  1.000 


*******************************************************************************
Tue Dec 20 16:30:14 2016


FIT:    data read from '1608-52_DNu_Nu1.dat' using 1:2:($3-$4)/2.0
        format = x:z:s
        x range restricted to [400.000 : 1000.00]
        #datapoints = 13
function used for fitting: f(x)
	f(x)=y0+2*A1/pi*w1/(4*(x-xc1)**2+w1**2)+2*A2/pi*w2/(4*(x-xc2)**2+w2**2)
fitted parameters initialized with current variable values

iter      chisq       delta/lim  lambda   y0            A1            w1            xc1           A2            w2            xc2          
   0 2.0701775010e+00   0.00e+00  2.10e+01    1.827337e+02   1.149727e+04   1.013236e+02   7.170428e+02   9.933802e+04   4.526155e+02   4.794390e+02
   1 2.0701735013e+00  -1.93e-01  2.10e+00    1.827309e+02   1.149722e+04   1.013238e+02   7.170466e+02   9.933749e+04   4.526167e+02   4.794400e+02

After 1 iterations the fit converged.
final sum of squares of residuals : 2.07017
rel. change during last iteration : -1.93208e-06

degrees of freedom    (FIT_NDF)                        : 6
rms of residuals      (FIT_STDFIT) = sqrt(WSSR/ndf)    : 0.587392
variance of residuals (reduced chisquare) = WSSR/ndf   : 0.345029
p-value of the Chisq distribution (FIT_P)              : 0.913133

Final set of parameters            Asymptotic Standard Error
=======================            ==========================
y0              = 182.731          +/- 24.8         (13.57%)
A1              = 11497.2          +/- 4241         (36.88%)
w1              = 101.324          +/- 25.05        (24.72%)
xc1             = 717.047          +/- 4.529        (0.6317%)
A2              = 99337.5          +/- 5.813e+04    (58.52%)
w2              = 452.617          +/- 188.3        (41.61%)
xc2             = 479.44           +/- 23.78        (4.959%)

correlation matrix of the fit parameters:
                y0     A1     w1     xc1    A2     w2     xc2    
y0              1.000 
A1              0.520  1.000 
w1              0.376  0.926  1.000 
xc1            -0.571 -0.224 -0.122  1.000 
A2             -0.947 -0.749 -0.601  0.484  1.000 
w2             -0.901 -0.812 -0.664  0.435  0.992  1.000 
xc2             0.843  0.712  0.551 -0.323 -0.940 -0.949  1.000 


*******************************************************************************
Tue May 23 16:33:29 2017


FIT:    data read from '1608-52_DNu_Nu1.dat' using 1:2:($3-$4)/2.0 yerrors
        format = x:z:s
        x range restricted to [400.000 : 1000.00]
        #datapoints = 13
function used for fitting: f(x)
	f(x)=y0+A*sqrt(2/pi)/w*exp(-2*((x-xc)/w)**2)
fitted parameters initialized with current variable values

iter      chisq       delta/lim  lambda   y0            A             w             xc           
   0 2.2772446982e+01   0.00e+00  1.31e+03   -9.540238e+03   8.491886e+07   6.867833e+03   4.040102e+02
   2 2.2766372813e+01  -9.21e-03  1.31e+01   -9.540285e+03   8.491848e+07   6.867867e+03   4.040102e+02

After 2 iterations the fit converged.
final sum of squares of residuals : 22.7664
rel. change during last iteration : -9.21355e-08

degrees of freedom    (FIT_NDF)                        : 9
rms of residuals      (FIT_STDFIT) = sqrt(WSSR/ndf)    : 1.59047
variance of residuals (reduced chisquare) = WSSR/ndf   : 2.5296
p-value of the Chisq distribution (FIT_P)              : 0.00674288

Final set of parameters            Asymptotic Standard Error
=======================            ==========================
y0              = -9540.29         +/- 2.405e+06    (2.521e+04%)
A               = 8.49185e+07      +/- 3.115e+10    (3.669e+04%)
w               = 6867.87          +/- 8.459e+05    (1.232e+04%)
xc              = 404.01           +/- 276.9        (68.55%)

correlation matrix of the fit parameters:
                y0     A      w      xc     
y0              1.000 
A              -1.000  1.000 
w              -1.000  1.000  1.000 
xc              0.886 -0.886 -0.887  1.000 


*******************************************************************************
Tue May 23 16:33:29 2017


FIT:    data read from '1608-52_DNu_Nu1.dat' using 1:2:($3-$4)/2.0
        format = x:z:s
        x range restricted to [400.000 : 1000.00]
        #datapoints = 13
function used for fitting: f(x)
	f(x)=y0+2*A/pi*w/(4*(x-xc)**2+w**2)
fitted parameters initialized with current variable values

iter      chisq       delta/lim  lambda   y0            A             w             xc           
   0 2.2826049204e+01   0.00e+00  1.63e+03   -1.190616e+04   2.073892e+08   1.079408e+04   4.044249e+02
   2 2.2786950512e+01  -5.91e-02  1.63e+01   -1.190627e+04   2.073873e+08   1.079419e+04   4.044249e+02

After 2 iterations the fit converged.
final sum of squares of residuals : 22.787
rel. change during last iteration : -5.90813e-07

degrees of freedom    (FIT_NDF)                        : 9
rms of residuals      (FIT_STDFIT) = sqrt(WSSR/ndf)    : 1.59119
variance of residuals (reduced chisquare) = WSSR/ndf   : 2.53188
p-value of the Chisq distribution (FIT_P)              : 0.00669294

Final set of parameters            Asymptotic Standard Error
=======================            ==========================
y0              = -11906.3         +/- 1.856e+06    (1.558e+04%)
A               = 2.07387e+08      +/- 4.741e+10    (2.286e+04%)
w               = 10794.2          +/- 8.311e+05    (7699%)
xc              = 404.425          +/- 276          (68.25%)

correlation matrix of the fit parameters:
                y0     A      w      xc     
y0              1.000 
A              -1.000  1.000 
w              -1.000  1.000  1.000 
xc              0.886 -0.886 -0.888  1.000 


*******************************************************************************
Tue May 23 16:33:30 2017


FIT:    data read from '1608-52_DNu_Nu1.dat' using 1:2:($3-$4)/2.0 yerrors
        format = x:z:s
        x range restricted to [400.000 : 1000.00]
        #datapoints = 13
function used for fitting: f(x)
	f(x)=y0+sqrt(2/pi)*A1/w1*exp(-2*(x-xc1)**2/w1**2)+sqrt(2/pi)*A2/w2*exp(-2*(x-xc2)**2/w2**2)
fitted parameters initialized with current variable values

iter      chisq       delta/lim  lambda   y0            A1            w1            xc1           A2            w2            xc2          
   0 2.0209620642e+00   0.00e+00  2.04e+01    1.178635e+02   2.159946e+05   8.152595e+02   3.954953e+02   3.906015e+03   6.392655e+01   7.174730e+02
   1 2.0209595895e+00  -1.22e-01  2.04e+00    1.178629e+02   2.159931e+05   8.152629e+02   3.954938e+02   3.906011e+03   6.392650e+01   7.174730e+02

After 1 iterations the fit converged.
final sum of squares of residuals : 2.02096
rel. change during last iteration : -1.2245e-06

degrees of freedom    (FIT_NDF)                        : 6
rms of residuals      (FIT_STDFIT) = sqrt(WSSR/ndf)    : 0.580368
variance of residuals (reduced chisquare) = WSSR/ndf   : 0.336827
p-value of the Chisq distribution (FIT_P)              : 0.917761

Final set of parameters            Asymptotic Standard Error
=======================            ==========================
y0              = 117.863          +/- 319.1        (270.7%)
A1              = 215993           +/- 6.168e+05    (285.6%)
w1              = 815.263          +/- 1064         (130.5%)
xc1             = 395.494          +/- 139.2        (35.2%)
A2              = 3906.01          +/- 1123         (28.76%)
w2              = 63.9265          +/- 12.61        (19.73%)
xc2             = 717.473          +/- 4.277        (0.5961%)

correlation matrix of the fit parameters:
                y0     A1     w1     xc1    A2     w2     xc2    
y0              1.000 
A1             -0.999  1.000 
w1             -0.997  0.999  1.000 
xc1             0.958 -0.968 -0.975  1.000 
A2              0.844 -0.847 -0.851  0.804  1.000 
w2              0.715 -0.720 -0.725  0.690  0.834  1.000 
xc2             0.328 -0.341 -0.352  0.388  0.318  0.342  1.000 


*******************************************************************************
Tue May 23 16:33:31 2017


FIT:    data read from '1608-52_DNu_Nu1.dat' using 1:2:($3-$4)/2.0
        format = x:z:s
        x range restricted to [400.000 : 1000.00]
        #datapoints = 13
function used for fitting: f(x)
	f(x)=y0+2*A1/pi*w1/(4*(x-xc1)**2+w1**2)+2*A2/pi*w2/(4*(x-xc2)**2+w2**2)
fitted parameters initialized with current variable values

iter      chisq       delta/lim  lambda   y0            A1            w1            xc1           A2            w2            xc2          
   0 2.0701775010e+00   0.00e+00  2.10e+01    1.827337e+02   1.149727e+04   1.013236e+02   7.170428e+02   9.933802e+04   4.526155e+02   4.794390e+02
   1 2.0701735013e+00  -1.93e-01  2.10e+00    1.827309e+02   1.149722e+04   1.013238e+02   7.170466e+02   9.933749e+04   4.526167e+02   4.794400e+02

After 1 iterations the fit converged.
final sum of squares of residuals : 2.07017
rel. change during last iteration : -1.93208e-06

degrees of freedom    (FIT_NDF)                        : 6
rms of residuals      (FIT_STDFIT) = sqrt(WSSR/ndf)    : 0.587392
variance of residuals (reduced chisquare) = WSSR/ndf   : 0.345029
p-value of the Chisq distribution (FIT_P)              : 0.913133

Final set of parameters            Asymptotic Standard Error
=======================            ==========================
y0              = 182.731          +/- 24.8         (13.57%)
A1              = 11497.2          +/- 4241         (36.88%)
w1              = 101.324          +/- 25.05        (24.72%)
xc1             = 717.047          +/- 4.529        (0.6317%)
A2              = 99337.5          +/- 5.813e+04    (58.52%)
w2              = 452.617          +/- 188.3        (41.61%)
xc2             = 479.44           +/- 23.78        (4.959%)

correlation matrix of the fit parameters:
                y0     A1     w1     xc1    A2     w2     xc2    
y0              1.000 
A1              0.520  1.000 
w1              0.376  0.926  1.000 
xc1            -0.571 -0.224 -0.122  1.000 
A2             -0.947 -0.749 -0.601  0.484  1.000 
w2             -0.901 -0.812 -0.664  0.435  0.992  1.000 
xc2             0.843  0.712  0.551 -0.323 -0.940 -0.949  1.000 
