

*******************************************************************************
Thu Jun 23 16:03:15 2016


FIT:    data read from 'Aql_X_1_Flux_QPO.dat' using 1:2
        format = x:z
        #datapoints = 5463
        residuals are weighted equally (unit weight)

function used for fitting: Nu_1(x)
	Nu_1(x)=Deltanu*(sqrt(4.0+(2.0/Delta)*((AlfvenFrequency(x)/Deltanu)-1.0))-1.0)
	AlfvenFrequency(x)=sqrt(Gravitational_Constant*Mass_Star/(AlfvenRadius(x)**3.0))/(2.0*pi)
	AlfvenRadius(x)=((Gravitational_Constant*Mass)**(-1.0/7.0))*((Mdot(x))**(-2.0/7.0))*(Magnetic_Moment**(4.0/7.0))
	Mdot(x)=(Luminosity(x)*Radius)/(Gravitational_Constant.Mass_Star)
	Luminosity(x)=4.0*pi*(Distance**2.0)*x
fitted parameters initialized with current variable values



*******************************************************************************
Thu Jun 23 16:03:55 2016


FIT:    data read from "Aql_X_1_Flux_QPO.dat" using 1:2
        format = x:z
        #datapoints = 5463
        residuals are weighted equally (unit weight)

function used for fitting: Nu_1(x)
	Nu_1(x)=Deltanu*(sqrt(4.0+(2.0/Delta)*((AlfvenFrequency(x)/Deltanu)-1.0))-1.0)
	AlfvenFrequency(x)=sqrt(Gravitational_Constant*Mass_Star/(AlfvenRadius(x)**3.0))/(2.0*pi)
	AlfvenRadius(x)=((Gravitational_Constant*Mass)**(-1.0/7.0))*((Mdot(x))**(-2.0/7.0))*(Magnetic_Moment**(4.0/7.0))
	Mdot(x)=(Luminosity(x)*Radius)/(Gravitational_Constant.Mass_Star)
	Luminosity(x)=4.0*pi*(Distance**2.0)*x
fitted parameters initialized with current variable values



*******************************************************************************
Thu Jun 23 16:04:22 2016


FIT:    data read from "Aql_X_1_Flux_QPO.dat" using 1:2
        format = x:z
        #datapoints = 5463
        residuals are weighted equally (unit weight)

function used for fitting: Nu_1(x)
	Nu_1(x)=a*(sqrt(4.0+(2.0/b)*((AlfvenFrequency(x)/a)-1.0))-1.0)
	AlfvenFrequency(x)=sqrt(Gravitational_Constant*Mass_Star/(AlfvenRadius(x)**3.0))/(2.0*pi)
	AlfvenRadius(x)=((Gravitational_Constant*Mass)**(-1.0/7.0))*((Mdot(x))**(-2.0/7.0))*(Magnetic_Moment**(4.0/7.0))
	Mdot(x)=(Luminosity(x)*Radius)/(Gravitational_Constant.Mass_Star)
	Luminosity(x)=4.0*pi*(Distance**2.0)*x
fitted parameters initialized with current variable values



*******************************************************************************
Thu Jun 23 16:05:02 2016


FIT:    data read from "Aql_X_1_Flux_QPO.dat" using 1:2
        format = x:z
        #datapoints = 5463
        residuals are weighted equally (unit weight)

function used for fitting: Nu_1(x)
	Nu_1(x)=a*(sqrt(4.0+(2.0/b)*((AlfvenFrequency(x)/a)-1.0))-1.0)
	AlfvenFrequency(x)=sqrt(Gravitational_Constant*Mass_Star/(AlfvenRadius(x)**3.0))/(2.0*pi)
	AlfvenRadius(x)=((Gravitational_Constant*Mass)**(-1.0/7.0))*((Mdot(x))**(-2.0/7.0))*(Magnetic_Moment**(4.0/7.0))
	Mdot(x)=(Luminosity(x)*Radius)/(Gravitational_Constant*Mass_Star)
	Luminosity(x)=4.0*pi*(Distance**2.0)*x
fitted parameters initialized with current variable values

iter      chisq       delta/lim  lambda   a             b            
   0 3.8255575824e+09   0.00e+00  5.79e-01    1.000000e+00   1.000000e+00
   3 1.7687258197e+07  -9.09e-07  5.79e-04    8.357730e+02   8.780685e+02

After 3 iterations the fit converged.
final sum of squares of residuals : 1.76873e+07
rel. change during last iteration : -9.09331e-12

degrees of freedom    (FIT_NDF)                        : 5461
rms of residuals      (FIT_STDFIT) = sqrt(WSSR/ndf)    : 56.9107
variance of residuals (reduced chisquare) = WSSR/ndf   : 3238.83

Final set of parameters            Asymptotic Standard Error
=======================            ==========================
a               = 835.773          +/- 3.283e+07    (3.928e+06%)
b               = 878.069          +/- 6.057e+10    (6.898e+09%)

correlation matrix of the fit parameters:
                a      b      
a               1.000 
b              -1.000  1.000 


*******************************************************************************
Thu Jun 23 16:06:46 2016


FIT:    data read from "Aql_X_1_Flux_QPO.dat" using 1:2
        format = x:z
        #datapoints = 5463
        residuals are weighted equally (unit weight)

function used for fitting: Nu_1(x)
	Nu_1(x)=a*(sqrt(4.0+(2.0/b)*((AlfvenFrequency(x)/a)-1.0))-1.0)
	AlfvenFrequency(x)=sqrt(Gravitational_Constant*Mass_Star/(AlfvenRadius(x)**3.0))/(2.0*pi)
	AlfvenRadius(x)=((Gravitational_Constant*Mass)**(-1.0/7.0))*((Mdot(x))**(-2.0/7.0))*(Magnetic_Moment**(4.0/7.0))
	Mdot(x)=(Luminosity(x)*Radius)/(Gravitational_Constant*Mass_Star)
	Luminosity(x)=4.0*pi*(Distance**2.0)*x
fitted parameters initialized with current variable values

iter      chisq       delta/lim  lambda   a             b            
   0 3.8255575824e+09   0.00e+00  5.79e-01    1.000000e+00   1.000000e+00
   3 1.7687258197e+07  -9.09e-07  5.79e-04    8.357730e+02   8.780685e+02

After 3 iterations the fit converged.
final sum of squares of residuals : 1.76873e+07
rel. change during last iteration : -9.09331e-12

degrees of freedom    (FIT_NDF)                        : 5461
rms of residuals      (FIT_STDFIT) = sqrt(WSSR/ndf)    : 56.9107
variance of residuals (reduced chisquare) = WSSR/ndf   : 3238.83

Final set of parameters            Asymptotic Standard Error
=======================            ==========================
a               = 835.773          +/- 3.283e+07    (3.928e+06%)
b               = 878.069          +/- 6.057e+10    (6.898e+09%)

correlation matrix of the fit parameters:
                a      b      
a               1.000 
b              -1.000  1.000 


*******************************************************************************
Thu Jun 23 16:09:20 2016


FIT:    data read from "Aql_X_1_Flux_QPO.dat" using 1:2
        format = x:z
        #datapoints = 5463
        residuals are weighted equally (unit weight)

function used for fitting: Nu_1(x)
	Nu_1(x)=a*(sqrt(4.0+(2.0/b)*((AlfvenFrequency(x)/a)-1.0))-1.0)
	AlfvenFrequency(x)=sqrt(Gravitational_Constant*Mass_Star/(AlfvenRadius(x)**3.0))/(2.0*pi)
	AlfvenRadius(x)=((Gravitational_Constant*Mass)**(-1.0/7.0))*((Mdot(x))**(-2.0/7.0))*(Magnetic_Moment**(4.0/7.0))
	Mdot(x)=(Luminosity(x)*Radius)/(Gravitational_Constant*Mass_Star)
	Luminosity(x)=4.0*pi*(Distance**2.0)*x
fitted parameters initialized with current variable values

iter      chisq       delta/lim  lambda   a             b            
   0 3.8255575824e+09   0.00e+00  5.79e-01    1.000000e+00   1.000000e+00
   3 1.7687258197e+07  -9.09e-07  5.79e-04    8.357730e+02   8.780685e+02

After 3 iterations the fit converged.
final sum of squares of residuals : 1.76873e+07
rel. change during last iteration : -9.09331e-12

degrees of freedom    (FIT_NDF)                        : 5461
rms of residuals      (FIT_STDFIT) = sqrt(WSSR/ndf)    : 56.9107
variance of residuals (reduced chisquare) = WSSR/ndf   : 3238.83

Final set of parameters            Asymptotic Standard Error
=======================            ==========================
a               = 835.773          +/- 3.283e+07    (3.928e+06%)
b               = 878.069          +/- 6.057e+10    (6.898e+09%)

correlation matrix of the fit parameters:
                a      b      
a               1.000 
b              -1.000  1.000 


*******************************************************************************
Thu Jun 23 16:09:29 2016


FIT:    data read from "Aql_X_1_Flux_QPO.dat" using 1:2
        format = x:z
        #datapoints = 5463
        residuals are weighted equally (unit weight)

function used for fitting: Nu_1(x)
	Nu_1(x)=a*(sqrt(4.0+(2.0/b)*((AlfvenFrequency(x)/a)-1.0))-1.0)
	AlfvenFrequency(x)=sqrt(Gravitational_Constant*Mass_Star/(AlfvenRadius(x)**3.0))/(2.0*pi)
	AlfvenRadius(x)=((Gravitational_Constant*Mass)**(-1.0/7.0))*((Mdot(x))**(-2.0/7.0))*(Magnetic_Moment**(4.0/7.0))
	Mdot(x)=(Luminosity(x)*Radius)/(Gravitational_Constant*Mass_Star)
	Luminosity(x)=4.0*pi*(Distance**2.0)*x
fitted parameters initialized with current variable values

iter      chisq       delta/lim  lambda   a             b            
   0 3.8255575824e+09   0.00e+00  5.79e-01    1.000000e+00   1.000000e+00
   3 1.7687258197e+07  -9.09e-07  5.79e-04    8.357730e+02   8.780685e+02

After 3 iterations the fit converged.
final sum of squares of residuals : 1.76873e+07
rel. change during last iteration : -9.09331e-12

degrees of freedom    (FIT_NDF)                        : 5461
rms of residuals      (FIT_STDFIT) = sqrt(WSSR/ndf)    : 56.9107
variance of residuals (reduced chisquare) = WSSR/ndf   : 3238.83

Final set of parameters            Asymptotic Standard Error
=======================            ==========================
a               = 835.773          +/- 3.283e+07    (3.928e+06%)
b               = 878.069          +/- 6.057e+10    (6.898e+09%)

correlation matrix of the fit parameters:
                a      b      
a               1.000 
b              -1.000  1.000 


*******************************************************************************
Thu Jun 23 16:09:35 2016


FIT:    data read from "Aql_X_1_Flux_QPO.dat" using 1:2
        format = x:z
        #datapoints = 5463
        residuals are weighted equally (unit weight)

function used for fitting: Nu_1(x)
	Nu_1(x)=a*(sqrt(4.0+(2.0/b)*((AlfvenFrequency(x)/a)-1.0))-1.0)
	AlfvenFrequency(x)=sqrt(Gravitational_Constant*Mass_Star/(AlfvenRadius(x)**3.0))/(2.0*pi)
	AlfvenRadius(x)=((Gravitational_Constant*Mass)**(-1.0/7.0))*((Mdot(x))**(-2.0/7.0))*(Magnetic_Moment**(4.0/7.0))
	Mdot(x)=(Luminosity(x)*Radius)/(Gravitational_Constant*Mass_Star)
	Luminosity(x)=4.0*pi*(Distance**2.0)*x
fitted parameters initialized with current variable values

iter      chisq       delta/lim  lambda   a             b            
   0 3.8255575824e+09   0.00e+00  5.79e-01    1.000000e+00   1.000000e+00
   3 1.7687258197e+07  -9.09e-07  5.79e-04    8.357730e+02   8.780685e+02

After 3 iterations the fit converged.
final sum of squares of residuals : 1.76873e+07
rel. change during last iteration : -9.09331e-12

degrees of freedom    (FIT_NDF)                        : 5461
rms of residuals      (FIT_STDFIT) = sqrt(WSSR/ndf)    : 56.9107
variance of residuals (reduced chisquare) = WSSR/ndf   : 3238.83

Final set of parameters            Asymptotic Standard Error
=======================            ==========================
a               = 835.773          +/- 3.283e+07    (3.928e+06%)
b               = 878.069          +/- 6.057e+10    (6.898e+09%)

correlation matrix of the fit parameters:
                a      b      
a               1.000 
b              -1.000  1.000 


*******************************************************************************
Thu Jun 23 16:09:35 2016


FIT:    data read from "Aql_X_1_Flux_QPO.dat" using 1:2
        format = x:z
        #datapoints = 5463
        residuals are weighted equally (unit weight)

function used for fitting: y(x)
	y(x)=c*(x**d)+e*(x**f)+g*(x**h)+i
fitted parameters initialized with current variable values

iter      chisq       delta/lim  lambda   c             d             e             f             g             h             i            
   0 3.8202163695e+09   0.00e+00  3.78e-01    1.000000e+00   1.000000e+00   1.000000e+00   1.000000e+00   1.000000e+00   1.000000e+00   1.000000e+00
   2 1.7687258194e+07  -1.47e-02  3.78e-02    1.004375e+00   9.178803e-01   1.004375e+00   9.178803e-01   1.004375e+00   9.178803e-01   8.352970e+02

After 2 iterations the fit converged.
final sum of squares of residuals : 1.76873e+07
rel. change during last iteration : -1.47234e-07

degrees of freedom    (FIT_NDF)                        : 5456
rms of residuals      (FIT_STDFIT) = sqrt(WSSR/ndf)    : 56.9368
variance of residuals (reduced chisquare) = WSSR/ndf   : 3241.8

Final set of parameters            Asymptotic Standard Error
=======================            ==========================
c               = 1.00437          +/- 1.508e+25    (1.501e+27%)
d               = 0.91788          +/- 1.724e+24    (1.878e+26%)
e               = 1.00437          +/- 3.002e+46    (2.989e+48%)
f               = 0.91788          +/- 1.713e+24    (1.866e+26%)
g               = 1.00437          +/- 3.002e+46    (2.989e+48%)
h               = 0.91788          +/- 3.527e+22    (3.843e+24%)
i               = 835.297          +/- 5.097        (0.6102%)

correlation matrix of the fit parameters:
                c      d      e      f      g      h      i      
c               1.000 
d               1.401  1.000 
e              539.769  0.004  1.000 
f              -1.863 -1.000 -0.005  1.000 
g              -539.769 -0.004 -1.000  0.005  1.000 
h              21.997 -0.324  0.040  0.306 -0.040  1.000 
i               3.994 -0.319  0.009  0.321 -0.009  0.008  1.000 


*******************************************************************************
Thu Jun 23 16:10:14 2016


FIT:    data read from "Aql_X_1_Flux_QPO.dat" using 1:2
        format = x:z
        #datapoints = 5463
        residuals are weighted equally (unit weight)

function used for fitting: Nu_1(x)
	Nu_1(x)=a*(sqrt(4.0+(2.0/b)*((AlfvenFrequency(x)/a)-1.0))-1.0)
	AlfvenFrequency(x)=sqrt(Gravitational_Constant*Mass_Star/(AlfvenRadius(x)**3.0))/(2.0*pi)
	AlfvenRadius(x)=((Gravitational_Constant*Mass)**(-1.0/7.0))*((Mdot(x))**(-2.0/7.0))*(Magnetic_Moment**(4.0/7.0))
	Mdot(x)=(Luminosity(x)*Radius)/(Gravitational_Constant*Mass_Star)
	Luminosity(x)=4.0*pi*(Distance**2.0)*x
fitted parameters initialized with current variable values

iter      chisq       delta/lim  lambda   a             b            
   0 3.8255575824e+09   0.00e+00  5.79e-01    1.000000e+00   1.000000e+00
   3 1.7687258197e+07  -9.09e-07  5.79e-04    8.357730e+02   8.780685e+02

After 3 iterations the fit converged.
final sum of squares of residuals : 1.76873e+07
rel. change during last iteration : -9.09331e-12

degrees of freedom    (FIT_NDF)                        : 5461
rms of residuals      (FIT_STDFIT) = sqrt(WSSR/ndf)    : 56.9107
variance of residuals (reduced chisquare) = WSSR/ndf   : 3238.83

Final set of parameters            Asymptotic Standard Error
=======================            ==========================
a               = 835.773          +/- 3.283e+07    (3.928e+06%)
b               = 878.069          +/- 6.057e+10    (6.898e+09%)

correlation matrix of the fit parameters:
                a      b      
a               1.000 
b              -1.000  1.000 


*******************************************************************************
Thu Jun 23 16:10:14 2016


FIT:    data read from "Aql_X_1_Flux_QPO.dat" using 1:2
        format = x:z
        #datapoints = 5463
        residuals are weighted equally (unit weight)

function used for fitting: y(x)
	y(x)=c*(x**d)+e*(x**f)+g*(x**h)+i
fitted parameters initialized with current variable values

iter      chisq       delta/lim  lambda   c             d             e             f             g             h             i            
   0 3.8202163695e+09   0.00e+00  3.78e-01    1.000000e+00   1.000000e+00   1.000000e+00   1.000000e+00   1.000000e+00   1.000000e+00   1.000000e+00
   2 1.7687258194e+07  -1.47e-02  3.78e-02    1.004375e+00   9.178803e-01   1.004375e+00   9.178803e-01   1.004375e+00   9.178803e-01   8.352970e+02

After 2 iterations the fit converged.
final sum of squares of residuals : 1.76873e+07
rel. change during last iteration : -1.47234e-07

degrees of freedom    (FIT_NDF)                        : 5456
rms of residuals      (FIT_STDFIT) = sqrt(WSSR/ndf)    : 56.9368
variance of residuals (reduced chisquare) = WSSR/ndf   : 3241.8

Final set of parameters            Asymptotic Standard Error
=======================            ==========================
c               = 1.00437          +/- 1.508e+25    (1.501e+27%)
d               = 0.91788          +/- 1.724e+24    (1.878e+26%)
e               = 1.00437          +/- 3.002e+46    (2.989e+48%)
f               = 0.91788          +/- 1.713e+24    (1.866e+26%)
g               = 1.00437          +/- 3.002e+46    (2.989e+48%)
h               = 0.91788          +/- 3.527e+22    (3.843e+24%)
i               = 835.297          +/- 5.097        (0.6102%)

correlation matrix of the fit parameters:
                c      d      e      f      g      h      i      
c               1.000 
d               1.401  1.000 
e              539.769  0.004  1.000 
f              -1.863 -1.000 -0.005  1.000 
g              -539.769 -0.004 -1.000  0.005  1.000 
h              21.997 -0.324  0.040  0.306 -0.040  1.000 
i               3.994 -0.319  0.009  0.321 -0.009  0.008  1.000 


*******************************************************************************
Thu Jun 23 16:35:04 2016


FIT:    data read from "Aql_X_1_Flux_QPO.dat" using 1:2
        format = x:z
        #datapoints = 5463
        residuals are weighted equally (unit weight)

function used for fitting: Nu_1(x)
	Nu_1(x)=a*(sqrt(4.0+(2.0/b)*((AlfvenFrequency(x)/a)-1.0))-1.0)
	AlfvenFrequency(x)=sqrt(Gravitational_Constant*Mass_Star/(AlfvenRadius(x)**3.0))/(2.0*pi)
	AlfvenRadius(x)=((Gravitational_Constant*Mass)**(-1.0/7.0))*((Mdot(x))**(-2.0/7.0))*(Magnetic_Moment**(4.0/7.0))
	Mdot(x)=(Luminosity(x)*Radius)/(Gravitational_Constant*Mass_Star)
	Luminosity(x)=4.0*pi*(Distance**2.0)*x
fitted parameters initialized with current variable values

iter      chisq       delta/lim  lambda   a             b            
   0 3.8255575824e+09   0.00e+00  5.79e-01    1.000000e+00   1.000000e+00
   3 1.7687258197e+07  -9.09e-07  5.79e-04    8.357730e+02   8.780685e+02

After 3 iterations the fit converged.
final sum of squares of residuals : 1.76873e+07
rel. change during last iteration : -9.09331e-12

degrees of freedom    (FIT_NDF)                        : 5461
rms of residuals      (FIT_STDFIT) = sqrt(WSSR/ndf)    : 56.9107
variance of residuals (reduced chisquare) = WSSR/ndf   : 3238.83

Final set of parameters            Asymptotic Standard Error
=======================            ==========================
a               = 835.773          +/- 3.283e+07    (3.928e+06%)
b               = 878.069          +/- 6.057e+10    (6.898e+09%)

correlation matrix of the fit parameters:
                a      b      
a               1.000 
b              -1.000  1.000 


*******************************************************************************
Thu Jun 23 16:36:25 2016


FIT:    data read from "Aql_X_1_Flux_QPO.dat" using 1:2
        format = x:z
        #datapoints = 5463
        residuals are weighted equally (unit weight)

function used for fitting: Nu_1(x)
	Nu_1(x)=a*(sqrt(4.0+(2.0/b)*((AlfvenFrequency(x)/a)-1.0))-1.0)
	AlfvenFrequency(x)=sqrt(Gravitational_Constant*Mass_Star/(AlfvenRadius(x)**3.0))/(2.0*pi)
	AlfvenRadius(x)=((Gravitational_Constant*Mass)**(-1.0/7.0))*((Mdot(x))**(-2.0/7.0))*(Magnetic_Moment**(4.0/7.0))
	Mdot(x)=(Luminosity(x)*Radius)/(Gravitational_Constant*Mass_Star)
	Luminosity(x)=4.0*pi*(Distance**2.0)*x
fitted parameters initialized with current variable values

iter      chisq       delta/lim  lambda   a             b            
   0 3.8255575824e+09   0.00e+00  5.79e-01    1.000000e+00   1.000000e+00
   3 1.7687258197e+07  -9.09e-07  5.79e-04    8.357730e+02   8.780685e+02

After 3 iterations the fit converged.
final sum of squares of residuals : 1.76873e+07
rel. change during last iteration : -9.09331e-12

degrees of freedom    (FIT_NDF)                        : 5461
rms of residuals      (FIT_STDFIT) = sqrt(WSSR/ndf)    : 56.9107
variance of residuals (reduced chisquare) = WSSR/ndf   : 3238.83

Final set of parameters            Asymptotic Standard Error
=======================            ==========================
a               = 835.773          +/- 3.283e+07    (3.928e+06%)
b               = 878.069          +/- 6.057e+10    (6.898e+09%)

correlation matrix of the fit parameters:
                a      b      
a               1.000 
b              -1.000  1.000 


*******************************************************************************
Thu Jun 23 16:36:25 2016


FIT:    data read from "Aql_X_1_Flux_QPO.dat" using 1:2
        format = x:z
        #datapoints = 5463
        residuals are weighted equally (unit weight)

function used for fitting: y(x)
	y(x)=AlfvenFrequency(x)*(sqrt(2.0*(c/d)*(2.0*(c/d)-1.5+((1.0-(c/d))/(e*d))))-(c/d))
	AlfvenFrequency(x)=sqrt(Gravitational_Constant*Mass_Star/(AlfvenRadius(x)**3.0))/(2.0*pi)
	AlfvenRadius(x)=((Gravitational_Constant*Mass)**(-1.0/7.0))*((Mdot(x))**(-2.0/7.0))*(Magnetic_Moment**(4.0/7.0))
	Mdot(x)=(Luminosity(x)*Radius)/(Gravitational_Constant*Mass_Star)
	Luminosity(x)=4.0*pi*(Distance**2.0)*x
fitted parameters initialized with current variable values

iter      chisq       delta/lim  lambda   c             d             e            
   0 3.8293373614e+09   0.00e+00  2.72e-05    1.000000e+00   1.000000e+00   1.000000e+00
   1 3.8293352233e+09  -5.58e-02  2.72e-06    1.209691e+07  -1.211503e+07   1.000000e+00

After 1 iterations the fit converged.
final sum of squares of residuals : 3.82934e+09
rel. change during last iteration : -5.58358e-07

degrees of freedom    (FIT_NDF)                        : 5460
rms of residuals      (FIT_STDFIT) = sqrt(WSSR/ndf)    : 837.463
variance of residuals (reduced chisquare) = WSSR/ndf   : 701343

Final set of parameters            Asymptotic Standard Error
=======================            ==========================
c               = 1.20969e+07      +/- 5.615e+24    (4.642e+19%)
d               = -1.2115e+07      +/- 5.629e+24    (4.646e+19%)
e               = 1                +/- 7.891e+17    (7.891e+19%)

correlation matrix of the fit parameters:
                c      d      e      
c               1.000 
d              -1.000  1.000 
e              -0.587  0.587  1.000 


*******************************************************************************
Thu Jun 23 16:37:08 2016


FIT:    data read from "Aql_X_1_Flux_QPO.dat" using 1:2
        format = x:z
        #datapoints = 5463
        residuals are weighted equally (unit weight)

function used for fitting: y(x)
	y(x)=AlfvenFrequency(x)*(sqrt(2.0*(c/d)*(2.0*(c/d)-1.5+((1.0-(c/d))/(e*d))))-(c/d))
	AlfvenFrequency(x)=sqrt(Gravitational_Constant*Mass_Star/(AlfvenRadius(x)**3.0))/(2.0*pi)
	AlfvenRadius(x)=((Gravitational_Constant*Mass)**(-1.0/7.0))*((Mdot(x))**(-2.0/7.0))*(Magnetic_Moment**(4.0/7.0))
	Mdot(x)=(Luminosity(x)*Radius)/(Gravitational_Constant*Mass_Star)
	Luminosity(x)=4.0*pi*(Distance**2.0)*x
fitted parameters initialized with current variable values

iter      chisq       delta/lim  lambda   c             d             e            
   0 3.8293373614e+09   0.00e+00  2.72e-05    1.000000e+00   1.000000e+00   1.000000e+00
   1 3.8293352233e+09  -5.58e-02  2.72e-06    1.209691e+07  -1.211503e+07   1.000000e+00

After 1 iterations the fit converged.
final sum of squares of residuals : 3.82934e+09
rel. change during last iteration : -5.58358e-07

degrees of freedom    (FIT_NDF)                        : 5460
rms of residuals      (FIT_STDFIT) = sqrt(WSSR/ndf)    : 837.463
variance of residuals (reduced chisquare) = WSSR/ndf   : 701343

Final set of parameters            Asymptotic Standard Error
=======================            ==========================
c               = 1.20969e+07      +/- 5.615e+24    (4.642e+19%)
d               = -1.2115e+07      +/- 5.629e+24    (4.646e+19%)
e               = 1                +/- 7.891e+17    (7.891e+19%)

correlation matrix of the fit parameters:
                c      d      e      
c               1.000 
d              -1.000  1.000 
e              -0.587  0.587  1.000 


*******************************************************************************
Thu Jun 23 16:42:08 2016


FIT:    data read from "Aql_X_1_Flux_QPO.dat" using 1:2
        format = x:z
        #datapoints = 5463
        residuals are weighted equally (unit weight)

function used for fitting: y(x)
	y(x)=AlfvenFrequency(x)*(sqrt(2.0*(c/AlfvenFrequency(x))*(2.0*(c/AlfvenFrequency(x))-1.5+((1.0-(c/AlfvenFrequency(x)))/(e*d))))-(c/AlfvenFrequency(x)))
	AlfvenFrequency(x)=sqrt(Gravitational_Constant*Mass_Star/(AlfvenRadius(x)**3.0))/(2.0*pi)
	AlfvenRadius(x)=((Gravitational_Constant*Mass)**(-1.0/7.0))*((Mdot(x))**(-2.0/7.0))*(Magnetic_Moment**(4.0/7.0))
	Mdot(x)=(Luminosity(x)*Radius)/(Gravitational_Constant*Mass_Star)
	Luminosity(x)=4.0*pi*(Distance**2.0)*x
fitted parameters initialized with current variable values

iter      chisq       delta/lim  lambda   c             d             e            
   0 3.8255582049e+09   0.00e+00  6.24e-01    1.000000e+00   1.000000e+00   1.000000e+00
   3 1.7687262891e+07  -4.52e-06  6.24e-04    8.352987e+02   5.047039e+02   5.047039e+02

After 3 iterations the fit converged.
final sum of squares of residuals : 1.76873e+07
rel. change during last iteration : -4.52056e-11

degrees of freedom    (FIT_NDF)                        : 5460
rms of residuals      (FIT_STDFIT) = sqrt(WSSR/ndf)    : 56.916
variance of residuals (reduced chisquare) = WSSR/ndf   : 3239.43

Final set of parameters            Asymptotic Standard Error
=======================            ==========================
c               = 835.299          +/- 7.825e+06    (9.368e+05%)
d               = 504.704          +/- 1.801e+21    (3.569e+20%)
e               = 504.704          +/- 1.801e+21    (3.569e+20%)

correlation matrix of the fit parameters:
                c      d      e      
c               1.000 
d               0.194  1.000 
e              -0.194 -1.000  1.000 


*******************************************************************************
Thu Jun 23 17:50:08 2016


FIT:    data read from "Aql_X_1_Flux_QPO.dat" using 1:2
        format = x:z
        #datapoints = 5463
        residuals are weighted equally (unit weight)

function used for fitting: y(x)
	y(x)=AlfvenFrequency(x)*(sqrt(2.0*(c/AlfvenFrequency(x))*(2.0*(c/AlfvenFrequency(x))-1.5+((1.0-(c/AlfvenFrequency(x)))/(e*d))))-(c/AlfvenFrequency(x)))
	AlfvenFrequency(x)=sqrt(Gravitational_Constant*Mass_Star/(AlfvenRadius(x)**3.0))/(2.0*pi)
	AlfvenRadius(x)=((Gravitational_Constant*Mass)**(-1.0/7.0))*((Mdot(x))**(-2.0/7.0))*(Magnetic_Moment**(4.0/7.0))
	Mdot(x)=(Luminosity(x)*Radius)/(Gravitational_Constant*Mass_Star)
	Luminosity(x)=4.0*pi*(Distance**2.0)*x
fitted parameters initialized with current variable values

iter      chisq       delta/lim  lambda   c             d             e            
   0 3.8255582049e+09   0.00e+00  6.24e-01    1.000000e+00   1.000000e+00   1.000000e+00
   3 1.7687262891e+07  -4.52e-06  6.24e-04    8.352987e+02   5.047039e+02   5.047039e+02

After 3 iterations the fit converged.
final sum of squares of residuals : 1.76873e+07
rel. change during last iteration : -4.52056e-11

degrees of freedom    (FIT_NDF)                        : 5460
rms of residuals      (FIT_STDFIT) = sqrt(WSSR/ndf)    : 56.916
variance of residuals (reduced chisquare) = WSSR/ndf   : 3239.43

Final set of parameters            Asymptotic Standard Error
=======================            ==========================
c               = 835.299          +/- 7.825e+06    (9.368e+05%)
d               = 504.704          +/- 1.801e+21    (3.569e+20%)
e               = 504.704          +/- 1.801e+21    (3.569e+20%)

correlation matrix of the fit parameters:
                c      d      e      
c               1.000 
d               0.194  1.000 
e              -0.194 -1.000  1.000 


*******************************************************************************
Thu Jun 23 18:05:23 2016


FIT:    data read from "Aql_X_1_Flux_QPO.dat" using 1:2
        format = x:z
        #datapoints = 5463
        residuals are weighted equally (unit weight)

function used for fitting: y(x)
	y(x)=AlfvenFrequency(x)*(sqrt(2.0*w(x)*(2.0*w(x)-1.5+((1.0-w(x))/(e*d))))-w(x))
	AlfvenFrequency(x)=sqrt(Gravitational_Constant*Mass_Star/(AlfvenRadius(x)**3.0))/(2.0*pi)
	AlfvenRadius(x)=((Gravitational_Constant*Mass)**(-1.0/7.0))*((Mdot(x))**(-2.0/7.0))*(Magnetic_Moment**(4.0/7.0))
	Mdot(x)=(Luminosity(x)*Radius)/(Gravitational_Constant*Mass_Star)
	Luminosity(x)=4.0*pi*(Distance**2.0)*x
	w(x)=c/AlfvenFrequency(x)
fitted parameters initialized with current variable values

iter      chisq       delta/lim  lambda   c             d             e            
   0 3.8255582049e+09   0.00e+00  6.24e-01    1.000000e+00   1.000000e+00   1.000000e+00
   3 1.7687262891e+07  -4.52e-06  6.24e-04    8.352987e+02   5.047039e+02   5.047039e+02

After 3 iterations the fit converged.
final sum of squares of residuals : 1.76873e+07
rel. change during last iteration : -4.52056e-11

degrees of freedom    (FIT_NDF)                        : 5460
rms of residuals      (FIT_STDFIT) = sqrt(WSSR/ndf)    : 56.916
variance of residuals (reduced chisquare) = WSSR/ndf   : 3239.43

Final set of parameters            Asymptotic Standard Error
=======================            ==========================
c               = 835.299          +/- 7.825e+06    (9.368e+05%)
d               = 504.704          +/- 1.801e+21    (3.569e+20%)
e               = 504.704          +/- 1.801e+21    (3.569e+20%)

correlation matrix of the fit parameters:
                c      d      e      
c               1.000 
d               0.194  1.000 
e              -0.194 -1.000  1.000 


*******************************************************************************
Thu Jun 23 18:13:04 2016


FIT:    data read from "Aql_X_1_Flux_QPO.dat" using 1:2
        format = x:z
        #datapoints = 5463
        residuals are weighted equally (unit weight)

function used for fitting: y(x)
	y(x)=AlfvenFrequency(x)*(sqrt(2.0*w(x)*(2.0*w(x)-1.5+((1.0-w(x))/(delta(x)*e))))-w(x))
	AlfvenFrequency(x)=sqrt(Gravitational_Constant*Mass_Star/(AlfvenRadius(x)**3.0))/(2.0*pi)
	AlfvenRadius(x)=((Gravitational_Constant*Mass)**(-1.0/7.0))*((Mdot(x))**(-2.0/7.0))*(Magnetic_Moment**(4.0/7.0))
	Mdot(x)=(Luminosity(x)*Radius)/(Gravitational_Constant*Mass_Star)
	Luminosity(x)=4.0*pi*(Distance**2.0)*x
	w(x)=d/AlfvenFrequency(x)
	delta(x)=a*(m(x)**(2.0/7.0))+b*(m(x)**(9.0/7.0))+c*(m(x)**(10.0/7.0))
	m(x)=Mdot(x)*1.0E-18
fitted parameters initialized with current variable values

iter      chisq       delta/lim  lambda   a             b             c             d             e            
   0 3.8384692793e+09   0.00e+00  4.47e-01    1.000000e+00   1.000000e+00   1.000000e+00   1.000000e+00   1.000000e+00
BREAK: Singular matrix in Invert_RtR

*******************************************************************************
Thu Jun 23 18:16:35 2016


FIT:    data read from "Aql_X_1_Flux_QPO.dat" using 1:2
        format = x:z
        #datapoints = 5463
        residuals are weighted equally (unit weight)

function used for fitting: y(x)
	y(x)=AlfvenFrequency(x)*(sqrt(2.0*w(x)*(2.0*w(x)-1.5+((1.0-w(x))/(delta(x)*e))))-w(x))
	AlfvenFrequency(x)=sqrt(Gravitational_Constant*Mass_Star/(AlfvenRadius(x)**3.0))/(2.0*pi)
	AlfvenRadius(x)=((Gravitational_Constant*Mass)**(-1.0/7.0))*((Mdot(x))**(-2.0/7.0))*(Magnetic_Moment**(4.0/7.0))
	Mdot(x)=(Luminosity(x)*Radius)/(Gravitational_Constant*Mass_Star)
	Luminosity(x)=4.0*pi*(Distance**2.0)*x
	w(x)=d/AlfvenFrequency(x)
	delta(x)=a*(m(x)**(2.0/7.0))+b*(m(x)**(9.0/7.0))+c*(m(x)**(10.0/7.0))
	m(x)=Mdot(x)*1.0E-18
fitted parameters initialized with current variable values

iter      chisq       delta/lim  lambda   a             b             c             d             e            
   0 3.8384692793e+09   0.00e+00  4.47e-01    1.000000e+00   1.000000e+00   1.000000e+00   1.000000e+00   1.000000e+00
BREAK: Singular matrix in Invert_RtR

*******************************************************************************
Thu Jun 23 18:19:58 2016


FIT:    data read from "Aql_X_1_Flux_QPO.dat" using 1:2
        format = x:z
        #datapoints = 5463
        residuals are weighted equally (unit weight)

function used for fitting: y(x)
	y(x)=AlfvenFrequency(x)*(sqrt(2.0*w(x)*(2.0*w(x)-1.5+((1.0-w(x))/(delta(x)*e))))-w(x))
	AlfvenFrequency(x)=sqrt(Gravitational_Constant*Mass_Star/(AlfvenRadius(x)**3.0))/(2.0*pi)
	AlfvenRadius(x)=((Gravitational_Constant*Mass)**(-1.0/7.0))*((Mdot(x))**(-2.0/7.0))*(Magnetic_Moment**(4.0/7.0))
	Mdot(x)=(Luminosity(x)*Radius)/(Gravitational_Constant*Mass_Star)
	Luminosity(x)=4.0*pi*(Distance**2.0)*x
	w(x)=d/AlfvenFrequency(x)
	delta(x)=a*(m(x)**(2.0/7.0))+b*(m(x)**(9.0/7.0))+c*(m(x)**(10.0/7.0))
	m(x)=Mdot(x)*1.0E-18
fitted parameters initialized with current variable values

iter      chisq       delta/lim  lambda   a             b             c             d             e            
   0 3.8384692793e+09   0.00e+00  4.47e-01    1.000000e+00   1.000000e+00   1.000000e+00   1.000000e+00   1.000000e+00
BREAK: Singular matrix in Invert_RtR

*******************************************************************************
Thu Jun 23 18:21:17 2016


FIT:    data read from "Aql_X_1_Flux_QPO.dat" using 1:2
        format = x:z
        #datapoints = 5463
        residuals are weighted equally (unit weight)

function used for fitting: y(x)
	y(x)=AlfvenFrequency(x)*(sqrt(2.0*w(x)*(2.0*w(x)-1.5+((1.0-w(x))/(delta(x)*e))))-w(x))
	AlfvenFrequency(x)=sqrt(Gravitational_Constant*Mass_Star/(AlfvenRadius(x)**3.0))/(2.0*pi)
	AlfvenRadius(x)=((Gravitational_Constant*Mass)**(-1.0/7.0))*((Mdot(x))**(-2.0/7.0))*(Magnetic_Moment**(4.0/7.0))
	Mdot(x)=(Luminosity(x)*Radius)/(Gravitational_Constant*Mass_Star)
	Luminosity(x)=4.0*pi*(Distance**2.0)*x
	w(x)=d/AlfvenFrequency(x)
	delta(x)=a*(m(x)**(2.0/7.0))+b*(m(x)**(9.0/7.0))+c*(m(x)**(10.0/7.0))
	m(x)=Mdot(x)*1.0E-18
fitted parameters initialized with current variable values

iter      chisq       delta/lim  lambda   a             b             c             d             e            
   0 3.8302500616e+09   0.00e+00  4.47e-02    1.000000e-01   1.000000e-01   1.000000e-01   1.000000e-01   1.000000e-01
BREAK: Singular matrix in Invert_RtR

*******************************************************************************
Thu Jun 23 18:22:04 2016


FIT:    data read from "Aql_X_1_Flux_QPO.dat" using 1:2
        format = x:z
        #datapoints = 5463
        residuals are weighted equally (unit weight)

function used for fitting: y(x)
	y(x)=AlfvenFrequency(x)*(sqrt(2.0*w(x)*(2.0*w(x)-1.5+((1.0-w(x))/(delta(x)*e))))-w(x))
	AlfvenFrequency(x)=sqrt(Gravitational_Constant*Mass_Star/(AlfvenRadius(x)**3.0))/(2.0*pi)
	AlfvenRadius(x)=((Gravitational_Constant*Mass_Star)**(-1.0/7.0))*((Mdot(x))**(-2.0/7.0))*(Magnetic_Moment**(4.0/7.0))
	Mdot(x)=(Luminosity(x)*Radius)/(Gravitational_Constant*Mass_Star)
	Luminosity(x)=4.0*pi*(Distance**2.0)*x
	w(x)=d/AlfvenFrequency(x)
	delta(x)=a*(m(x)**(2.0/7.0))+b*(m(x)**(9.0/7.0))+c*(m(x)**(10.0/7.0))
	m(x)=Mdot(x)*1.0E-18
fitted parameters initialized with current variable values

iter      chisq       delta/lim  lambda   a             b             c             d             e            
   0 1.8239486902e+09   0.00e+00  1.00e+02    1.000000e-01   1.000000e-01   1.000000e-01   1.000000e-01   1.000000e-01
 245 1.3345515711e+07  -1.71e-01  1.00e+02   -7.000585e-02  -5.187866e-01   8.819478e-02   2.384721e-01  -3.158668e-02

After 245 iterations the fit converged.
final sum of squares of residuals : 1.33455e+07
rel. change during last iteration : -1.70507e-06

degrees of freedom    (FIT_NDF)                        : 5458
rms of residuals      (FIT_STDFIT) = sqrt(WSSR/ndf)    : 49.4482
variance of residuals (reduced chisquare) = WSSR/ndf   : 2445.13

Final set of parameters            Asymptotic Standard Error
=======================            ==========================
a               = -0.0700058       +/- 1994         (2.848e+06%)
b               = -0.518787        +/- 1.474e+04    (2.841e+06%)
c               = 0.0881948        +/- 2478         (2.809e+06%)
d               = 0.238472         +/- 113.2        (4.745e+04%)
e               = -0.0315867       +/- 913.1        (2.891e+06%)

correlation matrix of the fit parameters:
                a      b      c      d      e      
a               1.000 
b               1.000  1.000 
c              -1.000 -1.000  1.000 
d               0.905  0.905 -0.904  1.000 
e              -1.000 -1.000  1.000 -0.908  1.000 


*******************************************************************************
Thu Jun 23 20:37:15 2016


FIT:    data read from "Aql_X_1_Flux_QPO.dat" using 1:2
        format = e:z
        e range restricted to [0.500000 : 5.00000]
BREAK: No data to fit

*******************************************************************************
Thu Jun 23 20:59:53 2016


FIT:    data read from "Aql_X_1_Flux_QPO.dat" using 1:2
        format = x:z
        x range restricted to [1.00000e-10 : 5.00000e-09]
        #datapoints = 5463
        residuals are weighted equally (unit weight)

function used for fitting: y(x)
	y(x)=AlfvenFrequency(x)*(sqrt(2.0*w(x)*(2.0*w(x)-1.5+((1.0-w(x))/(delta(x)*E(x)))))-w(x))
	AlfvenFrequency(x)=sqrt(Gravitational_Constant*Mass_Star/(AlfvenRadius(x)**3.0))/(2.0*pi)
	AlfvenRadius(x)=((Gravitational_Constant*Mass_Star)**(-1.0/7.0))*((Mdot(x))**(-2.0/7.0))*(Magnetic_Moment**(4.0/7.0))
	Mdot(x)=(Luminosity(x)*Radius)/(Gravitational_Constant*Mass_Star)
	Luminosity(x)=4.0*pi*(Distance**2.0)*x
	w(x)=D(d)/AlfvenFrequency(x)
	D(x) = (400.0-200.0)/pi*(atan(x)+pi/2)+200.0
	delta(x)=a*(m(x)**(2.0/7.0))+B(b)*(m(x)**(9.0/7.0))+c*(m(x)**(10.0/7.0))
	m(x)=Mdot(x)*1.0E-18
	B(x) = (0.0+100.0)/pi*(atan(x)+pi/2)-100.0
	E(x) = (10.0-0.1)/pi*(atan(x)+pi/2)+0.1
fitted parameters initialized with current variable values

iter      chisq       delta/lim  lambda   a             b             c             d             e            
   0 1.1494041780e+10   0.00e+00  6.87e+04    1.000000e-01   1.000000e-01   1.000000e-01   1.000000e-01   1.000000e-01
BREAK: Singular matrix in Invert_RtR

*******************************************************************************
Thu Jun 23 21:01:36 2016


FIT:    data read from "Aql_X_1_Flux_QPO.dat" using 1:2
        format = x:z
        x range restricted to [1.00000e-10 : 5.00000e-09]
        #datapoints = 5463
        residuals are weighted equally (unit weight)

function used for fitting: y(x)
	y(x)=AlfvenFrequency(x)*(sqrt(2.0*w(x)*(2.0*w(x)-1.5+((1.0-w(x))/(delta(x)*E(e)))))-w(x))
	AlfvenFrequency(x)=sqrt(Gravitational_Constant*Mass_Star/(AlfvenRadius(x)**3.0))/(2.0*pi)
	AlfvenRadius(x)=((Gravitational_Constant*Mass_Star)**(-1.0/7.0))*((Mdot(x))**(-2.0/7.0))*(Magnetic_Moment**(4.0/7.0))
	Mdot(x)=(Luminosity(x)*Radius)/(Gravitational_Constant*Mass_Star)
	Luminosity(x)=4.0*pi*(Distance**2.0)*x
	w(x)=D(d)/AlfvenFrequency(x)
	D(x) = (400.0-200.0)/pi*(atan(x)+pi/2)+200.0
	delta(x)=a*(m(x)**(2.0/7.0))+B(b)*(m(x)**(9.0/7.0))+c*(m(x)**(10.0/7.0))
	m(x)=Mdot(x)*1.0E-18
	B(x) = (0.0+100.0)/pi*(atan(x)+pi/2)-100.0
	E(x) = (10.0-0.1)/pi*(atan(x)+pi/2)+0.1
fitted parameters initialized with current variable values

iter      chisq       delta/lim  lambda   a             b             c             d             e            
   0 1.1176253993e+10   0.00e+00  6.67e+04    1.000000e-01   1.000000e-01   1.000000e-01   1.000000e-01   1.000000e-01
   6 1.0332541493e+10  -6.65e-02  6.67e+08    1.003784e-01   1.002045e-01   1.000028e-01   9.999995e-02   1.000010e-01

After 6 iterations the fit converged.
final sum of squares of residuals : 1.03325e+10
rel. change during last iteration : -6.65276e-07

degrees of freedom    (FIT_NDF)                        : 5458
rms of residuals      (FIT_STDFIT) = sqrt(WSSR/ndf)    : 1375.9
variance of residuals (reduced chisquare) = WSSR/ndf   : 1.8931e+06

Final set of parameters            Asymptotic Standard Error
=======================            ==========================
a               = 0.100378         +/- 0.0006795    (0.6769%)
b               = 0.100205         +/- 0.008031     (8.015%)
c               = 0.100003         +/- 0.0008853    (0.8853%)
d               = 0.0999999        +/- 0.2942       (294.2%)
e               = 0.100001         +/- 0.1604       (160.4%)

correlation matrix of the fit parameters:
                a      b      c      d      e      
a               1.000 
b              -0.999  1.000 
c               0.999 -1.000  1.000 
d               0.183 -0.170  0.170  1.000 
e              -0.563  0.536 -0.536 -0.705  1.000 


*******************************************************************************
Thu Jun 23 21:03:54 2016


FIT:    data read from "Aql_X_1_Flux_QPO.dat" using 1:2
        format = x:z
        x range restricted to [1.00000e-10 : 5.00000e-09]
        #datapoints = 5463
        residuals are weighted equally (unit weight)

function used for fitting: y(x)
	y(x)=AlfvenFrequency(x)*(sqrt(2.0*w(x)*(2.0*w(x)-1.5+((1.0-w(x))/(delta(x)*E(e)))))-w(x))
	AlfvenFrequency(x)=sqrt(Gravitational_Constant*Mass_Star/(AlfvenRadius(x)**3.0))/(2.0*pi)
	AlfvenRadius(x)=((Gravitational_Constant*Mass_Star)**(-1.0/7.0))*((Mdot(x))**(-2.0/7.0))*(Magnetic_Moment**(4.0/7.0))
	Mdot(x)=(Luminosity(x)*Radius)/(Gravitational_Constant*Mass_Star)
	Luminosity(x)=4.0*pi*(Distance**2.0)*x
	w(x)=D(d)/AlfvenFrequency(x)
	D(x) = (400.0-200.0)/pi*(atan(x)+pi/2)+200.0
	delta(x)=a*(m(x)**(2.0/7.0))+B(b)*(m(x)**(9.0/7.0))+c*(m(x)**(10.0/7.0))
	m(x)=Mdot(x)*1.0E-18
	B(x) = (0.0+100.0)/pi*(atan(x)+pi/2)-100.0
	E(x) = (10.0-0.1)/pi*(atan(x)+pi/2)+0.1
fitted parameters initialized with current variable values

iter      chisq       delta/lim  lambda   a             b             c             d             e            
   0 1.1176253993e+10   0.00e+00  6.67e+04    1.000000e-01   1.000000e-01   1.000000e-01   1.000000e-01   1.000000e-01
   6 1.0332541493e+10  -6.65e-02  6.67e+08    1.003784e-01   1.002045e-01   1.000028e-01   9.999995e-02   1.000010e-01

After 6 iterations the fit converged.
final sum of squares of residuals : 1.03325e+10
rel. change during last iteration : -6.65276e-07

degrees of freedom    (FIT_NDF)                        : 5458
rms of residuals      (FIT_STDFIT) = sqrt(WSSR/ndf)    : 1375.9
variance of residuals (reduced chisquare) = WSSR/ndf   : 1.8931e+06

Final set of parameters            Asymptotic Standard Error
=======================            ==========================
a               = 0.100378         +/- 0.0006795    (0.6769%)
b               = 0.100205         +/- 0.008031     (8.015%)
c               = 0.100003         +/- 0.0008853    (0.8853%)
d               = 0.0999999        +/- 0.2942       (294.2%)
e               = 0.100001         +/- 0.1604       (160.4%)

correlation matrix of the fit parameters:
                a      b      c      d      e      
a               1.000 
b              -0.999  1.000 
c               0.999 -1.000  1.000 
d               0.183 -0.170  0.170  1.000 
e              -0.563  0.536 -0.536 -0.705  1.000 


*******************************************************************************
Thu Jun 23 21:06:49 2016


FIT:    data read from "Aql_X_1_Flux_QPO.dat" using 1:2
        format = x:z
        x range restricted to [1.00000e-10 : 5.00000e-09]
        #datapoints = 5463
        residuals are weighted equally (unit weight)

function used for fitting: y(x)
	y(x)=AlfvenFrequency(x)*(sqrt(2.0*w(x)*(2.0*w(x)-1.5+((1.0-w(x))/(delta(x)*E(e)))))-w(x))
	AlfvenFrequency(x)=sqrt(Gravitational_Constant*Mass_Star/(AlfvenRadius(x)**3.0))/(2.0*pi)
	AlfvenRadius(x)=((Gravitational_Constant*Mass_Star)**(-1.0/7.0))*((Mdot(x))**(-2.0/7.0))*(Magnetic_Moment**(4.0/7.0))
	Mdot(x)=(Luminosity(x)*Radius)/(Gravitational_Constant*Mass_Star)
	Luminosity(x)=4.0*pi*(Distance**2.0)*x
	w(x)=D(d)/AlfvenFrequency(x)
	D(x) = (400.0-200.0)/pi*(atan(x)+pi/2)+200.0
	delta(x)=a*(m(x)**(2.0/7.0))+B(b)*(m(x)**(9.0/7.0))+c*(m(x)**(10.0/7.0))
	m(x)=Mdot(x)*1.0E-18
	B(x) = (0.0+100.0)/pi*(atan(x)+pi/2)-100.0
	E(x) = (10.0-0.1)/pi*(atan(x)+pi/2)+0.1
fitted parameters initialized with current variable values

iter      chisq       delta/lim  lambda   a             b             c             d             e            
   0 1.1176253993e+10   0.00e+00  6.67e+04    1.000000e-01   1.000000e-01   1.000000e-01   1.000000e-01   1.000000e-01
   6 1.0332541493e+10  -6.65e-02  6.67e+08    1.003784e-01   1.002045e-01   1.000028e-01   9.999995e-02   1.000010e-01

After 6 iterations the fit converged.
final sum of squares of residuals : 1.03325e+10
rel. change during last iteration : -6.65276e-07

degrees of freedom    (FIT_NDF)                        : 5458
rms of residuals      (FIT_STDFIT) = sqrt(WSSR/ndf)    : 1375.9
variance of residuals (reduced chisquare) = WSSR/ndf   : 1.8931e+06

Final set of parameters            Asymptotic Standard Error
=======================            ==========================
a               = 0.100378         +/- 0.0006795    (0.6769%)
b               = 0.100205         +/- 0.008031     (8.015%)
c               = 0.100003         +/- 0.0008853    (0.8853%)
d               = 0.0999999        +/- 0.2942       (294.2%)
e               = 0.100001         +/- 0.1604       (160.4%)

correlation matrix of the fit parameters:
                a      b      c      d      e      
a               1.000 
b              -0.999  1.000 
c               0.999 -1.000  1.000 
d               0.183 -0.170  0.170  1.000 
e              -0.563  0.536 -0.536 -0.705  1.000 


*******************************************************************************
Thu Jun 23 21:08:09 2016


FIT:    data read from "Aql_X_1_Flux_QPO.dat" using 1:2
        format = x:z
        x range restricted to [1.00000e-10 : 5.00000e-09]
        #datapoints = 5463
        residuals are weighted equally (unit weight)

function used for fitting: y(x)
	y(x)=AlfvenFrequency(x)*(sqrt(2.0*w(x)*(2.0*w(x)-1.5+((1.0-w(x))/(delta(x)*E(e)))))-w(x))
	AlfvenFrequency(x)=sqrt(Gravitational_Constant*Mass_Star/(AlfvenRadius(x)**3.0))/(2.0*pi)
	AlfvenRadius(x)=((Gravitational_Constant*Mass_Star)**(-1.0/7.0))*((Mdot(x))**(-2.0/7.0))*(Magnetic_Moment**(4.0/7.0))
	Mdot(x)=(Luminosity(x)*Radius)/(Gravitational_Constant*Mass_Star)
	Luminosity(x)=4.0*pi*(Distance**2.0)*x
	w(x)=D(d)/AlfvenFrequency(x)
	D(x) = (400.0-200.0)/pi*(atan(x)+pi/2)+200.0
	delta(x)=a*(m(x)**(2.0/7.0))+B(b)*(m(x)**(9.0/7.0))+c*(m(x)**(10.0/7.0))
	m(x)=Mdot(x)*1.0E-18
	B(x) = (0.0+100.0)/pi*(atan(x)+pi/2)-100.0
	E(x) = (10.0-0.1)/pi*(atan(x)+pi/2)+0.1
fitted parameters initialized with current variable values

iter      chisq       delta/lim  lambda   a             b             c             d             e            
   0 7.3079140673e+09   0.00e+00  1.56e+02    1.000000e+00   1.000000e+00   1.000000e+00   1.000000e+00   1.000000e+00
   9 1.7521518100e+07  -9.79e-01  1.56e-01    4.937878e+00   1.078747e+02   8.832363e+01  -4.571990e+02  -9.110575e+01

After 9 iterations the fit converged.
final sum of squares of residuals : 1.75215e+07
rel. change during last iteration : -9.78561e-06

degrees of freedom    (FIT_NDF)                        : 5458
rms of residuals      (FIT_STDFIT) = sqrt(WSSR/ndf)    : 56.659
variance of residuals (reduced chisquare) = WSSR/ndf   : 3210.25

Final set of parameters            Asymptotic Standard Error
=======================            ==========================
a               = 4.93788          +/- 5.562e+04    (1.126e+06%)
b               = 107.875          +/- 1.747e+06    (1.62e+06%)
c               = 88.3236          +/- 9.956e+05    (1.127e+06%)
d               = -457.199         +/- 1.893e+05    (4.14e+04%)
e               = -91.1057         +/- 3.99e+06     (4.379e+06%)

correlation matrix of the fit parameters:
                a      b      c      d      e      
a               1.000 
b              -1.000  1.000 
c               1.000 -1.000  1.000 
d               0.988 -0.985  0.988  1.000 
e              -1.000  1.000 -1.000 -0.988  1.000 


*******************************************************************************
Thu Jun 23 21:10:02 2016


FIT:    data read from "Aql_X_1_Flux_QPO.dat" using 1:2
        format = x:z
        x range restricted to [1.00000e-10 : 5.00000e-09]
        #datapoints = 5463
        residuals are weighted equally (unit weight)

function used for fitting: y(x)
	y(x)=AlfvenFrequency(x)*(sqrt(2.0*w(x)*(2.0*w(x)-1.5+((1.0-w(x))/(delta(x)*E(e)))))-w(x))
	AlfvenFrequency(x)=sqrt(Gravitational_Constant*Mass_Star/(AlfvenRadius(x)**3.0))/(2.0*pi)
	AlfvenRadius(x)=((Gravitational_Constant*Mass_Star)**(-1.0/7.0))*((Mdot(x))**(-2.0/7.0))*(Magnetic_Moment**(4.0/7.0))
	Mdot(x)=(Luminosity(x)*Radius)/(Gravitational_Constant*Mass_Star)
	Luminosity(x)=4.0*pi*(Distance**2.0)*x
	w(x)=D(d)/AlfvenFrequency(x)
	D(x) = (400.0-200.0)/pi*(atan(x)+pi/2)+200.0
	delta(x)=a*(m(x)**(2.0/7.0))+B(b)*(m(x)**(9.0/7.0))+c*(m(x)**(10.0/7.0))
	m(x)=Mdot(x)*1.0E-18
	B(x) = (0.0+100.0)/pi*(atan(x)+pi/2)-100.0
	E(x) = (10.0-0.1)/pi*(atan(x)+pi/2)+0.1
fitted parameters initialized with current variable values

iter      chisq       delta/lim  lambda   a             b             c             d             e            
   0 7.3079140673e+09   0.00e+00  1.56e+02    1.000000e+00   1.000000e+00   1.000000e+00   1.000000e+00   1.000000e+00
   9 1.7521518100e+07  -9.79e-01  1.56e-01    4.937878e+00   1.078747e+02   8.832363e+01  -4.571990e+02  -9.110575e+01

After 9 iterations the fit converged.
final sum of squares of residuals : 1.75215e+07
rel. change during last iteration : -9.78561e-06

degrees of freedom    (FIT_NDF)                        : 5458
rms of residuals      (FIT_STDFIT) = sqrt(WSSR/ndf)    : 56.659
variance of residuals (reduced chisquare) = WSSR/ndf   : 3210.25

Final set of parameters            Asymptotic Standard Error
=======================            ==========================
a               = 4.93788          +/- 5.562e+04    (1.126e+06%)
b               = 107.875          +/- 1.747e+06    (1.62e+06%)
c               = 88.3236          +/- 9.956e+05    (1.127e+06%)
d               = -457.199         +/- 1.893e+05    (4.14e+04%)
e               = -91.1057         +/- 3.99e+06     (4.379e+06%)

correlation matrix of the fit parameters:
                a      b      c      d      e      
a               1.000 
b              -1.000  1.000 
c               1.000 -1.000  1.000 
d               0.988 -0.985  0.988  1.000 
e              -1.000  1.000 -1.000 -0.988  1.000 


*******************************************************************************
Thu Jun 23 21:10:56 2016


FIT:    data read from "Aql_X_1_Flux_QPO.dat" using 1:2
        format = x:z
        x range restricted to [1.00000e-10 : 5.00000e-09]
        #datapoints = 5463
        residuals are weighted equally (unit weight)

function used for fitting: y(x)
	y(x)=AlfvenFrequency(x)*(sqrt(2.0*w(x)*(2.0*w(x)-1.5+((1.0-w(x))/(delta(x)*E(e)))))-w(x))
	AlfvenFrequency(x)=sqrt(Gravitational_Constant*Mass_Star/(AlfvenRadius(x)**3.0))/(2.0*pi)
	AlfvenRadius(x)=((Gravitational_Constant*Mass_Star)**(-1.0/7.0))*((Mdot(x))**(-2.0/7.0))*(Magnetic_Moment**(4.0/7.0))
	Mdot(x)=(Luminosity(x)*Radius)/(Gravitational_Constant*Mass_Star)
	Luminosity(x)=4.0*pi*(Distance**2.0)*x
	w(x)=D(d)/AlfvenFrequency(x)
	D(x) = (400.0-200.0)/pi*(atan(x)+pi/2)+200.0
	delta(x)=a*(m(x)**(2.0/7.0))+B(b)*(m(x)**(9.0/7.0))+c*(m(x)**(10.0/7.0))
	m(x)=Mdot(x)*1.0E-18
	B(x) = (0.0+100.0)/pi*(atan(x)+pi/2)-100.0
	E(x) = (10.0-0.1)/pi*(atan(x)+pi/2)+0.1
fitted parameters initialized with current variable values

iter      chisq       delta/lim  lambda   a             b             c             d             e            
   0 7.3079140673e+09   0.00e+00  1.56e+02    1.000000e+00   1.000000e+00   1.000000e+00   1.000000e+00   1.000000e+00
   9 1.7521518100e+07  -9.79e-01  1.56e-01    4.937878e+00   1.078747e+02   8.832363e+01  -4.571990e+02  -9.110575e+01

After 9 iterations the fit converged.
final sum of squares of residuals : 1.75215e+07
rel. change during last iteration : -9.78561e-06

degrees of freedom    (FIT_NDF)                        : 5458
rms of residuals      (FIT_STDFIT) = sqrt(WSSR/ndf)    : 56.659
variance of residuals (reduced chisquare) = WSSR/ndf   : 3210.25

Final set of parameters            Asymptotic Standard Error
=======================            ==========================
a               = 4.93788          +/- 5.562e+04    (1.126e+06%)
b               = 107.875          +/- 1.747e+06    (1.62e+06%)
c               = 88.3236          +/- 9.956e+05    (1.127e+06%)
d               = -457.199         +/- 1.893e+05    (4.14e+04%)
e               = -91.1057         +/- 3.99e+06     (4.379e+06%)

correlation matrix of the fit parameters:
                a      b      c      d      e      
a               1.000 
b              -1.000  1.000 
c               1.000 -1.000  1.000 
d               0.988 -0.985  0.988  1.000 
e              -1.000  1.000 -1.000 -0.988  1.000 


*******************************************************************************
Thu Jun 23 21:12:29 2016


FIT:    data read from "Aql_X_1_Flux_QPO.dat" using 1:2
        format = x:z
        x range restricted to [1.00000e-10 : 5.00000e-09]
        #datapoints = 5463
        residuals are weighted equally (unit weight)

function used for fitting: y(x)
	y(x)=AlfvenFrequency(x)*(sqrt(2.0*w(x)*(2.0*w(x)-1.5+((1.0-w(x))/(delta(x)*E(e)))))-w(x))
	AlfvenFrequency(x)=sqrt(Gravitational_Constant*Mass_Star/(AlfvenRadius(x)**3.0))/(2.0*pi)
	AlfvenRadius(x)=((Gravitational_Constant*Mass_Star)**(-1.0/7.0))*((Mdot(x))**(-2.0/7.0))*(Magnetic_Moment**(4.0/7.0))
	Mdot(x)=(Luminosity(x)*Radius)/(Gravitational_Constant*Mass_Star)
	Luminosity(x)=4.0*pi*(Distance**2.0)*x
	w(x)=D(d)/AlfvenFrequency(x)
	D(x) = (400.0-200.0)/pi*(atan(x)+pi/2)+200.0
	delta(x)=a*(m(x)**(2.0/7.0))+B(b)*(m(x)**(9.0/7.0))+c*(m(x)**(10.0/7.0))
	m(x)=Mdot(x)*1.0E-18
	B(x) = (0.0+100.0)/pi*(atan(x)+pi/2)-100.0
	E(x) = (10.0-0.1)/pi*(atan(x)+pi/2)+0.1
fitted parameters initialized with current variable values

iter      chisq       delta/lim  lambda   a             b             c             d             e            
   0 7.3079140673e+09   0.00e+00  1.56e+02    1.000000e+00   1.000000e+00   1.000000e+00   1.000000e+00   1.000000e+00
   9 1.7521518100e+07  -9.79e-01  1.56e-01    4.937878e+00   1.078747e+02   8.832363e+01  -4.571990e+02  -9.110575e+01

After 9 iterations the fit converged.
final sum of squares of residuals : 1.75215e+07
rel. change during last iteration : -9.78561e-06

degrees of freedom    (FIT_NDF)                        : 5458
rms of residuals      (FIT_STDFIT) = sqrt(WSSR/ndf)    : 56.659
variance of residuals (reduced chisquare) = WSSR/ndf   : 3210.25

Final set of parameters            Asymptotic Standard Error
=======================            ==========================
a               = 4.93788          +/- 5.562e+04    (1.126e+06%)
b               = 107.875          +/- 1.747e+06    (1.62e+06%)
c               = 88.3236          +/- 9.956e+05    (1.127e+06%)
d               = -457.199         +/- 1.893e+05    (4.14e+04%)
e               = -91.1057         +/- 3.99e+06     (4.379e+06%)

correlation matrix of the fit parameters:
                a      b      c      d      e      
a               1.000 
b              -1.000  1.000 
c               1.000 -1.000  1.000 
d               0.988 -0.985  0.988  1.000 
e              -1.000  1.000 -1.000 -0.988  1.000 


*******************************************************************************
Thu Jun 23 21:15:31 2016


FIT:    data read from "Aql_X_1_Flux_QPO.dat" using 1:2
        format = x:z
        x range restricted to [1.00000e-10 : 5.00000e-09]
        #datapoints = 5463
        residuals are weighted equally (unit weight)

function used for fitting: y(x)
	y(x)=AlfvenFrequency(x)*(sqrt(2.0*w(x)*(2.0*w(x)-1.5+((1.0-w(x))/(delta(x)*E(e)))))-w(x))
	AlfvenFrequency(x)=sqrt(Gravitational_Constant*Mass_Star/(AlfvenRadius(x)**3.0))/(2.0*pi)
	AlfvenRadius(x)=((Gravitational_Constant*Mass_Star)**(-1.0/7.0))*((Mdot(x))**(-2.0/7.0))*(Magnetic_Moment**(4.0/7.0))
	Mdot(x)=(Luminosity(x)*Radius)/(Gravitational_Constant*Mass_Star)
	Luminosity(x)=4.0*pi*(Distance**2.0)*x
	w(x)=D(d)/AlfvenFrequency(x)
	D(x) = (400.0-200.0)/pi*(atan(x)+pi/2)+200.0
	delta(x)=a*(m(x)**(2.0/7.0))+B(b)*(m(x)**(9.0/7.0))+c*(m(x)**(10.0/7.0))
	m(x)=Mdot(x)*1.0E-18
	B(x) = (0.0+100.0)/pi*(atan(x)+pi/2)-100.0
	E(x) = (10.0-0.1)/pi*(atan(x)+pi/2)+0.1
fitted parameters initialized with current variable values

iter      chisq       delta/lim  lambda   a             b             c             d             e            
   0 7.3079140673e+09   0.00e+00  1.56e+02    1.000000e+00   1.000000e+00   1.000000e+00   1.000000e+00   1.000000e+00
   9 1.7521518100e+07  -9.79e-01  1.56e-01    4.937878e+00   1.078747e+02   8.832363e+01  -4.571990e+02  -9.110575e+01

After 9 iterations the fit converged.
final sum of squares of residuals : 1.75215e+07
rel. change during last iteration : -9.78561e-06

degrees of freedom    (FIT_NDF)                        : 5458
rms of residuals      (FIT_STDFIT) = sqrt(WSSR/ndf)    : 56.659
variance of residuals (reduced chisquare) = WSSR/ndf   : 3210.25

Final set of parameters            Asymptotic Standard Error
=======================            ==========================
a               = 4.93788          +/- 5.562e+04    (1.126e+06%)
b               = 107.875          +/- 1.747e+06    (1.62e+06%)
c               = 88.3236          +/- 9.956e+05    (1.127e+06%)
d               = -457.199         +/- 1.893e+05    (4.14e+04%)
e               = -91.1057         +/- 3.99e+06     (4.379e+06%)

correlation matrix of the fit parameters:
                a      b      c      d      e      
a               1.000 
b              -1.000  1.000 
c               1.000 -1.000  1.000 
d               0.988 -0.985  0.988  1.000 
e              -1.000  1.000 -1.000 -0.988  1.000 


*******************************************************************************
Thu Jun 23 21:16:39 2016


FIT:    data read from "Aql_X_1_Flux_QPO.dat" using 1:2
        format = x:z
        x range restricted to [1.00000e-10 : 5.00000e-09]
        #datapoints = 5463
        residuals are weighted equally (unit weight)

function used for fitting: y(x)
	y(x)=AlfvenFrequency(x)*(sqrt(2.0*w(x)*(2.0*w(x)-1.5+((1.0-w(x))/(delta(x)*E(e)))))-w(x))
	AlfvenFrequency(x)=sqrt(Gravitational_Constant*Mass_Star/(AlfvenRadius(x)**3.0))/(2.0*pi)
	AlfvenRadius(x)=((Gravitational_Constant*Mass_Star)**(-1.0/7.0))*((Mdot(x))**(-2.0/7.0))*(Magnetic_Moment**(4.0/7.0))
	Mdot(x)=(Luminosity(x)*Radius)/(Gravitational_Constant*Mass_Star)
	Luminosity(x)=4.0*pi*(Distance**2.0)*x
	w(x)=D(d)/AlfvenFrequency(x)
	D(x) = (400.0-200.0)/pi*(atan(x)+pi/2)+200.0
	delta(x)=a*(m(x)**(2.0/7.0))+B(b)*(m(x)**(9.0/7.0))+c*(m(x)**(10.0/7.0))
	m(x)=Mdot(x)*1.0E-18
	B(x) = (0.0+100.0)/pi*(atan(x)+pi/2)-100.0
	E(x) = (10.0-0.1)/pi*(atan(x)+pi/2)+0.1
fitted parameters initialized with current variable values

iter      chisq       delta/lim  lambda   a             b             c             d             e            
   0 7.3079140673e+09   0.00e+00  1.56e+02    1.000000e+00   1.000000e+00   1.000000e+00   1.000000e+00   1.000000e+00
   9 1.7521518100e+07  -9.79e-01  1.56e-01    4.937878e+00   1.078747e+02   8.832363e+01  -4.571990e+02  -9.110575e+01

After 9 iterations the fit converged.
final sum of squares of residuals : 1.75215e+07
rel. change during last iteration : -9.78561e-06

degrees of freedom    (FIT_NDF)                        : 5458
rms of residuals      (FIT_STDFIT) = sqrt(WSSR/ndf)    : 56.659
variance of residuals (reduced chisquare) = WSSR/ndf   : 3210.25

Final set of parameters            Asymptotic Standard Error
=======================            ==========================
a               = 4.93788          +/- 5.562e+04    (1.126e+06%)
b               = 107.875          +/- 1.747e+06    (1.62e+06%)
c               = 88.3236          +/- 9.956e+05    (1.127e+06%)
d               = -457.199         +/- 1.893e+05    (4.14e+04%)
e               = -91.1057         +/- 3.99e+06     (4.379e+06%)

correlation matrix of the fit parameters:
                a      b      c      d      e      
a               1.000 
b              -1.000  1.000 
c               1.000 -1.000  1.000 
d               0.988 -0.985  0.988  1.000 
e              -1.000  1.000 -1.000 -0.988  1.000 


*******************************************************************************
Thu Jun 23 21:18:04 2016


FIT:    data read from "Aql_X_1_Flux_QPO.dat" using 1:2
        format = x:z
        x range restricted to [1.00000e-10 : 5.00000e-09]
        #datapoints = 5463
        residuals are weighted equally (unit weight)

function used for fitting: y(x)
	y(x)=AlfvenFrequency(x)*(sqrt(2.0*w(x)*(2.0*w(x)-1.5+((1.0-w(x))/(delta(x)*E(e)))))-w(x))
	AlfvenFrequency(x)=sqrt(Gravitational_Constant*Mass_Star/(AlfvenRadius(x)**3.0))/(2.0*pi)
	AlfvenRadius(x)=((Gravitational_Constant*Mass_Star)**(-1.0/7.0))*((Mdot(x))**(-2.0/7.0))*(Magnetic_Moment**(4.0/7.0))
	Mdot(x)=(Luminosity(x)*Radius)/(Gravitational_Constant*Mass_Star)
	Luminosity(x)=4.0*pi*(Distance**2.0)*x
	w(x)=D(d)/AlfvenFrequency(x)
	D(x) = (400.0-200.0)/pi*(atan(x)+pi/2)+200.0
	delta(x)=a*(m(x)**(2.0/7.0))+B(b)*(m(x)**(9.0/7.0))+c*(m(x)**(10.0/7.0))
	m(x)=Mdot(x)*1.0E-18
	B(x) = (0.0+100.0)/pi*(atan(x)+pi/2)-100.0
	E(x) = (10.0-0.1)/pi*(atan(x)+pi/2)+0.1
fitted parameters initialized with current variable values

iter      chisq       delta/lim  lambda   a             b             c             d             e            
   0 7.3079140673e+09   0.00e+00  1.56e+02    1.000000e+00   1.000000e+00   1.000000e+00   1.000000e+00   1.000000e+00
   9 1.7521518100e+07  -9.79e-01  1.56e-01    4.937878e+00   1.078747e+02   8.832363e+01  -4.571990e+02  -9.110575e+01

After 9 iterations the fit converged.
final sum of squares of residuals : 1.75215e+07
rel. change during last iteration : -9.78561e-06

degrees of freedom    (FIT_NDF)                        : 5458
rms of residuals      (FIT_STDFIT) = sqrt(WSSR/ndf)    : 56.659
variance of residuals (reduced chisquare) = WSSR/ndf   : 3210.25

Final set of parameters            Asymptotic Standard Error
=======================            ==========================
a               = 4.93788          +/- 5.562e+04    (1.126e+06%)
b               = 107.875          +/- 1.747e+06    (1.62e+06%)
c               = 88.3236          +/- 9.956e+05    (1.127e+06%)
d               = -457.199         +/- 1.893e+05    (4.14e+04%)
e               = -91.1057         +/- 3.99e+06     (4.379e+06%)

correlation matrix of the fit parameters:
                a      b      c      d      e      
a               1.000 
b              -1.000  1.000 
c               1.000 -1.000  1.000 
d               0.988 -0.985  0.988  1.000 
e              -1.000  1.000 -1.000 -0.988  1.000 


*******************************************************************************
Thu Jun 23 21:18:25 2016


FIT:    data read from "Aql_X_1_Flux_QPO.dat" using 1:2
        format = x:z
        x range restricted to [1.00000e-10 : 5.00000e-09]
        #datapoints = 5463
        residuals are weighted equally (unit weight)

function used for fitting: y(x)
	y(x)=AlfvenFrequency(x)*(sqrt(2.0*w(x)*(2.0*w(x)-1.5+((1.0-w(x))/(delta(x)*E(e)))))-w(x))
	AlfvenFrequency(x)=sqrt(Gravitational_Constant*Mass_Star/(AlfvenRadius(x)**3.0))/(2.0*pi)
	AlfvenRadius(x)=((Gravitational_Constant*Mass_Star)**(-1.0/7.0))*((Mdot(x))**(-2.0/7.0))*(Magnetic_Moment**(4.0/7.0))
	Mdot(x)=(Luminosity(x)*Radius)/(Gravitational_Constant*Mass_Star)
	Luminosity(x)=4.0*pi*(Distance**2.0)*x
	w(x)=D(d)/AlfvenFrequency(x)
	D(x) = (400.0-200.0)/pi*(atan(x)+pi/2)+200.0
	delta(x)=a*(m(x)**(2.0/7.0))+B(b)*(m(x)**(9.0/7.0))+c*(m(x)**(10.0/7.0))
	m(x)=Mdot(x)*1.0E-18
	B(x) = (0.0+100.0)/pi*(atan(x)+pi/2)-100.0
	E(x) = (10.0-0.1)/pi*(atan(x)+pi/2)+0.1
fitted parameters initialized with current variable values

iter      chisq       delta/lim  lambda   a             b             c             d             e            
   0 7.3079140673e+09   0.00e+00  1.56e+02    1.000000e+00   1.000000e+00   1.000000e+00   1.000000e+00   1.000000e+00
   9 1.7521518100e+07  -9.79e-01  1.56e-01    4.937878e+00   1.078747e+02   8.832363e+01  -4.571990e+02  -9.110575e+01

After 9 iterations the fit converged.
final sum of squares of residuals : 1.75215e+07
rel. change during last iteration : -9.78561e-06

degrees of freedom    (FIT_NDF)                        : 5458
rms of residuals      (FIT_STDFIT) = sqrt(WSSR/ndf)    : 56.659
variance of residuals (reduced chisquare) = WSSR/ndf   : 3210.25

Final set of parameters            Asymptotic Standard Error
=======================            ==========================
a               = 4.93788          +/- 5.562e+04    (1.126e+06%)
b               = 107.875          +/- 1.747e+06    (1.62e+06%)
c               = 88.3236          +/- 9.956e+05    (1.127e+06%)
d               = -457.199         +/- 1.893e+05    (4.14e+04%)
e               = -91.1057         +/- 3.99e+06     (4.379e+06%)

correlation matrix of the fit parameters:
                a      b      c      d      e      
a               1.000 
b              -1.000  1.000 
c               1.000 -1.000  1.000 
d               0.988 -0.985  0.988  1.000 
e              -1.000  1.000 -1.000 -0.988  1.000 


*******************************************************************************
Thu Jun 23 21:19:15 2016


FIT:    data read from "Aql_X_1_Flux_QPO.dat" using 1:2
        format = x:z
        x range restricted to [1.00000e-10 : 5.00000e-09]
        #datapoints = 5463
        residuals are weighted equally (unit weight)

function used for fitting: y(x)
	y(x)=AlfvenFrequency(x)*(sqrt(2.0*w(x)*(2.0*w(x)-1.5+((1.0-w(x))/(delta(x)*E(e)))))-w(x))
	AlfvenFrequency(x)=sqrt(Gravitational_Constant*Mass_Star/(AlfvenRadius(x)**3.0))/(2.0*pi)
	AlfvenRadius(x)=((Gravitational_Constant*Mass_Star)**(-1.0/7.0))*((Mdot(x))**(-2.0/7.0))*(Magnetic_Moment**(4.0/7.0))
	Mdot(x)=(Luminosity(x)*Radius)/(Gravitational_Constant*Mass_Star)
	Luminosity(x)=4.0*pi*(Distance**2.0)*x
	w(x)=D(d)/AlfvenFrequency(x)
	D(x) = (400.0-200.0)/pi*(atan(x)+pi/2)+200.0
	delta(x)=a*(m(x)**(2.0/7.0))+B(b)*(m(x)**(9.0/7.0))+c*(m(x)**(10.0/7.0))
	m(x)=Mdot(x)*1.0E-18
	B(x) = (0.0+100.0)/pi*(atan(x)+pi/2)-100.0
	E(x) = (10.0-0.1)/pi*(atan(x)+pi/2)+0.1
fitted parameters initialized with current variable values

iter      chisq       delta/lim  lambda   a             b             c             d             e            
   0 7.3079140673e+09   0.00e+00  1.56e+02    1.000000e+00   1.000000e+00   1.000000e+00   1.000000e+00   1.000000e+00
   9 1.7521518100e+07  -9.79e-01  1.56e-01    4.937878e+00   1.078747e+02   8.832363e+01  -4.571990e+02  -9.110575e+01

After 9 iterations the fit converged.
final sum of squares of residuals : 1.75215e+07
rel. change during last iteration : -9.78561e-06

degrees of freedom    (FIT_NDF)                        : 5458
rms of residuals      (FIT_STDFIT) = sqrt(WSSR/ndf)    : 56.659
variance of residuals (reduced chisquare) = WSSR/ndf   : 3210.25

Final set of parameters            Asymptotic Standard Error
=======================            ==========================
a               = 4.93788          +/- 5.562e+04    (1.126e+06%)
b               = 107.875          +/- 1.747e+06    (1.62e+06%)
c               = 88.3236          +/- 9.956e+05    (1.127e+06%)
d               = -457.199         +/- 1.893e+05    (4.14e+04%)
e               = -91.1057         +/- 3.99e+06     (4.379e+06%)

correlation matrix of the fit parameters:
                a      b      c      d      e      
a               1.000 
b              -1.000  1.000 
c               1.000 -1.000  1.000 
d               0.988 -0.985  0.988  1.000 
e              -1.000  1.000 -1.000 -0.988  1.000 


*******************************************************************************
Thu Jun 23 21:20:45 2016


FIT:    data read from "Aql_X_1_Flux_QPO.dat" using 1:2
        format = x:z
        x range restricted to [1.00000e-10 : 5.00000e-09]
        #datapoints = 5463
        residuals are weighted equally (unit weight)

function used for fitting: y(x)
	y(x)=AlfvenFrequency(x)*(sqrt(2.0*w(x)*(2.0*w(x)-1.5+((1.0-w(x))/(delta(x)*E(e)))))-w(x))
	AlfvenFrequency(x)=sqrt(Gravitational_Constant*Mass_Star/(AlfvenRadius(x)**3.0))/(2.0*pi)
	AlfvenRadius(x)=((Gravitational_Constant*Mass_Star)**(-1.0/7.0))*((Mdot(x))**(-2.0/7.0))*(Magnetic_Moment**(4.0/7.0))
	Mdot(x)=(Luminosity(x)*Radius)/(Gravitational_Constant*Mass_Star)
	Luminosity(x)=4.0*pi*(Distance**2.0)*x
	w(x)=D(d)/AlfvenFrequency(x)
	D(x) = (400.0-200.0)/pi*(atan(x)+pi/2)+200.0
	delta(x)=a*(m(x)**(2.0/7.0))+B(b)*(m(x)**(9.0/7.0))+c*(m(x)**(10.0/7.0))
	m(x)=Mdot(x)*1.0E-18
	B(x) = (0.0+100.0)/pi*(atan(x)+pi/2)-100.0
	E(x) = (10.0-0.1)/pi*(atan(x)+pi/2)+0.1
fitted parameters initialized with current variable values

iter      chisq       delta/lim  lambda   a             b             c             d             e            
   0 7.3079140673e+09   0.00e+00  1.56e+02    1.000000e+00   1.000000e+00   1.000000e+00   1.000000e+00   1.000000e+00
   9 1.7521518100e+07  -9.79e-01  1.56e-01    4.937878e+00   1.078747e+02   8.832363e+01  -4.571990e+02  -9.110575e+01

After 9 iterations the fit converged.
final sum of squares of residuals : 1.75215e+07
rel. change during last iteration : -9.78561e-06

degrees of freedom    (FIT_NDF)                        : 5458
rms of residuals      (FIT_STDFIT) = sqrt(WSSR/ndf)    : 56.659
variance of residuals (reduced chisquare) = WSSR/ndf   : 3210.25

Final set of parameters            Asymptotic Standard Error
=======================            ==========================
a               = 4.93788          +/- 5.562e+04    (1.126e+06%)
b               = 107.875          +/- 1.747e+06    (1.62e+06%)
c               = 88.3236          +/- 9.956e+05    (1.127e+06%)
d               = -457.199         +/- 1.893e+05    (4.14e+04%)
e               = -91.1057         +/- 3.99e+06     (4.379e+06%)

correlation matrix of the fit parameters:
                a      b      c      d      e      
a               1.000 
b              -1.000  1.000 
c               1.000 -1.000  1.000 
d               0.988 -0.985  0.988  1.000 
e              -1.000  1.000 -1.000 -0.988  1.000 


*******************************************************************************
Thu Jun 23 21:23:45 2016


FIT:    data read from "Aql_X_1_Flux_QPO.dat" using 1:2
        format = x:z
        x range restricted to [1.00000e-10 : 5.00000e-09]
        #datapoints = 5463
        residuals are weighted equally (unit weight)

function used for fitting: y(x)
	y(x)=AlfvenFrequency(x)*(sqrt(2.0*w(x)*(2.0*w(x)-1.5+((1.0-w(x))/(delta(x)*E(e)))))-w(x))
	AlfvenFrequency(x)=sqrt(Gravitational_Constant*Mass_Star/(AlfvenRadius(x)**3.0))/(2.0*pi)
	AlfvenRadius(x)=((Gravitational_Constant*Mass_Star)**(-1.0/7.0))*((Mdot(x))**(-2.0/7.0))*(Magnetic_Moment**(4.0/7.0))
	Mdot(x)=(Luminosity(x)*Radius)/(Gravitational_Constant*Mass_Star)
	Luminosity(x)=4.0*pi*(Distance**2.0)*x
	w(x)=D(d)/AlfvenFrequency(x)
	D(x) = (400.0-200.0)/pi*(atan(x)+pi/2)+200.0
	delta(x)=a*(m(x)**(2.0/7.0))+B(b)*(m(x)**(9.0/7.0))+c*(m(x)**(10.0/7.0))
	m(x)=Mdot(x)*1.0E-18
	B(x) = (0.0+100.0)/pi*(atan(x)+pi/2)-100.0
	E(x) = (10.0-0.1)/pi*(atan(x)+pi/2)+0.1
fitted parameters initialized with current variable values

iter      chisq       delta/lim  lambda   a             b             c             d             e            
   0 7.3079140673e+09   0.00e+00  1.56e+02    1.000000e+00   1.000000e+00   1.000000e+00   1.000000e+00   1.000000e+00
   9 1.7521518100e+07  -9.79e-01  1.56e-01    4.937878e+00   1.078747e+02   8.832363e+01  -4.571990e+02  -9.110575e+01

After 9 iterations the fit converged.
final sum of squares of residuals : 1.75215e+07
rel. change during last iteration : -9.78561e-06

degrees of freedom    (FIT_NDF)                        : 5458
rms of residuals      (FIT_STDFIT) = sqrt(WSSR/ndf)    : 56.659
variance of residuals (reduced chisquare) = WSSR/ndf   : 3210.25

Final set of parameters            Asymptotic Standard Error
=======================            ==========================
a               = 4.93788          +/- 5.562e+04    (1.126e+06%)
b               = 107.875          +/- 1.747e+06    (1.62e+06%)
c               = 88.3236          +/- 9.956e+05    (1.127e+06%)
d               = -457.199         +/- 1.893e+05    (4.14e+04%)
e               = -91.1057         +/- 3.99e+06     (4.379e+06%)

correlation matrix of the fit parameters:
                a      b      c      d      e      
a               1.000 
b              -1.000  1.000 
c               1.000 -1.000  1.000 
d               0.988 -0.985  0.988  1.000 
e              -1.000  1.000 -1.000 -0.988  1.000 


*******************************************************************************
Thu Jun 23 21:24:14 2016


FIT:    data read from "Aql_X_1_Flux_QPO.dat" using 1:2
        format = x:z
        x range restricted to [1.00000e-10 : 5.00000e-09]
        #datapoints = 5463
        residuals are weighted equally (unit weight)

function used for fitting: y(x)
	y(x)=AlfvenFrequency(x)*(sqrt(2.0*w(x)*(2.0*w(x)-1.5+((1.0-w(x))/(delta(x)*E(e)))))-w(x))
	AlfvenFrequency(x)=sqrt(Gravitational_Constant*Mass_Star/(AlfvenRadius(x)**3.0))/(2.0*pi)
	AlfvenRadius(x)=((Gravitational_Constant*Mass_Star)**(-1.0/7.0))*((Mdot(x))**(-2.0/7.0))*(Magnetic_Moment**(4.0/7.0))
	Mdot(x)=(Luminosity(x)*Radius)/(Gravitational_Constant*Mass_Star)
	Luminosity(x)=4.0*pi*(Distance**2.0)*x
	w(x)=D(d)/AlfvenFrequency(x)
	D(x) = (400.0-200.0)/pi*(atan(x)+pi/2)+200.0
	delta(x)=a*(m(x)**(2.0/7.0))+B(b)*(m(x)**(9.0/7.0))+c*(m(x)**(10.0/7.0))
	m(x)=Mdot(x)*1.0E-18
	B(x) = (0.0+100.0)/pi*(atan(x)+pi/2)-100.0
	E(x) = (10.0-0.1)/pi*(atan(x)+pi/2)+0.1
fitted parameters initialized with current variable values

iter      chisq       delta/lim  lambda   a             b             c             d             e            
   0 7.3079140673e+09   0.00e+00  1.56e+02    1.000000e+00   1.000000e+00   1.000000e+00   1.000000e+00   1.000000e+00
   9 1.7521518100e+07  -9.79e-01  1.56e-01    4.937878e+00   1.078747e+02   8.832363e+01  -4.571990e+02  -9.110575e+01

After 9 iterations the fit converged.
final sum of squares of residuals : 1.75215e+07
rel. change during last iteration : -9.78561e-06

degrees of freedom    (FIT_NDF)                        : 5458
rms of residuals      (FIT_STDFIT) = sqrt(WSSR/ndf)    : 56.659
variance of residuals (reduced chisquare) = WSSR/ndf   : 3210.25

Final set of parameters            Asymptotic Standard Error
=======================            ==========================
a               = 4.93788          +/- 5.562e+04    (1.126e+06%)
b               = 107.875          +/- 1.747e+06    (1.62e+06%)
c               = 88.3236          +/- 9.956e+05    (1.127e+06%)
d               = -457.199         +/- 1.893e+05    (4.14e+04%)
e               = -91.1057         +/- 3.99e+06     (4.379e+06%)

correlation matrix of the fit parameters:
                a      b      c      d      e      
a               1.000 
b              -1.000  1.000 
c               1.000 -1.000  1.000 
d               0.988 -0.985  0.988  1.000 
e              -1.000  1.000 -1.000 -0.988  1.000 


*******************************************************************************
Thu Jun 23 21:24:59 2016


FIT:    data read from "Aql_X_1_Flux_QPO.dat" using 1:2
        format = x:z
        x range restricted to [1.00000e-10 : 5.00000e-09]
        #datapoints = 5463
        residuals are weighted equally (unit weight)

function used for fitting: y(x)
	y(x)=AlfvenFrequency(x)*(sqrt(2.0*w(x)*(2.0*w(x)-1.5+((1.0-w(x))/(delta(x)*E(e)))))-w(x))
	AlfvenFrequency(x)=sqrt(Gravitational_Constant*Mass_Star/(AlfvenRadius(x)**3.0))/(2.0*pi)
	AlfvenRadius(x)=((Gravitational_Constant*Mass_Star)**(-1.0/7.0))*((Mdot(x))**(-2.0/7.0))*(Magnetic_Moment**(4.0/7.0))
	Mdot(x)=(Luminosity(x)*Radius)/(Gravitational_Constant*Mass_Star)
	Luminosity(x)=4.0*pi*(Distance**2.0)*x
	w(x)=D(d)/AlfvenFrequency(x)
	D(x) = (400.0-200.0)/pi*(atan(x)+pi/2)+200.0
	delta(x)=a*(m(x)**(2.0/7.0))+B(b)*(m(x)**(9.0/7.0))+c*(m(x)**(10.0/7.0))
	m(x)=Mdot(x)*1.0E-18
	B(x) = (0.0+100.0)/pi*(atan(x)+pi/2)-100.0
	E(x) = (10.0-0.1)/pi*(atan(x)+pi/2)+0.1
fitted parameters initialized with current variable values

iter      chisq       delta/lim  lambda   a             b             c             d             e            
   0 6.4575596795e+09   0.00e+00  5.77e+02    1.000000e+00  -1.000000e+01   1.000000e+00   3.000000e+02   5.000000e+00
 191 1.7520947957e+07  -9.73e-01  5.77e+00    7.492076e-01   1.421398e+02   1.367726e+01  -6.381359e+03  -3.923961e+00

After 191 iterations the fit converged.
final sum of squares of residuals : 1.75209e+07
rel. change during last iteration : -9.72889e-06

degrees of freedom    (FIT_NDF)                        : 5458
rms of residuals      (FIT_STDFIT) = sqrt(WSSR/ndf)    : 56.6581
variance of residuals (reduced chisquare) = WSSR/ndf   : 3210.14

Final set of parameters            Asymptotic Standard Error
=======================            ==========================
a               = 0.749208         +/- 2940         (3.924e+05%)
b               = 142.14           +/- 6.009e+05    (4.227e+05%)
c               = 13.6773          +/- 5.368e+04    (3.925e+05%)
d               = -6381.36         +/- 2.396e+07    (3.755e+05%)
e               = -3.92396         +/- 1.809e+04    (4.61e+05%)

correlation matrix of the fit parameters:
                a      b      c      d      e      
a               1.000 
b              -1.000  1.000 
c               1.000 -1.000  1.000 
d               0.972 -0.969  0.972  1.000 
e              -1.000  1.000 -1.000 -0.972  1.000 


*******************************************************************************
Thu Jun 23 21:29:30 2016


FIT:    data read from "Aql_X_1_Flux_QPO.dat" using 1:2
        format = x:z
        x range restricted to [1.00000e-10 : 5.00000e-09]
        #datapoints = 5463
        residuals are weighted equally (unit weight)

function used for fitting: y(x)
	y(x)=AlfvenFrequency(x)*(sqrt(2.0*w(x)*(2.0*w(x)-1.5+((1.0-w(x))/(delta(x)*E(e)))))-w(x))
	AlfvenFrequency(x)=sqrt(Gravitational_Constant*Mass_Star/(AlfvenRadius(x)**3.0))/(2.0*pi)
	AlfvenRadius(x)=((Gravitational_Constant*Mass_Star)**(-1.0/7.0))*((Mdot(x))**(-2.0/7.0))*(Magnetic_Moment**(4.0/7.0))
	Mdot(x)=(Luminosity(x)*Radius)/(Gravitational_Constant*Mass_Star)
	Luminosity(x)=4.0*pi*(Distance**2.0)*x
	w(x)=D(d)/AlfvenFrequency(x)
	D(x) = (400.0-200.0)/pi*(atan(x)+pi/2)+200.0
	delta(x)=a*(m(x)**(2.0/7.0))+B(b)*(m(x)**(9.0/7.0))+c*(m(x)**(10.0/7.0))
	m(x)=Mdot(x)*1.0E-18
	B(x) = (0.0+100.0)/pi*(atan(x)+pi/2)-100.0
	E(x) = (10.0-0.1)/pi*(atan(x)+pi/2)+0.1
fitted parameters initialized with current variable values

iter      chisq       delta/lim  lambda   a             b             c             d             e            
   0 6.5305509455e+09   0.00e+00  3.77e+03    1.000000e+00  -1.000000e+00   1.000000e+00   1.000000e+00   1.000000e+00
  34 4.0763552854e+09  -2.70e-02  3.77e+07    1.023049e+00  -8.825217e-01   1.140844e+00   3.802124e-01  -1.147695e+00

After 34 iterations the fit converged.
final sum of squares of residuals : 4.07636e+09
rel. change during last iteration : -2.69759e-07

degrees of freedom    (FIT_NDF)                        : 5458
rms of residuals      (FIT_STDFIT) = sqrt(WSSR/ndf)    : 864.21
variance of residuals (reduced chisquare) = WSSR/ndf   : 746859

Final set of parameters            Asymptotic Standard Error
=======================            ==========================
a               = 1.02305          +/- 3.264e-05    (0.003191%)
b               = -0.882522        +/- 6.808        (771.4%)
c               = 1.14084          +/- 225.6        (1.978e+04%)
d               = 0.380212         +/- 0.3403       (89.5%)
e               = -1.1477          +/- 0.2322       (20.24%)

correlation matrix of the fit parameters:
                a      b      c      d      e      
a               1.000 
b               0.008  1.000 
c              -0.008 -1.000  1.000 
d               0.022  0.354 -0.352  1.000 
e              -0.010 -0.963  0.962 -0.451  1.000 


*******************************************************************************
Thu Jun 23 21:30:33 2016


FIT:    data read from "Aql_X_1_Flux_QPO.dat" using 1:2
        format = x:z
        x range restricted to [1.00000e-10 : 5.00000e-09]
        #datapoints = 5463
        residuals are weighted equally (unit weight)

function used for fitting: y(x)
	y(x)=AlfvenFrequency(x)*(sqrt(2.0*w(x)*(2.0*w(x)-1.5+((1.0-w(x))/(delta(x)*E(e)))))-w(x))
	AlfvenFrequency(x)=sqrt(Gravitational_Constant*Mass_Star/(AlfvenRadius(x)**3.0))/(2.0*pi)
	AlfvenRadius(x)=((Gravitational_Constant*Mass_Star)**(-1.0/7.0))*((Mdot(x))**(-2.0/7.0))*(Magnetic_Moment**(4.0/7.0))
	Mdot(x)=(Luminosity(x)*Radius)/(Gravitational_Constant*Mass_Star)
	Luminosity(x)=4.0*pi*(Distance**2.0)*x
	w(x)=D(d)/AlfvenFrequency(x)
	D(x) = (400.0-200.0)/pi*(atan(x)+pi/2)+200.0
	delta(x)=a*(m(x)**(2.0/7.0))+B(b)*(m(x)**(9.0/7.0))+c*(m(x)**(10.0/7.0))
	m(x)=Mdot(x)*1.0E-18
	B(x) = (0.0+100.0)/pi*(atan(x)+pi/2)-100.0
	E(x) = (10.0-0.1)/pi*(atan(x)+pi/2)+0.1
fitted parameters initialized with current variable values

iter      chisq       delta/lim  lambda   a             b             c             d             e            
   0 7.3079140673e+09   0.00e+00  1.56e+02    1.000000e+00   1.000000e+00   1.000000e+00   1.000000e+00   1.000000e+00
   9 1.7521518100e+07  -9.79e-01  1.56e-01    4.937878e+00   1.078747e+02   8.832363e+01  -4.571990e+02  -9.110575e+01

After 9 iterations the fit converged.
final sum of squares of residuals : 1.75215e+07
rel. change during last iteration : -9.78561e-06

degrees of freedom    (FIT_NDF)                        : 5458
rms of residuals      (FIT_STDFIT) = sqrt(WSSR/ndf)    : 56.659
variance of residuals (reduced chisquare) = WSSR/ndf   : 3210.25

Final set of parameters            Asymptotic Standard Error
=======================            ==========================
a               = 4.93788          +/- 5.562e+04    (1.126e+06%)
b               = 107.875          +/- 1.747e+06    (1.62e+06%)
c               = 88.3236          +/- 9.956e+05    (1.127e+06%)
d               = -457.199         +/- 1.893e+05    (4.14e+04%)
e               = -91.1057         +/- 3.99e+06     (4.379e+06%)

correlation matrix of the fit parameters:
                a      b      c      d      e      
a               1.000 
b              -1.000  1.000 
c               1.000 -1.000  1.000 
d               0.988 -0.985  0.988  1.000 
e              -1.000  1.000 -1.000 -0.988  1.000 


*******************************************************************************
Thu Jun 23 21:30:56 2016


FIT:    data read from "Aql_X_1_Flux_QPO.dat" using 1:2
        format = x:z
        x range restricted to [1.00000e-10 : 5.00000e-09]
        #datapoints = 5463
        residuals are weighted equally (unit weight)

function used for fitting: y(x)
	y(x)=AlfvenFrequency(x)*(sqrt(2.0*w(x)*(2.0*w(x)-1.5+((1.0-w(x))/(delta(x)*E(e)))))-w(x))
	AlfvenFrequency(x)=sqrt(Gravitational_Constant*Mass_Star/(AlfvenRadius(x)**3.0))/(2.0*pi)
	AlfvenRadius(x)=((Gravitational_Constant*Mass_Star)**(-1.0/7.0))*((Mdot(x))**(-2.0/7.0))*(Magnetic_Moment**(4.0/7.0))
	Mdot(x)=(Luminosity(x)*Radius)/(Gravitational_Constant*Mass_Star)
	Luminosity(x)=4.0*pi*(Distance**2.0)*x
	w(x)=D(d)/AlfvenFrequency(x)
	D(x) = (400.0-200.0)/pi*(atan(x)+pi/2)+200.0
	delta(x)=a*(m(x)**(2.0/7.0))+B(b)*(m(x)**(9.0/7.0))+c*(m(x)**(10.0/7.0))
	m(x)=Mdot(x)*1.0E-18
	B(x) = (0.0+100.0)/pi*(atan(x)+pi/2)-100.0
	E(x) = (10.0-0.1)/pi*(atan(x)+pi/2)+0.1
fitted parameters initialized with current variable values

iter      chisq       delta/lim  lambda   a             b             c             d             e            
   0 7.3079140673e+09   0.00e+00  1.56e+02    1.000000e+00   1.000000e+00   1.000000e+00   1.000000e+00   1.000000e+00
   9 1.7521518100e+07  -9.79e-01  1.56e-01    4.937878e+00   1.078747e+02   8.832363e+01  -4.571990e+02  -9.110575e+01

After 9 iterations the fit converged.
final sum of squares of residuals : 1.75215e+07
rel. change during last iteration : -9.78561e-06

degrees of freedom    (FIT_NDF)                        : 5458
rms of residuals      (FIT_STDFIT) = sqrt(WSSR/ndf)    : 56.659
variance of residuals (reduced chisquare) = WSSR/ndf   : 3210.25

Final set of parameters            Asymptotic Standard Error
=======================            ==========================
a               = 4.93788          +/- 5.562e+04    (1.126e+06%)
b               = 107.875          +/- 1.747e+06    (1.62e+06%)
c               = 88.3236          +/- 9.956e+05    (1.127e+06%)
d               = -457.199         +/- 1.893e+05    (4.14e+04%)
e               = -91.1057         +/- 3.99e+06     (4.379e+06%)

correlation matrix of the fit parameters:
                a      b      c      d      e      
a               1.000 
b              -1.000  1.000 
c               1.000 -1.000  1.000 
d               0.988 -0.985  0.988  1.000 
e              -1.000  1.000 -1.000 -0.988  1.000 


*******************************************************************************
Thu Jun 23 21:32:39 2016


FIT:    data read from "Aql_X_1_Flux_QPO.dat" using 1:2
        format = x:z
        x range restricted to [1.00000e-10 : 5.00000e-09]
        #datapoints = 5463
        residuals are weighted equally (unit weight)

function used for fitting: y(x)
	y(x)=AlfvenFrequency(x)*(sqrt(2.0*w(x)*(2.0*w(x)-1.5+((1.0-w(x))/(delta(x)*E(e)))))-w(x))
	AlfvenFrequency(x)=sqrt(Gravitational_Constant*Mass_Star/(AlfvenRadius(x)**3.0))/(2.0*pi)
	AlfvenRadius(x)=((Gravitational_Constant*Mass_Star)**(-1.0/7.0))*((Mdot(x))**(-2.0/7.0))*(Magnetic_Moment**(4.0/7.0))
	Mdot(x)=(Luminosity(x)*Radius)/(Gravitational_Constant*Mass_Star)
	Luminosity(x)=4.0*pi*(Distance**2.0)*x
	w(x)=D(d)/AlfvenFrequency(x)
	D(x) = (400.0-200.0)/pi*(atan(x)+pi/2)+200.0
	delta(x)=a*(m(x)**(2.0/7.0))+B(b)*(m(x)**(9.0/7.0))+c*(m(x)**(10.0/7.0))
	m(x)=Mdot(x)*1.0E-18
	B(x) = (0.0+100.0)/pi*(atan(x)+pi/2)-100.0
	E(x) = (10.0-0.1)/pi*(atan(x)+pi/2)+0.1
fitted parameters initialized with current variable values

iter      chisq       delta/lim  lambda   a             b             c             d             e            
   0 7.3079140673e+09   0.00e+00  1.56e+02    1.000000e+00   1.000000e+00   1.000000e+00   1.000000e+00   1.000000e+00
   9 1.7521518100e+07  -9.79e-01  1.56e-01    4.937878e+00   1.078747e+02   8.832363e+01  -4.571990e+02  -9.110575e+01

After 9 iterations the fit converged.
final sum of squares of residuals : 1.75215e+07
rel. change during last iteration : -9.78561e-06

degrees of freedom    (FIT_NDF)                        : 5458
rms of residuals      (FIT_STDFIT) = sqrt(WSSR/ndf)    : 56.659
variance of residuals (reduced chisquare) = WSSR/ndf   : 3210.25

Final set of parameters            Asymptotic Standard Error
=======================            ==========================
a               = 4.93788          +/- 5.562e+04    (1.126e+06%)
b               = 107.875          +/- 1.747e+06    (1.62e+06%)
c               = 88.3236          +/- 9.956e+05    (1.127e+06%)
d               = -457.199         +/- 1.893e+05    (4.14e+04%)
e               = -91.1057         +/- 3.99e+06     (4.379e+06%)

correlation matrix of the fit parameters:
                a      b      c      d      e      
a               1.000 
b              -1.000  1.000 
c               1.000 -1.000  1.000 
d               0.988 -0.985  0.988  1.000 
e              -1.000  1.000 -1.000 -0.988  1.000 
