GAUSSIAN FIT

*******************************************************************************
Thu Nov 24 16:44:59 2016


FIT:    data read from '1636-54_DNu_Nu1.dat' using 1:2
        format = x:z
        x range restricted to [600.000 : 1100.00]
        #datapoints = 11
        residuals are weighted equally (unit weight)

function used for fitting: f(x)
	f(x)=y0+sqrt(2/pi)*A1/w1*exp(-2*(x-xc1)**2/w1**2)+sqrt(2/pi)*A2/w2*exp(-2*(x-xc2)**2/w2**2)
fitted parameters initialized with current variable values

iter      chisq       delta/lim  lambda   y0            A1            w1            xc1           A2            w2            xc2          
   0 3.7227596721e+02   0.00e+00  1.58e+02    2.423987e+02   5.526611e+02   3.193839e+01   8.474322e+02   1.612790e+04   1.374622e+02   6.815921e+02
   5 3.7168459670e+02  -4.61e-01  1.58e+00    2.423847e+02   5.533673e+02   3.114080e+01   8.478871e+02   1.606661e+04   1.372651e+02   6.820322e+02

After 5 iterations the fit converged.
final sum of squares of residuals : 371.685
rel. change during last iteration : -4.60775e-06

degrees of freedom    (FIT_NDF)                        : 4
rms of residuals      (FIT_STDFIT) = sqrt(WSSR/ndf)    : 9.63956
variance of residuals (reduced chisquare) = WSSR/ndf   : 92.9211

Final set of parameters            Asymptotic Standard Error
=======================            ==========================
y0              = 242.385          +/- 6.793        (2.803%)
A1              = 553.367          +/- 784.5        (141.8%)
w1              = 31.1408          +/- 47.08        (151.2%)
xc1             = 847.887          +/- 18.63        (2.197%)
A2              = 16066.6          +/- 3116         (19.39%)
w2              = 137.265          +/- 23.84        (17.37%)
xc2             = 682.032          +/- 9.97         (1.462%)

correlation matrix of the fit parameters:
                y0     A1     w1     xc1    A2     w2     xc2    
y0              1.000 
A1             -0.583  1.000 
w1             -0.441  0.878  1.000 
xc1             0.040 -0.544 -0.635  1.000 
A2             -0.733  0.259  0.241  0.031  1.000 
w2             -0.451  0.007  0.074  0.072  0.858  1.000 
xc2             0.040  0.083  0.033 -0.024 -0.495 -0.616  1.000 

LORENTZIAN FIT
*******************************************************************************
Thu Nov 24 16:45:02 2016


FIT:    data read from '1636-54_DNu_Nu1.dat' using 1:2
        format = x:z
        x range restricted to [600.000 : 1100.00]
        #datapoints = 11
        residuals are weighted equally (unit weight)

function used for fitting: f(x)
	f(x)=y0+2*A1/pi*w1/(4*(x-xc1)**2+w1**2)+2*A2/pi*w2/(4*(x-xc2)**2+w2**2)
fitted parameters initialized with current variable values

iter      chisq       delta/lim  lambda   y0            A1            w1            xc1           A2            w2            xc2          
   0 2.3468090607e+03   0.00e+00  1.43e+02    2.423987e+02   5.526611e+02   3.193839e+01   8.474322e+02   1.612790e+04   1.374622e+02   6.815921e+02
  49 5.3973526957e+02  -9.85e-01  1.43e+00    2.241341e+02   3.848557e+02   1.042792e+01   8.485661e+02   3.431890e+04   1.956365e+02   6.798662e+02

After 49 iterations the fit converged.
final sum of squares of residuals : 539.735
rel. change during last iteration : -9.85477e-06

degrees of freedom    (FIT_NDF)                        : 4
rms of residuals      (FIT_STDFIT) = sqrt(WSSR/ndf)    : 11.6161
variance of residuals (reduced chisquare) = WSSR/ndf   : 134.934

Final set of parameters            Asymptotic Standard Error
=======================            ==========================
y0              = 224.134          +/- 17.07        (7.614%)
A1              = 384.856          +/- 3542         (920.4%)
w1              = 10.4279          +/- 278.2        (2668%)
xc1             = 848.566          +/- 7.14         (0.8415%)
A2              = 34318.9          +/- 1.384e+04    (40.34%)
w2              = 195.637          +/- 63.04        (32.22%)
xc2             = 679.866          +/- 11.94        (1.756%)

correlation matrix of the fit parameters:
                y0     A1     w1     xc1    A2     w2     xc2    
y0              1.000 
A1              0.501  1.000 
w1             -0.527 -0.989  1.000 
xc1             0.179  0.482 -0.485  1.000 
A2             -0.894 -0.247  0.244 -0.046  1.000 
w2             -0.738 -0.072  0.052  0.037  0.942  1.000 
xc2             0.189 -0.004  0.014 -0.008 -0.422 -0.482  1.000 
