

*******************************************************************************
Thu Dec  8 11:42:55 2016


FIT:    data read from '1636-54_DNu_Nu1.dat' using 1:2:($3-$4)/2.0
        format = x:z:s
        x range restricted to [600.000 : 1100.00]
        #datapoints = 11
function used for fitting: f(x)
	f(x)=A2+(A1-A2)/(1+exp((x-x0)/dx))
fitted parameters initialized with current variable values

iter      chisq       delta/lim  lambda   A1            A2            x0            dx           
   0 9.1202688283e+00   0.00e+00  2.55e+01    2.482169e+02   3.274045e+02   7.712469e+02  -1.114845e+01
   6 8.3057343459e+00  -5.47e-01  2.55e-05    2.464935e+02   3.274987e+02   7.719134e+02  -1.223724e+01

After 6 iterations the fit converged.
final sum of squares of residuals : 8.30573
rel. change during last iteration : -5.47437e-06

degrees of freedom    (FIT_NDF)                        : 7
rms of residuals      (FIT_STDFIT) = sqrt(WSSR/ndf)    : 1.08928
variance of residuals (reduced chisquare) = WSSR/ndf   : 1.18653
p-value of the Chisq distribution (FIT_P)              : 0.306408

Final set of parameters            Asymptotic Standard Error
=======================            ==========================
A1              = 246.494          +/- 2.071        (0.8403%)
A2              = 327.499          +/- 4.878        (1.489%)
x0              = 771.913          +/- 16.11        (2.087%)
dx              = -12.2372         +/- 10.73        (87.72%)

correlation matrix of the fit parameters:
                A1     A2     x0     dx     
A1              1.000 
A2             -0.023  1.000 
x0             -0.037 -0.335  1.000 
dx              0.096 -0.335  0.672  1.000 


*******************************************************************************
Thu Dec  8 11:42:56 2016


FIT:    data read from '1636-54_DNu_Nu1.dat' using 1:2:($3-$4)/2.0
        format = x:z:s
        x range restricted to [600.000 : 1100.00]
        #datapoints = 11
function used for fitting: f(x)
	f(x)=y0+A*sqrt(2/pi)/w*exp(-2*((x-xc)/w)**2)
fitted parameters initialized with current variable values

iter      chisq       delta/lim  lambda   y0            A             xc            w            
   0 9.0881535378e+00   0.00e+00  2.67e+01    2.462171e+02   1.626936e+04   6.803744e+02   1.433975e+02
   5 8.5437070418e+00  -1.12e-01  2.67e-04    2.442426e+02   1.743132e+04   6.797840e+02   1.522909e+02

After 5 iterations the fit converged.
final sum of squares of residuals : 8.54371
rel. change during last iteration : -1.11872e-06

degrees of freedom    (FIT_NDF)                        : 7
rms of residuals      (FIT_STDFIT) = sqrt(WSSR/ndf)    : 1.10478
variance of residuals (reduced chisquare) = WSSR/ndf   : 1.22053
p-value of the Chisq distribution (FIT_P)              : 0.287096

Final set of parameters            Asymptotic Standard Error
=======================            ==========================
y0              = 244.243          +/- 3.273        (1.34%)
A               = 17431.3          +/- 3090         (17.73%)
xc              = 679.784          +/- 10.09        (1.484%)
w               = 152.291          +/- 29.28        (19.23%)

correlation matrix of the fit parameters:
                y0     A      xc     w      
y0              1.000 
A              -0.809  1.000 
xc              0.181 -0.369  1.000 
w              -0.723  0.926 -0.518  1.000 


*******************************************************************************
Thu Dec  8 11:42:57 2016


FIT:    data read from '1636-54_DNu_Nu1.dat' using 1:2:($3-$4)/2.0
        format = x:z:s
        x range restricted to [600.000 : 1100.00]
        #datapoints = 11
function used for fitting: f(x)
	f(x)=y0+2*A/pi*w/(4*(x-xc)**2+w**2)
fitted parameters initialized with current variable values

iter      chisq       delta/lim  lambda   y0            A             w             xc           
   0 9.0421156605e+00   0.00e+00  2.76e+01    2.286797e+02   3.317022e+04   1.917214e+02   6.796132e+02
   5 8.9201988984e+00  -7.43e-01  2.76e-04    2.268854e+02   3.461124e+04   1.976712e+02   6.796346e+02

After 5 iterations the fit converged.
final sum of squares of residuals : 8.9202
rel. change during last iteration : -7.43118e-06

degrees of freedom    (FIT_NDF)                        : 7
rms of residuals      (FIT_STDFIT) = sqrt(WSSR/ndf)    : 1.12886
variance of residuals (reduced chisquare) = WSSR/ndf   : 1.27431
p-value of the Chisq distribution (FIT_P)              : 0.258436

Final set of parameters            Asymptotic Standard Error
=======================            ==========================
y0              = 226.885          +/- 10.71        (4.719%)
A               = 34611.2          +/- 1.193e+04    (34.48%)
w               = 197.671          +/- 62.03        (31.38%)
xc              = 679.635          +/- 8.256        (1.215%)

correlation matrix of the fit parameters:
                y0     A      w      xc     
y0              1.000 
A              -0.980  1.000 
w              -0.947  0.978  1.000 
xc              0.160 -0.244 -0.343  1.000 


*******************************************************************************
Thu Dec  8 11:42:57 2016


FIT:    data read from '1636-54_DNu_Nu1.dat' using 1:2:($3-$4)/2.0
        format = x:z:s
        x range restricted to [600.000 : 1100.00]
        #datapoints = 11
function used for fitting: f(x)
	f(x)=y0+sqrt(2/pi)*A1/w1*exp(-2*(x-xc1)**2/w1**2)+sqrt(2/pi)*A2/w2*exp(-2*(x-xc2)**2/w2**2)
fitted parameters initialized with current variable values

iter      chisq       delta/lim  lambda   y0            A1            w1            xc1           A2            w2            xc2          
   0 6.4613318620e+00   0.00e+00  2.39e+01    2.458224e+02   1.520163e+04   1.294274e+02   6.810574e+02   3.765560e+02   2.239863e+01   8.469380e+02
  18 6.1217646414e+00  -9.40e-01  2.39e-01    2.445862e+02   1.564718e+04   1.319457e+02   6.810247e+02   4.107927e+02   2.328688e+01   8.472270e+02

After 18 iterations the fit converged.
final sum of squares of residuals : 6.12176
rel. change during last iteration : -9.404e-06

degrees of freedom    (FIT_NDF)                        : 4
rms of residuals      (FIT_STDFIT) = sqrt(WSSR/ndf)    : 1.23711
variance of residuals (reduced chisquare) = WSSR/ndf   : 1.53044
p-value of the Chisq distribution (FIT_P)              : 0.190237

Final set of parameters            Asymptotic Standard Error
=======================            ==========================
y0              = 244.586          +/- 2.796        (1.143%)
A1              = 15647.2          +/- 2858         (18.27%)
w1              = 131.946          +/- 30.64        (23.22%)
xc1             = 681.025          +/- 8.375        (1.23%)
A2              = 410.793          +/- 755.9        (184%)
w2              = 23.2869          +/- 63.76        (273.8%)
xc2             = 847.227          +/- 15.98        (1.886%)

correlation matrix of the fit parameters:
                y0     A1     w1     xc1    A2     w2     xc2    
y0              1.000 
A1             -0.540  1.000 
w1             -0.399  0.913  1.000 
xc1             0.049 -0.202 -0.357  1.000 
A2             -0.174 -0.205 -0.269  0.038  1.000 
w2             -0.174 -0.049 -0.094  0.018  0.898  1.000 
xc2             0.048  0.090  0.112 -0.011 -0.696 -0.688  1.000 



*******************************************************************************
Tue Dec 20 16:50:04 2016


FIT:    data read from '1636-54_DNu_Nu1.dat' using 1:2:($3-$4)/2.0
        format = x:z:s
        x range restricted to [600.000 : 1100.00]
        #datapoints = 11
function used for fitting: f(x)
	f(x)=y0+A*sqrt(2/pi)/w*exp(-2*((x-xc)/w)**2)
fitted parameters initialized with current variable values

iter      chisq       delta/lim  lambda   y0            A             xc            w            
   0 9.0881535378e+00   0.00e+00  2.67e+01    2.462171e+02   1.626936e+04   6.803744e+02   1.433975e+02
   5 8.5437070418e+00  -1.12e-01  2.67e-04    2.442426e+02   1.743132e+04   6.797840e+02   1.522909e+02

After 5 iterations the fit converged.
final sum of squares of residuals : 8.54371
rel. change during last iteration : -1.11872e-06

degrees of freedom    (FIT_NDF)                        : 7
rms of residuals      (FIT_STDFIT) = sqrt(WSSR/ndf)    : 1.10478
variance of residuals (reduced chisquare) = WSSR/ndf   : 1.22053
p-value of the Chisq distribution (FIT_P)              : 0.287096

Final set of parameters            Asymptotic Standard Error
=======================            ==========================
y0              = 244.243          +/- 3.273        (1.34%)
A               = 17431.3          +/- 3090         (17.73%)
xc              = 679.784          +/- 10.09        (1.484%)
w               = 152.291          +/- 29.28        (19.23%)

correlation matrix of the fit parameters:
                y0     A      xc     w      
y0              1.000 
A              -0.809  1.000 
xc              0.181 -0.369  1.000 
w              -0.723  0.926 -0.518  1.000 


*******************************************************************************
Tue Dec 20 16:50:06 2016


FIT:    data read from '1636-54_DNu_Nu1.dat' using 1:2:($3-$4)/2.0
        format = x:z:s
        x range restricted to [600.000 : 1100.00]
        #datapoints = 11
function used for fitting: f(x)
	f(x)=y0+2*A/pi*w/(4*(x-xc)**2+w**2)
fitted parameters initialized with current variable values

iter      chisq       delta/lim  lambda   y0            A             w             xc           
   0 9.0421156605e+00   0.00e+00  2.76e+01    2.286797e+02   3.317022e+04   1.917214e+02   6.796132e+02
   5 8.9201988984e+00  -7.43e-01  2.76e-04    2.268854e+02   3.461124e+04   1.976712e+02   6.796346e+02

After 5 iterations the fit converged.
final sum of squares of residuals : 8.9202
rel. change during last iteration : -7.43118e-06

degrees of freedom    (FIT_NDF)                        : 7
rms of residuals      (FIT_STDFIT) = sqrt(WSSR/ndf)    : 1.12886
variance of residuals (reduced chisquare) = WSSR/ndf   : 1.27431
p-value of the Chisq distribution (FIT_P)              : 0.258436

Final set of parameters            Asymptotic Standard Error
=======================            ==========================
y0              = 226.885          +/- 10.71        (4.719%)
A               = 34611.2          +/- 1.193e+04    (34.48%)
w               = 197.671          +/- 62.03        (31.38%)
xc              = 679.635          +/- 8.256        (1.215%)

correlation matrix of the fit parameters:
                y0     A      w      xc     
y0              1.000 
A              -0.980  1.000 
w              -0.947  0.978  1.000 
xc              0.160 -0.244 -0.343  1.000 


*******************************************************************************
Tue Dec 20 16:50:08 2016


FIT:    data read from '1636-54_DNu_Nu1.dat' using 1:2:($3-$4)/2.0
        format = x:z:s
        x range restricted to [600.000 : 1100.00]
        #datapoints = 11
function used for fitting: f(x)
	f(x)=y0+sqrt(2/pi)*A1/w1*exp(-2*(x-xc1)**2/w1**2)+sqrt(2/pi)*A2/w2*exp(-2*(x-xc2)**2/w2**2)
fitted parameters initialized with current variable values

iter      chisq       delta/lim  lambda   y0            A1            w1            xc1           A2            w2            xc2          
   0 6.4613318620e+00   0.00e+00  2.39e+01    2.458224e+02   1.520163e+04   1.294274e+02   6.810574e+02   3.765560e+02   2.239863e+01   8.469380e+02
  18 6.1217646414e+00  -9.40e-01  2.39e-01    2.445862e+02   1.564718e+04   1.319457e+02   6.810247e+02   4.107927e+02   2.328688e+01   8.472270e+02

After 18 iterations the fit converged.
final sum of squares of residuals : 6.12176
rel. change during last iteration : -9.404e-06

degrees of freedom    (FIT_NDF)                        : 4
rms of residuals      (FIT_STDFIT) = sqrt(WSSR/ndf)    : 1.23711
variance of residuals (reduced chisquare) = WSSR/ndf   : 1.53044
p-value of the Chisq distribution (FIT_P)              : 0.190237

Final set of parameters            Asymptotic Standard Error
=======================            ==========================
y0              = 244.586          +/- 2.796        (1.143%)
A1              = 15647.2          +/- 2858         (18.27%)
w1              = 131.946          +/- 30.64        (23.22%)
xc1             = 681.025          +/- 8.375        (1.23%)
A2              = 410.793          +/- 755.9        (184%)
w2              = 23.2869          +/- 63.76        (273.8%)
xc2             = 847.227          +/- 15.98        (1.886%)

correlation matrix of the fit parameters:
                y0     A1     w1     xc1    A2     w2     xc2    
y0              1.000 
A1             -0.540  1.000 
w1             -0.399  0.913  1.000 
xc1             0.049 -0.202 -0.357  1.000 
A2             -0.174 -0.205 -0.269  0.038  1.000 
w2             -0.174 -0.049 -0.094  0.018  0.898  1.000 
xc2             0.048  0.090  0.112 -0.011 -0.696 -0.688  1.000 


*******************************************************************************
Tue Dec 20 16:50:11 2016


FIT:    data read from '1636-54_DNu_Nu1.dat' using 1:2:($3-$4)/2.0
        format = x:z:s
        x range restricted to [600.000 : 1100.00]
        #datapoints = 11
function used for fitting: f(x)
	f(x)=y0+2*A1/pi*w1/(4*(x-xc1)**2+w1**2)+2*A2/pi*w2/(4*(x-xc2)**2+w2**2)
fitted parameters initialized with current variable values

iter      chisq       delta/lim  lambda   y0            A1            w1            xc1           A2            w2            xc2          
   0 3.0552762699e+01   0.00e+00  2.12e+01    2.150698e+02   4.915607e+04   2.581068e+02   6.832395e+02   1.556126e+03   3.412048e+01   7.972422e+02
  62 8.3424058932e+00  -9.78e-01  2.12e-01    2.284794e+02   3.223834e+04   1.844964e+02   6.795716e+02   5.355425e+02   3.936666e+00   8.484213e+02

After 62 iterations the fit converged.
final sum of squares of residuals : 8.34241
rel. change during last iteration : -9.7788e-06

degrees of freedom    (FIT_NDF)                        : 4
rms of residuals      (FIT_STDFIT) = sqrt(WSSR/ndf)    : 1.44416
variance of residuals (reduced chisquare) = WSSR/ndf   : 2.0856
p-value of the Chisq distribution (FIT_P)              : 0.0798107

Final set of parameters            Asymptotic Standard Error
=======================            ==========================
y0              = 228.479          +/- 13.06        (5.714%)
A1              = 32238.3          +/- 1.481e+04    (45.94%)
w1              = 184.496          +/- 82.75        (44.85%)
xc1             = 679.572          +/- 9.559        (1.407%)
A2              = 535.542          +/- 1.231e+05    (2.299e+04%)
w2              = 3.93667          +/- 1038         (2.637e+04%)
xc2             = 848.421          +/- 13.14        (1.549%)

correlation matrix of the fit parameters:
                y0     A1     w1     xc1    A2     w2     xc2    
y0              1.000 
A1             -0.933  1.000 
w1             -0.872  0.976  1.000 
xc1             0.113 -0.172 -0.256  1.000 
A2              0.170  0.126  0.220  0.024  1.000 
w2             -0.166 -0.130 -0.223 -0.024 -1.000  1.000 
xc2             0.114  0.137  0.215  0.024  0.856 -0.857  1.000 


*******************************************************************************
Tue May 23 16:34:53 2017


FIT:    data read from '1636-54_DNu_Nu1.dat' using 1:2:($3-$4)/2.0
        format = x:z:s
        x range restricted to [600.000 : 1100.00]
        #datapoints = 11
function used for fitting: f(x)
	f(x)=y0+A*sqrt(2/pi)/w*exp(-2*((x-xc)/w)**2)
fitted parameters initialized with current variable values

iter      chisq       delta/lim  lambda   y0            A             xc            w            
   0 9.0881535378e+00   0.00e+00  2.67e+01    2.462171e+02   1.626936e+04   6.803744e+02   1.433975e+02
   5 8.5437070418e+00  -1.12e-01  2.67e-04    2.442426e+02   1.743132e+04   6.797840e+02   1.522909e+02

After 5 iterations the fit converged.
final sum of squares of residuals : 8.54371
rel. change during last iteration : -1.11872e-06

degrees of freedom    (FIT_NDF)                        : 7
rms of residuals      (FIT_STDFIT) = sqrt(WSSR/ndf)    : 1.10478
variance of residuals (reduced chisquare) = WSSR/ndf   : 1.22053
p-value of the Chisq distribution (FIT_P)              : 0.287096

Final set of parameters            Asymptotic Standard Error
=======================            ==========================
y0              = 244.243          +/- 3.273        (1.34%)
A               = 17431.3          +/- 3090         (17.73%)
xc              = 679.784          +/- 10.09        (1.484%)
w               = 152.291          +/- 29.28        (19.23%)

correlation matrix of the fit parameters:
                y0     A      xc     w      
y0              1.000 
A              -0.809  1.000 
xc              0.181 -0.369  1.000 
w              -0.723  0.926 -0.518  1.000 


*******************************************************************************
Tue May 23 16:34:53 2017


FIT:    data read from '1636-54_DNu_Nu1.dat' using 1:2:($3-$4)/2.0
        format = x:z:s
        x range restricted to [600.000 : 1100.00]
        #datapoints = 11
function used for fitting: f(x)
	f(x)=y0+2*A/pi*w/(4*(x-xc)**2+w**2)
fitted parameters initialized with current variable values

iter      chisq       delta/lim  lambda   y0            A             w             xc           
   0 9.0421156605e+00   0.00e+00  2.76e+01    2.286797e+02   3.317022e+04   1.917214e+02   6.796132e+02
   5 8.9201988984e+00  -7.43e-01  2.76e-04    2.268854e+02   3.461124e+04   1.976712e+02   6.796346e+02

After 5 iterations the fit converged.
final sum of squares of residuals : 8.9202
rel. change during last iteration : -7.43118e-06

degrees of freedom    (FIT_NDF)                        : 7
rms of residuals      (FIT_STDFIT) = sqrt(WSSR/ndf)    : 1.12886
variance of residuals (reduced chisquare) = WSSR/ndf   : 1.27431
p-value of the Chisq distribution (FIT_P)              : 0.258436

Final set of parameters            Asymptotic Standard Error
=======================            ==========================
y0              = 226.885          +/- 10.71        (4.719%)
A               = 34611.2          +/- 1.193e+04    (34.48%)
w               = 197.671          +/- 62.03        (31.38%)
xc              = 679.635          +/- 8.256        (1.215%)

correlation matrix of the fit parameters:
                y0     A      w      xc     
y0              1.000 
A              -0.980  1.000 
w              -0.947  0.978  1.000 
xc              0.160 -0.244 -0.343  1.000 


*******************************************************************************
Tue May 23 16:34:54 2017


FIT:    data read from '1636-54_DNu_Nu1.dat' using 1:2:($3-$4)/2.0
        format = x:z:s
        x range restricted to [600.000 : 1100.00]
        #datapoints = 11
function used for fitting: f(x)
	f(x)=y0+sqrt(2/pi)*A1/w1*exp(-2*(x-xc1)**2/w1**2)+sqrt(2/pi)*A2/w2*exp(-2*(x-xc2)**2/w2**2)
fitted parameters initialized with current variable values

iter      chisq       delta/lim  lambda   y0            A1            w1            xc1           A2            w2            xc2          
   0 6.4613318620e+00   0.00e+00  2.39e+01    2.458224e+02   1.520163e+04   1.294274e+02   6.810574e+02   3.765560e+02   2.239863e+01   8.469380e+02
  18 6.1217646414e+00  -9.40e-01  2.39e-01    2.445862e+02   1.564718e+04   1.319457e+02   6.810247e+02   4.107927e+02   2.328688e+01   8.472270e+02

After 18 iterations the fit converged.
final sum of squares of residuals : 6.12176
rel. change during last iteration : -9.404e-06

degrees of freedom    (FIT_NDF)                        : 4
rms of residuals      (FIT_STDFIT) = sqrt(WSSR/ndf)    : 1.23711
variance of residuals (reduced chisquare) = WSSR/ndf   : 1.53044
p-value of the Chisq distribution (FIT_P)              : 0.190237

Final set of parameters            Asymptotic Standard Error
=======================            ==========================
y0              = 244.586          +/- 2.796        (1.143%)
A1              = 15647.2          +/- 2858         (18.27%)
w1              = 131.946          +/- 30.64        (23.22%)
xc1             = 681.025          +/- 8.375        (1.23%)
A2              = 410.793          +/- 755.9        (184%)
w2              = 23.2869          +/- 63.76        (273.8%)
xc2             = 847.227          +/- 15.98        (1.886%)

correlation matrix of the fit parameters:
                y0     A1     w1     xc1    A2     w2     xc2    
y0              1.000 
A1             -0.540  1.000 
w1             -0.399  0.913  1.000 
xc1             0.049 -0.202 -0.357  1.000 
A2             -0.174 -0.205 -0.269  0.038  1.000 
w2             -0.174 -0.049 -0.094  0.018  0.898  1.000 
xc2             0.048  0.090  0.112 -0.011 -0.696 -0.688  1.000 


*******************************************************************************
Tue May 23 16:34:55 2017


FIT:    data read from '1636-54_DNu_Nu1.dat' using 1:2:($3-$4)/2.0
        format = x:z:s
        x range restricted to [600.000 : 1100.00]
        #datapoints = 11
function used for fitting: f(x)
	f(x)=y0+2*A1/pi*w1/(4*(x-xc1)**2+w1**2)+2*A2/pi*w2/(4*(x-xc2)**2+w2**2)
fitted parameters initialized with current variable values

iter      chisq       delta/lim  lambda   y0            A1            w1            xc1           A2            w2            xc2          
   0 3.0552762699e+01   0.00e+00  2.12e+01    2.150698e+02   4.915607e+04   2.581068e+02   6.832395e+02   1.556126e+03   3.412048e+01   7.972422e+02
  62 8.3424058932e+00  -9.78e-01  2.12e-01    2.284794e+02   3.223834e+04   1.844964e+02   6.795716e+02   5.355425e+02   3.936666e+00   8.484213e+02

After 62 iterations the fit converged.
final sum of squares of residuals : 8.34241
rel. change during last iteration : -9.7788e-06

degrees of freedom    (FIT_NDF)                        : 4
rms of residuals      (FIT_STDFIT) = sqrt(WSSR/ndf)    : 1.44416
variance of residuals (reduced chisquare) = WSSR/ndf   : 2.0856
p-value of the Chisq distribution (FIT_P)              : 0.0798107

Final set of parameters            Asymptotic Standard Error
=======================            ==========================
y0              = 228.479          +/- 13.06        (5.714%)
A1              = 32238.3          +/- 1.481e+04    (45.94%)
w1              = 184.496          +/- 82.75        (44.85%)
xc1             = 679.572          +/- 9.559        (1.407%)
A2              = 535.542          +/- 1.231e+05    (2.299e+04%)
w2              = 3.93667          +/- 1038         (2.637e+04%)
xc2             = 848.421          +/- 13.14        (1.549%)

correlation matrix of the fit parameters:
                y0     A1     w1     xc1    A2     w2     xc2    
y0              1.000 
A1             -0.933  1.000 
w1             -0.872  0.976  1.000 
xc1             0.113 -0.172 -0.256  1.000 
A2              0.170  0.126  0.220  0.024  1.000 
w2             -0.166 -0.130 -0.223 -0.024 -1.000  1.000 
xc2             0.114  0.137  0.215  0.024  0.856 -0.857  1.000 
