

*******************************************************************************
Thu Dec  8 11:44:40 2016


FIT:    data read from '1728-34_DNu_Nu1.dat' using 1:2:($3-$4)/2.0 yerrors
        format = x:z:s
        x range restricted to [500.000 : 950.000]
        #datapoints = 8
function used for fitting: f(x)
	f(x)=y0+sqrt(2/pi)*A1/w1*exp(-2*(x-xc1)**2/w1**2)+sqrt(2/pi)*A2/w2*exp(-2*(x-xc2)**2/w2**2)
fitted parameters initialized with current variable values

iter      chisq       delta/lim  lambda   y0            A1            w1            xc1           A2            w2            xc2          
   0 1.2488177024e+00   0.00e+00  7.08e+02   -4.923613e+03   1.855371e+07   2.805307e+03   6.501312e+02   3.843596e+03   6.731730e+01   8.225521e+02
   2 1.2468601835e+00  -4.74e-02  7.08e+00   -4.923637e+03   1.855363e+07   2.805321e+03   6.501307e+02   3.843595e+03   6.731731e+01   8.225520e+02

After 2 iterations the fit converged.
final sum of squares of residuals : 1.24686
rel. change during last iteration : -4.74327e-07

degrees of freedom    (FIT_NDF)                        : 1
rms of residuals      (FIT_STDFIT) = sqrt(WSSR/ndf)    : 1.11663
variance of residuals (reduced chisquare) = WSSR/ndf   : 1.24686
p-value of the Chisq distribution (FIT_P)              : 0.264153

Final set of parameters            Asymptotic Standard Error
=======================            ==========================
y0              = -4923.64         +/- 9.899e+05    (2.011e+04%)
A1              = 1.85536e+07      +/- 5.239e+09    (2.824e+04%)
w1              = 2805.32          +/- 2.662e+05    (9488%)
xc1             = 650.131          +/- 22.18        (3.412%)
A2              = 3843.6           +/- 4769         (124.1%)
w2              = 67.3173          +/- 55.19        (81.99%)
xc2             = 822.552          +/- 10.27        (1.249%)

correlation matrix of the fit parameters:
                y0     A1     w1     xc1    A2     w2     xc2    
y0              1.000 
A1             -1.000  1.000 
w1             -1.000  1.000  1.000 
xc1             0.136 -0.136 -0.136  1.000 
A2              0.920 -0.920 -0.920 -0.043  1.000 
w2              0.830 -0.831 -0.831 -0.159  0.930  1.000 
xc2             0.344 -0.344 -0.345  0.016  0.526  0.598  1.000 


*******************************************************************************
Thu Dec  8 11:44:41 2016


FIT:    data read from '1728-34_DNu_Nu1.dat' using 1:2:($3-$4)/2.0 yerrors
        format = x:z:s
        x range restricted to [500.000 : 950.000]
        #datapoints = 8
function used for fitting: f(x)
	f(x)=y0+2*A1/pi*w1/(4*(x-xc1)**2+w1**2)+2*A2/pi*w2/(4*(x-xc2)**2+w2**2)
fitted parameters initialized with current variable values

iter      chisq       delta/lim  lambda   y0            A1            w1            xc1           A2            w2            xc2          
   0 1.0652000384e+00   0.00e+00  7.56e+02   -5.271794e+03   3.693768e+07   4.181966e+03   6.385443e+02   6.987786e+03   5.067731e+01   8.226819e+02
   2 1.0559051305e+00  -2.65e-01  7.56e+00   -5.271846e+03   3.693732e+07   4.182007e+03   6.385433e+02   6.987784e+03   5.067731e+01   8.226816e+02

After 2 iterations the fit converged.
final sum of squares of residuals : 1.05591
rel. change during last iteration : -2.65376e-06

degrees of freedom    (FIT_NDF)                        : 1
rms of residuals      (FIT_STDFIT) = sqrt(WSSR/ndf)    : 1.02757
variance of residuals (reduced chisquare) = WSSR/ndf   : 1.05591
p-value of the Chisq distribution (FIT_P)              : 0.304151

Final set of parameters            Asymptotic Standard Error
=======================            ==========================
y0              = -5271.85         +/- 7.078e+05    (1.343e+04%)
A1              = 3.69373e+07      +/- 7.018e+09    (1.9e+04%)
w1              = 4182.01          +/- 2.684e+05    (6418%)
xc1             = 638.543          +/- 40.15        (6.288%)
A2              = 6987.78          +/- 6648         (95.14%)
w2              = 50.6773          +/- 245.3        (484%)
xc2             = 822.682          +/- 6.21         (0.7549%)

correlation matrix of the fit parameters:
                y0     A1     w1     xc1    A2     w2     xc2    
y0              1.000 
A1             -1.000  1.000 
w1             -1.000  1.000  1.000 
xc1            -0.518  0.517  0.517  1.000 
A2              0.953 -0.953 -0.953 -0.558  1.000 
w2              0.923 -0.923 -0.923 -0.743  0.895  1.000 
xc2             0.611 -0.612 -0.612 -0.476  0.633  0.710  1.000 


*******************************************************************************
Tue Dec 20 17:39:44 2016


FIT:    data read from '1728-34_DNu_Nu1.dat' using 1:2:($3-$4)/2.0 yerrors
        format = x:z:s
        x range restricted to [500.000 : 950.000]
        #datapoints = 8
function used for fitting: f(x)
	f(x)=y0+A*sqrt(2/pi)/w*exp(-2*((x-xc)/w)**2)
fitted parameters initialized with current variable values

iter      chisq       delta/lim  lambda   y0            A             w             xc           
   0 1.4252160764e+01   0.00e+00  1.47e+03   -7.868063e+03   4.277025e+07   4.150925e+03   6.669911e+02
   2 1.4247431354e+01  -2.99e-02  1.47e+01   -7.868101e+03   4.277006e+07   4.150945e+03   6.669911e+02

After 2 iterations the fit converged.
final sum of squares of residuals : 14.2474
rel. change during last iteration : -2.98631e-07

degrees of freedom    (FIT_NDF)                        : 4
rms of residuals      (FIT_STDFIT) = sqrt(WSSR/ndf)    : 1.88729
variance of residuals (reduced chisquare) = WSSR/ndf   : 3.56186
p-value of the Chisq distribution (FIT_P)              : 0.00654582

Final set of parameters            Asymptotic Standard Error
=======================            ==========================
y0              = -7868.1          +/- 3.532e+06    (4.488e+04%)
A               = 4.27701e+07      +/- 2.76e+10     (6.452e+04%)
w               = 4150.95          +/- 8.962e+05    (2.159e+04%)
xc              = 666.991          +/- 35.89        (5.381%)

correlation matrix of the fit parameters:
                y0     A      w      xc     
y0              1.000 
A              -1.000  1.000 
w              -1.000  1.000  1.000 
xc              0.253 -0.253 -0.254  1.000 


*******************************************************************************
Tue Dec 20 17:39:46 2016


FIT:    data read from '1728-34_DNu_Nu1.dat' using 1:2:($3-$4)/2.0 yerrors
        format = x:z:s
        x range restricted to [500.000 : 950.000]
        #datapoints = 8
function used for fitting: f(x)
	f(x)=y0+2*A/pi*w/(4*(x-xc)**2+w**2)
fitted parameters initialized with current variable values

iter      chisq       delta/lim  lambda   y0            A             w             xc           
   0 1.4294232362e+01   0.00e+00  1.84e+03   -9.878378e+03   1.051938e+08   6.545292e+03   6.669885e+02
   2 1.4263573373e+01  -1.93e-01  1.84e+01   -9.878474e+03   1.051928e+08   6.545357e+03   6.669884e+02

After 2 iterations the fit converged.
final sum of squares of residuals : 14.2636
rel. change during last iteration : -1.93265e-06

degrees of freedom    (FIT_NDF)                        : 4
rms of residuals      (FIT_STDFIT) = sqrt(WSSR/ndf)    : 1.88836
variance of residuals (reduced chisquare) = WSSR/ndf   : 3.56589
p-value of the Chisq distribution (FIT_P)              : 0.00649966

Final set of parameters            Asymptotic Standard Error
=======================            ==========================
y0              = -9878.47         +/- 2.743e+06    (2.776e+04%)
A               = 1.05193e+08      +/- 4.238e+10    (4.029e+04%)
w               = 6545.36          +/- 8.832e+05    (1.349e+04%)
xc              = 666.988          +/- 35.89        (5.381%)

correlation matrix of the fit parameters:
                y0     A      w      xc     
y0              1.000 
A              -1.000  1.000 
w              -1.000  1.000  1.000 
xc              0.253 -0.253 -0.254  1.000 


*******************************************************************************
Tue Dec 20 17:39:48 2016


FIT:    data read from '1728-34_DNu_Nu1.dat' using 1:2:($3-$4)/2.0 yerrors
        format = x:z:s
        x range restricted to [500.000 : 950.000]
        #datapoints = 8
function used for fitting: f(x)
	f(x)=y0+sqrt(2/pi)*A1/w1*exp(-2*(x-xc1)**2/w1**2)+sqrt(2/pi)*A2/w2*exp(-2*(x-xc2)**2/w2**2)
fitted parameters initialized with current variable values

iter      chisq       delta/lim  lambda   y0            A1            w1            xc1           A2            w2            xc2          
   0 1.2488177024e+00   0.00e+00  7.08e+02   -4.923613e+03   1.855371e+07   2.805307e+03   6.501312e+02   3.843596e+03   6.731730e+01   8.225521e+02
   2 1.2468601835e+00  -4.74e-02  7.08e+00   -4.923637e+03   1.855363e+07   2.805321e+03   6.501307e+02   3.843595e+03   6.731731e+01   8.225520e+02

After 2 iterations the fit converged.
final sum of squares of residuals : 1.24686
rel. change during last iteration : -4.74327e-07

degrees of freedom    (FIT_NDF)                        : 1
rms of residuals      (FIT_STDFIT) = sqrt(WSSR/ndf)    : 1.11663
variance of residuals (reduced chisquare) = WSSR/ndf   : 1.24686
p-value of the Chisq distribution (FIT_P)              : 0.264153

Final set of parameters            Asymptotic Standard Error
=======================            ==========================
y0              = -4923.64         +/- 9.899e+05    (2.011e+04%)
A1              = 1.85536e+07      +/- 5.239e+09    (2.824e+04%)
w1              = 2805.32          +/- 2.662e+05    (9488%)
xc1             = 650.131          +/- 22.18        (3.412%)
A2              = 3843.6           +/- 4769         (124.1%)
w2              = 67.3173          +/- 55.19        (81.99%)
xc2             = 822.552          +/- 10.27        (1.249%)

correlation matrix of the fit parameters:
                y0     A1     w1     xc1    A2     w2     xc2    
y0              1.000 
A1             -1.000  1.000 
w1             -1.000  1.000  1.000 
xc1             0.136 -0.136 -0.136  1.000 
A2              0.920 -0.920 -0.920 -0.043  1.000 
w2              0.830 -0.831 -0.831 -0.159  0.930  1.000 
xc2             0.344 -0.344 -0.345  0.016  0.526  0.598  1.000 


*******************************************************************************
Tue Dec 20 17:39:51 2016


FIT:    data read from '1728-34_DNu_Nu1.dat' using 1:2:($3-$4)/2.0 yerrors
        format = x:z:s
        x range restricted to [500.000 : 950.000]
        #datapoints = 8
function used for fitting: f(x)
	f(x)=y0+2*A1/pi*w1/(4*(x-xc1)**2+w1**2)+2*A2/pi*w2/(4*(x-xc2)**2+w2**2)
fitted parameters initialized with current variable values

iter      chisq       delta/lim  lambda   y0            A1            w1            xc1           A2            w2            xc2          
   0 1.0652000384e+00   0.00e+00  7.56e+02   -5.271794e+03   3.693768e+07   4.181966e+03   6.385443e+02   6.987786e+03   5.067731e+01   8.226819e+02
   2 1.0559051305e+00  -2.65e-01  7.56e+00   -5.271846e+03   3.693732e+07   4.182007e+03   6.385433e+02   6.987784e+03   5.067731e+01   8.226816e+02

After 2 iterations the fit converged.
final sum of squares of residuals : 1.05591
rel. change during last iteration : -2.65376e-06

degrees of freedom    (FIT_NDF)                        : 1
rms of residuals      (FIT_STDFIT) = sqrt(WSSR/ndf)    : 1.02757
variance of residuals (reduced chisquare) = WSSR/ndf   : 1.05591
p-value of the Chisq distribution (FIT_P)              : 0.304151

Final set of parameters            Asymptotic Standard Error
=======================            ==========================
y0              = -5271.85         +/- 7.078e+05    (1.343e+04%)
A1              = 3.69373e+07      +/- 7.018e+09    (1.9e+04%)
w1              = 4182.01          +/- 2.684e+05    (6418%)
xc1             = 638.543          +/- 40.15        (6.288%)
A2              = 6987.78          +/- 6648         (95.14%)
w2              = 50.6773          +/- 245.3        (484%)
xc2             = 822.682          +/- 6.21         (0.7549%)

correlation matrix of the fit parameters:
                y0     A1     w1     xc1    A2     w2     xc2    
y0              1.000 
A1             -1.000  1.000 
w1             -1.000  1.000  1.000 
xc1            -0.518  0.517  0.517  1.000 
A2              0.953 -0.953 -0.953 -0.558  1.000 
w2              0.923 -0.923 -0.923 -0.743  0.895  1.000 
xc2             0.611 -0.612 -0.612 -0.476  0.633  0.710  1.000 


*******************************************************************************
Tue Dec 20 17:40:01 2016


FIT:    data read from '1728-34_DNu_Nu1.dat' using 1:2:($3-$4)/2.0 yerrors
        format = x:z:s
        x range restricted to [500.000 : 950.000]
        #datapoints = 8
function used for fitting: f(x)
	f(x)=y0+A*sqrt(2/pi)/w*exp(-2*((x-xc)/w)**2)
fitted parameters initialized with current variable values

iter      chisq       delta/lim  lambda   y0            A             w             xc           
   0 1.4252160764e+01   0.00e+00  1.47e+03   -7.868063e+03   4.277025e+07   4.150925e+03   6.669911e+02
   2 1.4247431354e+01  -2.99e-02  1.47e+01   -7.868101e+03   4.277006e+07   4.150945e+03   6.669911e+02

After 2 iterations the fit converged.
final sum of squares of residuals : 14.2474
rel. change during last iteration : -2.98631e-07

degrees of freedom    (FIT_NDF)                        : 4
rms of residuals      (FIT_STDFIT) = sqrt(WSSR/ndf)    : 1.88729
variance of residuals (reduced chisquare) = WSSR/ndf   : 3.56186
p-value of the Chisq distribution (FIT_P)              : 0.00654582

Final set of parameters            Asymptotic Standard Error
=======================            ==========================
y0              = -7868.1          +/- 3.532e+06    (4.488e+04%)
A               = 4.27701e+07      +/- 2.76e+10     (6.452e+04%)
w               = 4150.95          +/- 8.962e+05    (2.159e+04%)
xc              = 666.991          +/- 35.89        (5.381%)

correlation matrix of the fit parameters:
                y0     A      w      xc     
y0              1.000 
A              -1.000  1.000 
w              -1.000  1.000  1.000 
xc              0.253 -0.253 -0.254  1.000 


*******************************************************************************
Tue Dec 20 17:40:03 2016


FIT:    data read from '1728-34_DNu_Nu1.dat' using 1:2:($3-$4)/2.0 yerrors
        format = x:z:s
        x range restricted to [500.000 : 950.000]
        #datapoints = 8
function used for fitting: f(x)
	f(x)=y0+2*A/pi*w/(4*(x-xc)**2+w**2)
fitted parameters initialized with current variable values

iter      chisq       delta/lim  lambda   y0            A             w             xc           
   0 1.4294232362e+01   0.00e+00  1.84e+03   -9.878378e+03   1.051938e+08   6.545292e+03   6.669885e+02
   2 1.4263573373e+01  -1.93e-01  1.84e+01   -9.878474e+03   1.051928e+08   6.545357e+03   6.669884e+02

After 2 iterations the fit converged.
final sum of squares of residuals : 14.2636
rel. change during last iteration : -1.93265e-06

degrees of freedom    (FIT_NDF)                        : 4
rms of residuals      (FIT_STDFIT) = sqrt(WSSR/ndf)    : 1.88836
variance of residuals (reduced chisquare) = WSSR/ndf   : 3.56589
p-value of the Chisq distribution (FIT_P)              : 0.00649966

Final set of parameters            Asymptotic Standard Error
=======================            ==========================
y0              = -9878.47         +/- 2.743e+06    (2.776e+04%)
A               = 1.05193e+08      +/- 4.238e+10    (4.029e+04%)
w               = 6545.36          +/- 8.832e+05    (1.349e+04%)
xc              = 666.988          +/- 35.89        (5.381%)

correlation matrix of the fit parameters:
                y0     A      w      xc     
y0              1.000 
A              -1.000  1.000 
w              -1.000  1.000  1.000 
xc              0.253 -0.253 -0.254  1.000 


*******************************************************************************
Tue Dec 20 17:40:05 2016


FIT:    data read from '1728-34_DNu_Nu1.dat' using 1:2:($3-$4)/2.0 yerrors
        format = x:z:s
        x range restricted to [500.000 : 950.000]
        #datapoints = 8
function used for fitting: f(x)
	f(x)=y0+sqrt(2/pi)*A1/w1*exp(-2*(x-xc1)**2/w1**2)+sqrt(2/pi)*A2/w2*exp(-2*(x-xc2)**2/w2**2)
fitted parameters initialized with current variable values

iter      chisq       delta/lim  lambda   y0            A1            w1            xc1           A2            w2            xc2          
   0 1.2488177024e+00   0.00e+00  7.08e+02   -4.923613e+03   1.855371e+07   2.805307e+03   6.501312e+02   3.843596e+03   6.731730e+01   8.225521e+02
   2 1.2468601835e+00  -4.74e-02  7.08e+00   -4.923637e+03   1.855363e+07   2.805321e+03   6.501307e+02   3.843595e+03   6.731731e+01   8.225520e+02

After 2 iterations the fit converged.
final sum of squares of residuals : 1.24686
rel. change during last iteration : -4.74327e-07

degrees of freedom    (FIT_NDF)                        : 1
rms of residuals      (FIT_STDFIT) = sqrt(WSSR/ndf)    : 1.11663
variance of residuals (reduced chisquare) = WSSR/ndf   : 1.24686
p-value of the Chisq distribution (FIT_P)              : 0.264153

Final set of parameters            Asymptotic Standard Error
=======================            ==========================
y0              = -4923.64         +/- 9.899e+05    (2.011e+04%)
A1              = 1.85536e+07      +/- 5.239e+09    (2.824e+04%)
w1              = 2805.32          +/- 2.662e+05    (9488%)
xc1             = 650.131          +/- 22.18        (3.412%)
A2              = 3843.6           +/- 4769         (124.1%)
w2              = 67.3173          +/- 55.19        (81.99%)
xc2             = 822.552          +/- 10.27        (1.249%)

correlation matrix of the fit parameters:
                y0     A1     w1     xc1    A2     w2     xc2    
y0              1.000 
A1             -1.000  1.000 
w1             -1.000  1.000  1.000 
xc1             0.136 -0.136 -0.136  1.000 
A2              0.920 -0.920 -0.920 -0.043  1.000 
w2              0.830 -0.831 -0.831 -0.159  0.930  1.000 
xc2             0.344 -0.344 -0.345  0.016  0.526  0.598  1.000 


*******************************************************************************
Tue Dec 20 17:40:08 2016


FIT:    data read from '1728-34_DNu_Nu1.dat' using 1:2:($3-$4)/2.0 yerrors
        format = x:z:s
        x range restricted to [500.000 : 950.000]
        #datapoints = 8
function used for fitting: f(x)
	f(x)=y0+2*A1/pi*w1/(4*(x-xc1)**2+w1**2)+2*A2/pi*w2/(4*(x-xc2)**2+w2**2)
fitted parameters initialized with current variable values

iter      chisq       delta/lim  lambda   y0            A1            w1            xc1           A2            w2            xc2          
   0 1.0652000384e+00   0.00e+00  7.56e+02   -5.271794e+03   3.693768e+07   4.181966e+03   6.385443e+02   6.987786e+03   5.067731e+01   8.226819e+02
   2 1.0559051305e+00  -2.65e-01  7.56e+00   -5.271846e+03   3.693732e+07   4.182007e+03   6.385433e+02   6.987784e+03   5.067731e+01   8.226816e+02

After 2 iterations the fit converged.
final sum of squares of residuals : 1.05591
rel. change during last iteration : -2.65376e-06

degrees of freedom    (FIT_NDF)                        : 1
rms of residuals      (FIT_STDFIT) = sqrt(WSSR/ndf)    : 1.02757
variance of residuals (reduced chisquare) = WSSR/ndf   : 1.05591
p-value of the Chisq distribution (FIT_P)              : 0.304151

Final set of parameters            Asymptotic Standard Error
=======================            ==========================
y0              = -5271.85         +/- 7.078e+05    (1.343e+04%)
A1              = 3.69373e+07      +/- 7.018e+09    (1.9e+04%)
w1              = 4182.01          +/- 2.684e+05    (6418%)
xc1             = 638.543          +/- 40.15        (6.288%)
A2              = 6987.78          +/- 6648         (95.14%)
w2              = 50.6773          +/- 245.3        (484%)
xc2             = 822.682          +/- 6.21         (0.7549%)

correlation matrix of the fit parameters:
                y0     A1     w1     xc1    A2     w2     xc2    
y0              1.000 
A1             -1.000  1.000 
w1             -1.000  1.000  1.000 
xc1            -0.518  0.517  0.517  1.000 
A2              0.953 -0.953 -0.953 -0.558  1.000 
w2              0.923 -0.923 -0.923 -0.743  0.895  1.000 
xc2             0.611 -0.612 -0.612 -0.476  0.633  0.710  1.000 


*******************************************************************************
Tue Dec 20 17:45:24 2016


FIT:    data read from '1728-34_DNu_Nu1.dat' using 1:2:($3-$4)/2.0 yerrors
        format = x:z:s
        x range restricted to [500.000 : 950.000]
        #datapoints = 8
function used for fitting: f(x)
	f(x)=y0+A*sqrt(2/pi)/w*exp(-2*((x-xc)/w)**2)
fitted parameters initialized with current variable values

iter      chisq       delta/lim  lambda   y0            A             w             xc           
   0 1.4252160764e+01   0.00e+00  1.47e+03   -7.868063e+03   4.277025e+07   4.150925e+03   6.669911e+02
   2 1.4247431354e+01  -2.99e-02  1.47e+01   -7.868101e+03   4.277006e+07   4.150945e+03   6.669911e+02

After 2 iterations the fit converged.
final sum of squares of residuals : 14.2474
rel. change during last iteration : -2.98631e-07

degrees of freedom    (FIT_NDF)                        : 4
rms of residuals      (FIT_STDFIT) = sqrt(WSSR/ndf)    : 1.88729
variance of residuals (reduced chisquare) = WSSR/ndf   : 3.56186
p-value of the Chisq distribution (FIT_P)              : 0.00654582

Final set of parameters            Asymptotic Standard Error
=======================            ==========================
y0              = -7868.1          +/- 3.532e+06    (4.488e+04%)
A               = 4.27701e+07      +/- 2.76e+10     (6.452e+04%)
w               = 4150.95          +/- 8.962e+05    (2.159e+04%)
xc              = 666.991          +/- 35.89        (5.381%)

correlation matrix of the fit parameters:
                y0     A      w      xc     
y0              1.000 
A              -1.000  1.000 
w              -1.000  1.000  1.000 
xc              0.253 -0.253 -0.254  1.000 


*******************************************************************************
Tue Dec 20 17:45:26 2016


FIT:    data read from '1728-34_DNu_Nu1.dat' using 1:2:($3-$4)/2.0 yerrors
        format = x:z:s
        x range restricted to [500.000 : 950.000]
        #datapoints = 8
function used for fitting: f(x)
	f(x)=y0+2*A/pi*w/(4*(x-xc)**2+w**2)
fitted parameters initialized with current variable values

iter      chisq       delta/lim  lambda   y0            A             w             xc           
   0 1.4294232362e+01   0.00e+00  1.84e+03   -9.878378e+03   1.051938e+08   6.545292e+03   6.669885e+02
   2 1.4263573373e+01  -1.93e-01  1.84e+01   -9.878474e+03   1.051928e+08   6.545357e+03   6.669884e+02

After 2 iterations the fit converged.
final sum of squares of residuals : 14.2636
rel. change during last iteration : -1.93265e-06

degrees of freedom    (FIT_NDF)                        : 4
rms of residuals      (FIT_STDFIT) = sqrt(WSSR/ndf)    : 1.88836
variance of residuals (reduced chisquare) = WSSR/ndf   : 3.56589
p-value of the Chisq distribution (FIT_P)              : 0.00649966

Final set of parameters            Asymptotic Standard Error
=======================            ==========================
y0              = -9878.47         +/- 2.743e+06    (2.776e+04%)
A               = 1.05193e+08      +/- 4.238e+10    (4.029e+04%)
w               = 6545.36          +/- 8.832e+05    (1.349e+04%)
xc              = 666.988          +/- 35.89        (5.381%)

correlation matrix of the fit parameters:
                y0     A      w      xc     
y0              1.000 
A              -1.000  1.000 
w              -1.000  1.000  1.000 
xc              0.253 -0.253 -0.254  1.000 


*******************************************************************************
Tue Dec 20 17:45:28 2016


FIT:    data read from '1728-34_DNu_Nu1.dat' using 1:2:($3-$4)/2.0 yerrors
        format = x:z:s
        x range restricted to [500.000 : 950.000]
        #datapoints = 8
function used for fitting: f(x)
	f(x)=y0+sqrt(2/pi)*A1/w1*exp(-2*(x-xc1)**2/w1**2)+sqrt(2/pi)*A2/w2*exp(-2*(x-xc2)**2/w2**2)
fitted parameters initialized with current variable values

iter      chisq       delta/lim  lambda   y0            A1            w1            xc1           A2            w2            xc2          
   0 1.2488177024e+00   0.00e+00  7.08e+02   -4.923613e+03   1.855371e+07   2.805307e+03   6.501312e+02   3.843596e+03   6.731730e+01   8.225521e+02
   2 1.2468601835e+00  -4.74e-02  7.08e+00   -4.923637e+03   1.855363e+07   2.805321e+03   6.501307e+02   3.843595e+03   6.731731e+01   8.225520e+02

After 2 iterations the fit converged.
final sum of squares of residuals : 1.24686
rel. change during last iteration : -4.74327e-07

degrees of freedom    (FIT_NDF)                        : 1
rms of residuals      (FIT_STDFIT) = sqrt(WSSR/ndf)    : 1.11663
variance of residuals (reduced chisquare) = WSSR/ndf   : 1.24686
p-value of the Chisq distribution (FIT_P)              : 0.264153

Final set of parameters            Asymptotic Standard Error
=======================            ==========================
y0              = -4923.64         +/- 9.899e+05    (2.011e+04%)
A1              = 1.85536e+07      +/- 5.239e+09    (2.824e+04%)
w1              = 2805.32          +/- 2.662e+05    (9488%)
xc1             = 650.131          +/- 22.18        (3.412%)
A2              = 3843.6           +/- 4769         (124.1%)
w2              = 67.3173          +/- 55.19        (81.99%)
xc2             = 822.552          +/- 10.27        (1.249%)

correlation matrix of the fit parameters:
                y0     A1     w1     xc1    A2     w2     xc2    
y0              1.000 
A1             -1.000  1.000 
w1             -1.000  1.000  1.000 
xc1             0.136 -0.136 -0.136  1.000 
A2              0.920 -0.920 -0.920 -0.043  1.000 
w2              0.830 -0.831 -0.831 -0.159  0.930  1.000 
xc2             0.344 -0.344 -0.345  0.016  0.526  0.598  1.000 


*******************************************************************************
Tue Dec 20 17:45:31 2016


FIT:    data read from '1728-34_DNu_Nu1.dat' using 1:2:($3-$4)/2.0 yerrors
        format = x:z:s
        x range restricted to [500.000 : 950.000]
        #datapoints = 8
function used for fitting: f(x)
	f(x)=y0+2*A1/pi*w1/(4*(x-xc1)**2+w1**2)+2*A2/pi*w2/(4*(x-xc2)**2+w2**2)
fitted parameters initialized with current variable values

iter      chisq       delta/lim  lambda   y0            A1            w1            xc1           A2            w2            xc2          
   0 1.0652000384e+00   0.00e+00  7.56e+02   -5.271794e+03   3.693768e+07   4.181966e+03   6.385443e+02   6.987786e+03   5.067731e+01   8.226819e+02
   2 1.0559051305e+00  -2.65e-01  7.56e+00   -5.271846e+03   3.693732e+07   4.182007e+03   6.385433e+02   6.987784e+03   5.067731e+01   8.226816e+02

After 2 iterations the fit converged.
final sum of squares of residuals : 1.05591
rel. change during last iteration : -2.65376e-06

degrees of freedom    (FIT_NDF)                        : 1
rms of residuals      (FIT_STDFIT) = sqrt(WSSR/ndf)    : 1.02757
variance of residuals (reduced chisquare) = WSSR/ndf   : 1.05591
p-value of the Chisq distribution (FIT_P)              : 0.304151

Final set of parameters            Asymptotic Standard Error
=======================            ==========================
y0              = -5271.85         +/- 7.078e+05    (1.343e+04%)
A1              = 3.69373e+07      +/- 7.018e+09    (1.9e+04%)
w1              = 4182.01          +/- 2.684e+05    (6418%)
xc1             = 638.543          +/- 40.15        (6.288%)
A2              = 6987.78          +/- 6648         (95.14%)
w2              = 50.6773          +/- 245.3        (484%)
xc2             = 822.682          +/- 6.21         (0.7549%)

correlation matrix of the fit parameters:
                y0     A1     w1     xc1    A2     w2     xc2    
y0              1.000 
A1             -1.000  1.000 
w1             -1.000  1.000  1.000 
xc1            -0.518  0.517  0.517  1.000 
A2              0.953 -0.953 -0.953 -0.558  1.000 
w2              0.923 -0.923 -0.923 -0.743  0.895  1.000 
xc2             0.611 -0.612 -0.612 -0.476  0.633  0.710  1.000 


*******************************************************************************
Tue May 23 16:35:50 2017


FIT:    data read from '1728-34_DNu_Nu1.dat' using 1:2:($3-$4)/2.0 yerrors
        format = x:z:s
        x range restricted to [500.000 : 950.000]
        #datapoints = 8
function used for fitting: f(x)
	f(x)=y0+A*sqrt(2/pi)/w*exp(-2*((x-xc)/w)**2)
fitted parameters initialized with current variable values

iter      chisq       delta/lim  lambda   y0            A             w             xc           
   0 1.4252160764e+01   0.00e+00  1.47e+03   -7.868063e+03   4.277025e+07   4.150925e+03   6.669911e+02
   2 1.4247431354e+01  -2.99e-02  1.47e+01   -7.868101e+03   4.277006e+07   4.150945e+03   6.669911e+02

After 2 iterations the fit converged.
final sum of squares of residuals : 14.2474
rel. change during last iteration : -2.98631e-07

degrees of freedom    (FIT_NDF)                        : 4
rms of residuals      (FIT_STDFIT) = sqrt(WSSR/ndf)    : 1.88729
variance of residuals (reduced chisquare) = WSSR/ndf   : 3.56186
p-value of the Chisq distribution (FIT_P)              : 0.00654582

Final set of parameters            Asymptotic Standard Error
=======================            ==========================
y0              = -7868.1          +/- 3.532e+06    (4.488e+04%)
A               = 4.27701e+07      +/- 2.76e+10     (6.452e+04%)
w               = 4150.95          +/- 8.962e+05    (2.159e+04%)
xc              = 666.991          +/- 35.89        (5.381%)

correlation matrix of the fit parameters:
                y0     A      w      xc     
y0              1.000 
A              -1.000  1.000 
w              -1.000  1.000  1.000 
xc              0.253 -0.253 -0.254  1.000 


*******************************************************************************
Tue May 23 16:35:51 2017


FIT:    data read from '1728-34_DNu_Nu1.dat' using 1:2:($3-$4)/2.0 yerrors
        format = x:z:s
        x range restricted to [500.000 : 950.000]
        #datapoints = 8
function used for fitting: f(x)
	f(x)=y0+2*A/pi*w/(4*(x-xc)**2+w**2)
fitted parameters initialized with current variable values

iter      chisq       delta/lim  lambda   y0            A             w             xc           
   0 1.4294232362e+01   0.00e+00  1.84e+03   -9.878378e+03   1.051938e+08   6.545292e+03   6.669885e+02
   2 1.4263573373e+01  -1.93e-01  1.84e+01   -9.878474e+03   1.051928e+08   6.545357e+03   6.669884e+02

After 2 iterations the fit converged.
final sum of squares of residuals : 14.2636
rel. change during last iteration : -1.93265e-06

degrees of freedom    (FIT_NDF)                        : 4
rms of residuals      (FIT_STDFIT) = sqrt(WSSR/ndf)    : 1.88836
variance of residuals (reduced chisquare) = WSSR/ndf   : 3.56589
p-value of the Chisq distribution (FIT_P)              : 0.00649966

Final set of parameters            Asymptotic Standard Error
=======================            ==========================
y0              = -9878.47         +/- 2.743e+06    (2.776e+04%)
A               = 1.05193e+08      +/- 4.238e+10    (4.029e+04%)
w               = 6545.36          +/- 8.832e+05    (1.349e+04%)
xc              = 666.988          +/- 35.89        (5.381%)

correlation matrix of the fit parameters:
                y0     A      w      xc     
y0              1.000 
A              -1.000  1.000 
w              -1.000  1.000  1.000 
xc              0.253 -0.253 -0.254  1.000 


*******************************************************************************
Tue May 23 16:35:51 2017


FIT:    data read from '1728-34_DNu_Nu1.dat' using 1:2:($3-$4)/2.0 yerrors
        format = x:z:s
        x range restricted to [500.000 : 950.000]
        #datapoints = 8
function used for fitting: f(x)
	f(x)=y0+sqrt(2/pi)*A1/w1*exp(-2*(x-xc1)**2/w1**2)+sqrt(2/pi)*A2/w2*exp(-2*(x-xc2)**2/w2**2)
fitted parameters initialized with current variable values

iter      chisq       delta/lim  lambda   y0            A1            w1            xc1           A2            w2            xc2          
   0 1.2488177024e+00   0.00e+00  7.08e+02   -4.923613e+03   1.855371e+07   2.805307e+03   6.501312e+02   3.843596e+03   6.731730e+01   8.225521e+02
   2 1.2468601835e+00  -4.74e-02  7.08e+00   -4.923637e+03   1.855363e+07   2.805321e+03   6.501307e+02   3.843595e+03   6.731731e+01   8.225520e+02

After 2 iterations the fit converged.
final sum of squares of residuals : 1.24686
rel. change during last iteration : -4.74327e-07

degrees of freedom    (FIT_NDF)                        : 1
rms of residuals      (FIT_STDFIT) = sqrt(WSSR/ndf)    : 1.11663
variance of residuals (reduced chisquare) = WSSR/ndf   : 1.24686
p-value of the Chisq distribution (FIT_P)              : 0.264153

Final set of parameters            Asymptotic Standard Error
=======================            ==========================
y0              = -4923.64         +/- 9.899e+05    (2.011e+04%)
A1              = 1.85536e+07      +/- 5.239e+09    (2.824e+04%)
w1              = 2805.32          +/- 2.662e+05    (9488%)
xc1             = 650.131          +/- 22.18        (3.412%)
A2              = 3843.6           +/- 4769         (124.1%)
w2              = 67.3173          +/- 55.19        (81.99%)
xc2             = 822.552          +/- 10.27        (1.249%)

correlation matrix of the fit parameters:
                y0     A1     w1     xc1    A2     w2     xc2    
y0              1.000 
A1             -1.000  1.000 
w1             -1.000  1.000  1.000 
xc1             0.136 -0.136 -0.136  1.000 
A2              0.920 -0.920 -0.920 -0.043  1.000 
w2              0.830 -0.831 -0.831 -0.159  0.930  1.000 
xc2             0.344 -0.344 -0.345  0.016  0.526  0.598  1.000 


*******************************************************************************
Tue May 23 16:35:52 2017


FIT:    data read from '1728-34_DNu_Nu1.dat' using 1:2:($3-$4)/2.0 yerrors
        format = x:z:s
        x range restricted to [500.000 : 950.000]
        #datapoints = 8
function used for fitting: f(x)
	f(x)=y0+2*A1/pi*w1/(4*(x-xc1)**2+w1**2)+2*A2/pi*w2/(4*(x-xc2)**2+w2**2)
fitted parameters initialized with current variable values

iter      chisq       delta/lim  lambda   y0            A1            w1            xc1           A2            w2            xc2          
   0 1.0652000384e+00   0.00e+00  7.56e+02   -5.271794e+03   3.693768e+07   4.181966e+03   6.385443e+02   6.987786e+03   5.067731e+01   8.226819e+02
   2 1.0559051305e+00  -2.65e-01  7.56e+00   -5.271846e+03   3.693732e+07   4.182007e+03   6.385433e+02   6.987784e+03   5.067731e+01   8.226816e+02

After 2 iterations the fit converged.
final sum of squares of residuals : 1.05591
rel. change during last iteration : -2.65376e-06

degrees of freedom    (FIT_NDF)                        : 1
rms of residuals      (FIT_STDFIT) = sqrt(WSSR/ndf)    : 1.02757
variance of residuals (reduced chisquare) = WSSR/ndf   : 1.05591
p-value of the Chisq distribution (FIT_P)              : 0.304151

Final set of parameters            Asymptotic Standard Error
=======================            ==========================
y0              = -5271.85         +/- 7.078e+05    (1.343e+04%)
A1              = 3.69373e+07      +/- 7.018e+09    (1.9e+04%)
w1              = 4182.01          +/- 2.684e+05    (6418%)
xc1             = 638.543          +/- 40.15        (6.288%)
A2              = 6987.78          +/- 6648         (95.14%)
w2              = 50.6773          +/- 245.3        (484%)
xc2             = 822.682          +/- 6.21         (0.7549%)

correlation matrix of the fit parameters:
                y0     A1     w1     xc1    A2     w2     xc2    
y0              1.000 
A1             -1.000  1.000 
w1             -1.000  1.000  1.000 
xc1            -0.518  0.517  0.517  1.000 
A2              0.953 -0.953 -0.953 -0.558  1.000 
w2              0.923 -0.923 -0.923 -0.743  0.895  1.000 
xc2             0.611 -0.612 -0.612 -0.476  0.633  0.710  1.000 
